<?xml version="1.0" encoding="UTF-8"?>
<coverage generated="1764012436540" clover="3.2.0">
  <project timestamp="1764012436540" name="All files">
    <metrics statements="99" coveredstatements="52" conditionals="46" coveredconditionals="13" methods="21" coveredmethods="7" elements="166" coveredelements="72" complexity="0" loc="99" ncloc="99" packages="2" files="4" classes="4"/>
    <package name="modules.chats">
      <metrics statements="84" coveredstatements="51" conditionals="34" coveredconditionals="13" methods="13" coveredmethods="7"/>
      <file name="chat.model.js" path="D:\src\Nodejs\BookingHomestay\homestay-booking\homestay-booking\backend\src\modules\chats\chat.model.js">
        <metrics statements="7" coveredstatements="7" conditionals="0" coveredconditionals="0" methods="0" coveredmethods="0"/>
        <line num="1" count="1" type="stmt"/>
        <line num="3" count="1" type="stmt"/>
        <line num="54" count="1" type="stmt"/>
        <line num="55" count="1" type="stmt"/>
        <line num="56" count="1" type="stmt"/>
        <line num="58" count="1" type="stmt"/>
        <line num="60" count="1" type="stmt"/>
      </file>
      <file name="chat.service.js" path="D:\src\Nodejs\BookingHomestay\homestay-booking\homestay-booking\backend\src\modules\chats\chat.service.js">
        <metrics statements="70" coveredstatements="37" conditionals="34" coveredconditionals="13" methods="13" coveredmethods="7"/>
        <line num="1" count="1" type="stmt"/>
        <line num="2" count="1" type="stmt"/>
        <line num="3" count="1" type="stmt"/>
        <line num="16" count="553" type="stmt"/>
        <line num="17" count="553" type="cond" truecount="1" falsecount="1"/>
        <line num="18" count="0" type="stmt"/>
        <line num="21" count="553" type="stmt"/>
        <line num="34" count="553" type="stmt"/>
        <line num="45" count="130" type="stmt"/>
        <line num="47" count="130" type="stmt"/>
        <line num="57" count="130" type="stmt"/>
        <line num="62" count="130" type="stmt"/>
        <line num="80" count="0" type="stmt"/>
        <line num="84" count="0" type="cond" truecount="0" falsecount="2"/>
        <line num="85" count="0" type="stmt"/>
        <line num="89" count="0" type="stmt"/>
        <line num="90" count="0" type="stmt"/>
        <line num="93" count="0" type="cond" truecount="0" falsecount="2"/>
        <line num="94" count="0" type="stmt"/>
        <line num="97" count="0" type="stmt"/>
        <line num="110" count="0" type="stmt"/>
        <line num="112" count="0" type="stmt"/>
        <line num="113" count="0" type="stmt"/>
        <line num="115" count="0" type="stmt"/>
        <line num="122" count="0" type="stmt"/>
        <line num="124" count="0" type="stmt"/>
        <line num="145" count="2478" type="cond" truecount="3" falsecount="1"/>
        <line num="146" count="0" type="stmt"/>
        <line num="149" count="2478" type="cond" truecount="1" falsecount="1"/>
        <line num="150" count="0" type="stmt"/>
        <line num="154" count="2478" type="stmt"/>
        <line num="155" count="2478" type="cond" truecount="1" falsecount="1"/>
        <line num="156" count="0" type="stmt"/>
        <line num="159" count="2478" type="stmt"/>
        <line num="160" count="4132" type="stmt"/>
        <line num="163" count="2478" type="cond" truecount="1" falsecount="1"/>
        <line num="164" count="0" type="stmt"/>
        <line num="167" count="2478" type="stmt"/>
        <line num="170" count="2478" type="stmt"/>
        <line num="180" count="2478" type="stmt"/>
        <line num="188" count="2478" type="stmt"/>
        <line num="189" count="4956" type="cond" truecount="2" falsecount="0"/>
        <line num="190" count="2478" type="cond" truecount="2" falsecount="0"/>
        <line num="191" count="2478" type="stmt"/>
        <line num="195" count="2478" type="stmt"/>
        <line num="197" count="2478" type="stmt"/>
        <line num="207" count="132" type="stmt"/>
        <line num="208" count="132" type="cond" truecount="1" falsecount="1"/>
        <line num="209" count="0" type="stmt"/>
        <line num="213" count="132" type="stmt"/>
        <line num="214" count="132" type="stmt"/>
        <line num="217" count="132" type="cond" truecount="1" falsecount="1"/>
        <line num="218" count="0" type="stmt"/>
        <line num="222" count="132" type="stmt"/>
        <line num="225" count="132" type="stmt"/>
        <line num="227" count="132" type="stmt"/>
        <line num="229" count="132" type="stmt"/>
        <line num="239" count="0" type="stmt"/>
        <line num="240" count="0" type="cond" truecount="0" falsecount="2"/>
        <line num="241" count="0" type="stmt"/>
        <line num="244" count="0" type="stmt"/>
        <line num="245" count="0" type="stmt"/>
        <line num="248" count="0" type="cond" truecount="0" falsecount="2"/>
        <line num="249" count="0" type="stmt"/>
        <line num="250" count="0" type="stmt"/>
        <line num="253" count="0" type="stmt"/>
        <line num="264" count="0" type="stmt"/>
        <line num="266" count="0" type="stmt"/>
        <line num="278" count="0" type="stmt"/>
        <line num="282" count="1" type="stmt"/>
      </file>
      <file name="message.model.js" path="D:\src\Nodejs\BookingHomestay\homestay-booking\homestay-booking\backend\src\modules\chats\message.model.js">
        <metrics statements="7" coveredstatements="7" conditionals="0" coveredconditionals="0" methods="0" coveredmethods="0"/>
        <line num="1" count="1" type="stmt"/>
        <line num="3" count="1" type="stmt"/>
        <line num="58" count="1" type="stmt"/>
        <line num="59" count="1" type="stmt"/>
        <line num="60" count="1" type="stmt"/>
        <line num="62" count="1" type="stmt"/>
        <line num="64" count="1" type="stmt"/>
      </file>
    </package>
    <package name="utils">
      <metrics statements="15" coveredstatements="1" conditionals="12" coveredconditionals="0" methods="8" coveredmethods="0"/>
      <file name="apiError.js" path="D:\src\Nodejs\BookingHomestay\homestay-booking\homestay-booking\backend\src\utils\apiError.js">
        <metrics statements="15" coveredstatements="1" conditionals="12" coveredconditionals="0" methods="8" coveredmethods="0"/>
        <line num="4" count="0" type="stmt"/>
        <line num="5" count="0" type="stmt"/>
        <line num="6" count="0" type="stmt"/>
        <line num="7" count="0" type="stmt"/>
        <line num="9" count="0" type="cond" truecount="0" falsecount="2"/>
        <line num="10" count="0" type="stmt"/>
        <line num="12" count="0" type="stmt"/>
        <line num="19" count="0" type="stmt"/>
        <line num="25" count="0" type="stmt"/>
        <line num="31" count="0" type="stmt"/>
        <line num="37" count="0" type="stmt"/>
        <line num="43" count="0" type="stmt"/>
        <line num="49" count="0" type="stmt"/>
        <line num="55" count="0" type="stmt"/>
        <line num="59" count="1" type="stmt"/>
      </file>
    </package>
  </project>
</coverage>
