{"D:\\src\\Nodejs\\BookingHomestay\\homestay-booking\\homestay-booking\\backend\\src\\app.js": {"path":"D:\\src\\Nodejs\\BookingHomestay\\homestay-booking\\homestay-booking\\backend\\src\\app.js","statementMap":{"0":{"start":{"line":1,"column":16},"end":{"line":1,"column":34}},"1":{"start":{"line":2,"column":13},"end":{"line":2,"column":28}},"2":{"start":{"line":3,"column":15},"end":{"line":3,"column":32}},"3":{"start":{"line":4,"column":20},"end":{"line":4,"column":42}},"4":{"start":{"line":5,"column":22},"end":{"line":5,"column":55}},"5":{"start":{"line":6,"column":12},"end":{"line":6,"column":26}},"6":{"start":{"line":7,"column":21},"end":{"line":7,"column":45}},"7":{"start":{"line":8,"column":18},"end":{"line":8,"column":47}},"8":{"start":{"line":10,"column":15},"end":{"line":10,"column":34}},"9":{"start":{"line":11,"column":35},"end":{"line":11,"column":76}},"10":{"start":{"line":12,"column":25},"end":{"line":12,"column":67}},"11":{"start":{"line":13,"column":23},"end":{"line":13,"column":68}},"12":{"start":{"line":14,"column":20},"end":{"line":14,"column":47}},"13":{"start":{"line":17,"column":12},"end":{"line":17,"column":21}},"14":{"start":{"line":22,"column":0},"end":{"line":27,"column":2}},"15":{"start":{"line":32,"column":23},"end":{"line":38,"column":17}},"16":{"start":{"line":40,"column":20},"end":{"line":55,"column":1}},"17":{"start":{"line":43,"column":4},"end":{"line":43,"column":45}},"18":{"start":{"line":43,"column":17},"end":{"line":43,"column":45}},"19":{"start":{"line":45,"column":4},"end":{"line":49,"column":5}},"20":{"start":{"line":46,"column":6},"end":{"line":46,"column":27}},"21":{"start":{"line":48,"column":6},"end":{"line":48,"column":27}},"22":{"start":{"line":56,"column":0},"end":{"line":56,"column":27}},"23":{"start":{"line":61,"column":0},"end":{"line":61,"column":41}},"24":{"start":{"line":62,"column":0},"end":{"line":62,"column":63}},"25":{"start":{"line":63,"column":0},"end":{"line":63,"column":24}},"26":{"start":{"line":68,"column":0},"end":{"line":68,"column":25}},"27":{"start":{"line":69,"column":0},"end":{"line":69,"column":15}},"28":{"start":{"line":74,"column":0},"end":{"line":74,"column":23}},"29":{"start":{"line":79,"column":0},"end":{"line":79,"column":26}},"30":{"start":{"line":84,"column":0},"end":{"line":84,"column":29}},"31":{"start":{"line":89,"column":0},"end":{"line":92,"column":4}},"32":{"start":{"line":97,"column":0},"end":{"line":97,"column":27}},"33":{"start":{"line":102,"column":0},"end":{"line":109,"column":3}},"34":{"start":{"line":103,"column":2},"end":{"line":108,"column":5}},"35":{"start":{"line":114,"column":0},"end":{"line":122,"column":3}},"36":{"start":{"line":115,"column":2},"end":{"line":121,"column":5}},"37":{"start":{"line":127,"column":0},"end":{"line":143,"column":3}},"38":{"start":{"line":128,"column":24},"end":{"line":128,"column":68}},"39":{"start":{"line":129,"column":17},"end":{"line":129,"column":42}},"40":{"start":{"line":131,"column":2},"end":{"line":142,"column":5}},"41":{"start":{"line":148,"column":0},"end":{"line":148,"column":18}},"42":{"start":{"line":153,"column":0},"end":{"line":153,"column":22}},"43":{"start":{"line":155,"column":0},"end":{"line":155,"column":21}}},"fnMap":{"0":{"name":"(anonymous_0)","decl":{"start":{"line":41,"column":10},"end":{"line":41,"column":11}},"loc":{"start":{"line":41,"column":38},"end":{"line":50,"column":3}},"line":41},"1":{"name":"(anonymous_1)","decl":{"start":{"line":102,"column":13},"end":{"line":102,"column":14}},"loc":{"start":{"line":102,"column":27},"end":{"line":109,"column":1}},"line":102},"2":{"name":"(anonymous_2)","decl":{"start":{"line":114,"column":19},"end":{"line":114,"column":20}},"loc":{"start":{"line":114,"column":33},"end":{"line":122,"column":1}},"line":114},"3":{"name":"(anonymous_3)","decl":{"start":{"line":127,"column":34},"end":{"line":127,"column":35}},"loc":{"start":{"line":127,"column":48},"end":{"line":143,"column":1}},"line":127}},"branchMap":{"0":{"loc":{"start":{"line":43,"column":4},"end":{"line":43,"column":45}},"type":"if","locations":[{"start":{"line":43,"column":4},"end":{"line":43,"column":45}},{"start":{},"end":{}}],"line":43},"1":{"loc":{"start":{"line":45,"column":4},"end":{"line":49,"column":5}},"type":"if","locations":[{"start":{"line":45,"column":4},"end":{"line":49,"column":5}},{"start":{"line":47,"column":11},"end":{"line":49,"column":5}}],"line":45},"2":{"loc":{"start":{"line":120,"column":17},"end":{"line":120,"column":54}},"type":"binary-expr","locations":[{"start":{"line":120,"column":17},"end":{"line":120,"column":37}},{"start":{"line":120,"column":41},"end":{"line":120,"column":54}}],"line":120}},"s":{"0":1,"1":1,"2":1,"3":1,"4":1,"5":1,"6":1,"7":1,"8":1,"9":1,"10":1,"11":1,"12":1,"13":1,"14":1,"15":1,"16":1,"17":13,"18":13,"19":0,"20":0,"21":0,"22":1,"23":1,"24":1,"25":1,"26":1,"27":1,"28":1,"29":1,"30":1,"31":1,"32":1,"33":1,"34":0,"35":1,"36":0,"37":1,"38":0,"39":0,"40":0,"41":1,"42":1,"43":1},"f":{"0":13,"1":0,"2":0,"3":0},"b":{"0":[13,0],"1":[0,0],"2":[0,0]},"_coverageSchema":"1a1c01bbd47fc00a2c39e90264f33305004495a9","hash":"c5d5c5de763641c95e20163406820cfaa2ee5eed"}
,"D:\\src\\Nodejs\\BookingHomestay\\homestay-booking\\homestay-booking\\backend\\src\\config\\cloudinary.js": {"path":"D:\\src\\Nodejs\\BookingHomestay\\homestay-booking\\homestay-booking\\backend\\src\\config\\cloudinary.js","statementMap":{"0":{"start":{"line":1,"column":19},"end":{"line":1,"column":43}},"1":{"start":{"line":2,"column":15},"end":{"line":2,"column":41}},"2":{"start":{"line":5,"column":0},"end":{"line":9,"column":3}},"3":{"start":{"line":12,"column":23},"end":{"line":28,"column":1}},"4":{"start":{"line":13,"column":24},"end":{"line":15,"column":76}},"5":{"start":{"line":17,"column":2},"end":{"line":20,"column":3}},"6":{"start":{"line":18,"column":4},"end":{"line":18,"column":105}},"7":{"start":{"line":19,"column":4},"end":{"line":19,"column":11}},"8":{"start":{"line":22,"column":2},"end":{"line":27,"column":3}},"9":{"start":{"line":23,"column":4},"end":{"line":23,"column":32}},"10":{"start":{"line":24,"column":4},"end":{"line":24,"column":53}},"11":{"start":{"line":26,"column":4},"end":{"line":26,"column":78}},"12":{"start":{"line":30,"column":0},"end":{"line":32,"column":1}},"13":{"start":{"line":31,"column":2},"end":{"line":31,"column":19}},"14":{"start":{"line":34,"column":0},"end":{"line":34,"column":28}}},"fnMap":{"0":{"name":"(anonymous_0)","decl":{"start":{"line":12,"column":23},"end":{"line":12,"column":24}},"loc":{"start":{"line":12,"column":35},"end":{"line":28,"column":1}},"line":12}},"branchMap":{"0":{"loc":{"start":{"line":13,"column":24},"end":{"line":15,"column":76}},"type":"binary-expr","locations":[{"start":{"line":13,"column":24},"end":{"line":13,"column":76}},{"start":{"line":14,"column":24},"end":{"line":14,"column":73}},{"start":{"line":15,"column":24},"end":{"line":15,"column":76}}],"line":13},"1":{"loc":{"start":{"line":17,"column":2},"end":{"line":20,"column":3}},"type":"if","locations":[{"start":{"line":17,"column":2},"end":{"line":20,"column":3}},{"start":{},"end":{}}],"line":17},"2":{"loc":{"start":{"line":30,"column":0},"end":{"line":32,"column":1}},"type":"if","locations":[{"start":{"line":30,"column":0},"end":{"line":32,"column":1}},{"start":{},"end":{}}],"line":30}},"s":{"0":1,"1":1,"2":1,"3":1,"4":0,"5":0,"6":0,"7":0,"8":0,"9":0,"10":0,"11":0,"12":1,"13":0,"14":1},"f":{"0":0},"b":{"0":[0,0,0],"1":[0,0],"2":[0,1]},"_coverageSchema":"1a1c01bbd47fc00a2c39e90264f33305004495a9","hash":"6476aa7922f8a4aab269c83c3bd983a1b2d435f1"}
,"D:\\src\\Nodejs\\BookingHomestay\\homestay-booking\\homestay-booking\\backend\\src\\config\\constants.js": {"path":"D:\\src\\Nodejs\\BookingHomestay\\homestay-booking\\homestay-booking\\backend\\src\\config\\constants.js","statementMap":{"0":{"start":{"line":1,"column":0},"end":{"line":102,"column":2}}},"fnMap":{},"branchMap":{},"s":{"0":1},"f":{},"b":{},"_coverageSchema":"1a1c01bbd47fc00a2c39e90264f33305004495a9","hash":"910b394becdfd914ea70489287ea9f0542a027d8"}
,"D:\\src\\Nodejs\\BookingHomestay\\homestay-booking\\homestay-booking\\backend\\src\\config\\firebase.js": {"path":"D:\\src\\Nodejs\\BookingHomestay\\homestay-booking\\homestay-booking\\backend\\src\\config\\firebase.js","statementMap":{"0":{"start":{"line":1,"column":14},"end":{"line":1,"column":39}},"1":{"start":{"line":6,"column":0},"end":{"line":8,"column":3}},"2":{"start":{"line":10,"column":0},"end":{"line":10,"column":23}}},"fnMap":{},"branchMap":{"0":{"loc":{"start":{"line":7,"column":13},"end":{"line":7,"column":71}},"type":"binary-expr","locations":[{"start":{"line":7,"column":13},"end":{"line":7,"column":44}},{"start":{"line":7,"column":48},"end":{"line":7,"column":71}}],"line":7}},"s":{"0":1,"1":1,"2":1},"f":{},"b":{"0":[1,1]},"_coverageSchema":"1a1c01bbd47fc00a2c39e90264f33305004495a9","hash":"00a1a818b9c1b42f84a499d5593466e931f40f14"}
,"D:\\src\\Nodejs\\BookingHomestay\\homestay-booking\\homestay-booking\\backend\\src\\config\\swagger.js": {"path":"D:\\src\\Nodejs\\BookingHomestay\\homestay-booking\\homestay-booking\\backend\\src\\config\\swagger.js","statementMap":{"0":{"start":{"line":1,"column":21},"end":{"line":1,"column":45}},"1":{"start":{"line":3,"column":16},"end":{"line":232,"column":1}},"2":{"start":{"line":234,"column":20},"end":{"line":234,"column":41}},"3":{"start":{"line":236,"column":0},"end":{"line":236,"column":29}}},"fnMap":{},"branchMap":{},"s":{"0":1,"1":1,"2":1,"3":1},"f":{},"b":{},"_coverageSchema":"1a1c01bbd47fc00a2c39e90264f33305004495a9","hash":"f923b7c233bf7ffb8ef66cbb8092ef6a24d8e20d"}
,"D:\\src\\Nodejs\\BookingHomestay\\homestay-booking\\homestay-booking\\backend\\src\\controllers\\payment.controller.js": {"path":"D:\\src\\Nodejs\\BookingHomestay\\homestay-booking\\homestay-booking\\backend\\src\\controllers\\payment.controller.js","statementMap":{"0":{"start":{"line":1,"column":23},"end":{"line":1,"column":61}},"1":{"start":{"line":28,"column":4},"end":{"line":28,"column":49}},"2":{"start":{"line":32,"column":0},"end":{"line":32,"column":41}}},"fnMap":{"0":{"name":"(anonymous_0)","decl":{"start":{"line":27,"column":2},"end":{"line":27,"column":3}},"loc":{"start":{"line":27,"column":37},"end":{"line":29,"column":3}},"line":27}},"branchMap":{},"s":{"0":1,"1":0,"2":1},"f":{"0":0},"b":{},"_coverageSchema":"1a1c01bbd47fc00a2c39e90264f33305004495a9","hash":"595e8d24af0d717b73da2fdf23d8581ad4f59468"}
,"D:\\src\\Nodejs\\BookingHomestay\\homestay-booking\\homestay-booking\\backend\\src\\middlewares\\auth.middleware.js": {"path":"D:\\src\\Nodejs\\BookingHomestay\\homestay-booking\\homestay-booking\\backend\\src\\middlewares\\auth.middleware.js","statementMap":{"0":{"start":{"line":1,"column":30},"end":{"line":1,"column":58}},"1":{"start":{"line":2,"column":30},"end":{"line":2,"column":58}},"2":{"start":{"line":3,"column":19},"end":{"line":3,"column":49}},"3":{"start":{"line":4,"column":13},"end":{"line":4,"column":51}},"4":{"start":{"line":9,"column":21},"end":{"line":44,"column":2}},"5":{"start":{"line":11,"column":21},"end":{"line":11,"column":46}},"6":{"start":{"line":13,"column":2},"end":{"line":15,"column":3}},"7":{"start":{"line":14,"column":4},"end":{"line":14,"column":69}},"8":{"start":{"line":17,"column":16},"end":{"line":17,"column":40}},"9":{"start":{"line":19,"column":2},"end":{"line":43,"column":3}},"10":{"start":{"line":21,"column":20},"end":{"line":21,"column":44}},"11":{"start":{"line":24,"column":17},"end":{"line":24,"column":72}},"12":{"start":{"line":26,"column":4},"end":{"line":28,"column":5}},"13":{"start":{"line":27,"column":6},"end":{"line":27,"column":74}},"14":{"start":{"line":31,"column":4},"end":{"line":33,"column":5}},"15":{"start":{"line":32,"column":6},"end":{"line":32,"column":70}},"16":{"start":{"line":36,"column":4},"end":{"line":36,"column":20}},"17":{"start":{"line":37,"column":4},"end":{"line":37,"column":11}},"18":{"start":{"line":39,"column":4},"end":{"line":41,"column":5}},"19":{"start":{"line":40,"column":6},"end":{"line":40,"column":84}},"20":{"start":{"line":42,"column":4},"end":{"line":42,"column":16}},"21":{"start":{"line":49,"column":29},"end":{"line":68,"column":2}},"22":{"start":{"line":50,"column":21},"end":{"line":50,"column":46}},"23":{"start":{"line":52,"column":2},"end":{"line":65,"column":3}},"24":{"start":{"line":53,"column":18},"end":{"line":53,"column":42}},"25":{"start":{"line":55,"column":4},"end":{"line":64,"column":5}},"26":{"start":{"line":56,"column":22},"end":{"line":56,"column":46}},"27":{"start":{"line":57,"column":19},"end":{"line":57,"column":74}},"28":{"start":{"line":59,"column":6},"end":{"line":61,"column":7}},"29":{"start":{"line":60,"column":8},"end":{"line":60,"column":24}},"30":{"start":{"line":67,"column":2},"end":{"line":67,"column":9}},"31":{"start":{"line":70,"column":0},"end":{"line":73,"column":2}}},"fnMap":{"0":{"name":"(anonymous_0)","decl":{"start":{"line":9,"column":32},"end":{"line":9,"column":33}},"loc":{"start":{"line":9,"column":58},"end":{"line":44,"column":1}},"line":9},"1":{"name":"(anonymous_1)","decl":{"start":{"line":49,"column":40},"end":{"line":49,"column":41}},"loc":{"start":{"line":49,"column":66},"end":{"line":68,"column":1}},"line":49}},"branchMap":{"0":{"loc":{"start":{"line":13,"column":2},"end":{"line":15,"column":3}},"type":"if","locations":[{"start":{"line":13,"column":2},"end":{"line":15,"column":3}},{"start":{},"end":{}}],"line":13},"1":{"loc":{"start":{"line":13,"column":6},"end":{"line":13,"column":54}},"type":"binary-expr","locations":[{"start":{"line":13,"column":6},"end":{"line":13,"column":17}},{"start":{"line":13,"column":21},"end":{"line":13,"column":54}}],"line":13},"2":{"loc":{"start":{"line":26,"column":4},"end":{"line":28,"column":5}},"type":"if","locations":[{"start":{"line":26,"column":4},"end":{"line":28,"column":5}},{"start":{},"end":{}}],"line":26},"3":{"loc":{"start":{"line":31,"column":4},"end":{"line":33,"column":5}},"type":"if","locations":[{"start":{"line":31,"column":4},"end":{"line":33,"column":5}},{"start":{},"end":{}}],"line":31},"4":{"loc":{"start":{"line":39,"column":4},"end":{"line":41,"column":5}},"type":"if","locations":[{"start":{"line":39,"column":4},"end":{"line":41,"column":5}},{"start":{},"end":{}}],"line":39},"5":{"loc":{"start":{"line":39,"column":8},"end":{"line":39,"column":80}},"type":"binary-expr","locations":[{"start":{"line":39,"column":8},"end":{"line":39,"column":42}},{"start":{"line":39,"column":46},"end":{"line":39,"column":80}}],"line":39},"6":{"loc":{"start":{"line":52,"column":2},"end":{"line":65,"column":3}},"type":"if","locations":[{"start":{"line":52,"column":2},"end":{"line":65,"column":3}},{"start":{},"end":{}}],"line":52},"7":{"loc":{"start":{"line":52,"column":6},"end":{"line":52,"column":52}},"type":"binary-expr","locations":[{"start":{"line":52,"column":6},"end":{"line":52,"column":16}},{"start":{"line":52,"column":20},"end":{"line":52,"column":52}}],"line":52},"8":{"loc":{"start":{"line":59,"column":6},"end":{"line":61,"column":7}},"type":"if","locations":[{"start":{"line":59,"column":6},"end":{"line":61,"column":7}},{"start":{},"end":{}}],"line":59},"9":{"loc":{"start":{"line":59,"column":10},"end":{"line":59,"column":49}},"type":"binary-expr","locations":[{"start":{"line":59,"column":10},"end":{"line":59,"column":14}},{"start":{"line":59,"column":18},"end":{"line":59,"column":49}}],"line":59}},"s":{"0":1,"1":1,"2":1,"3":1,"4":1,"5":13,"6":13,"7":1,"8":12,"9":12,"10":12,"11":12,"12":12,"13":0,"14":12,"15":0,"16":12,"17":12,"18":0,"19":0,"20":0,"21":1,"22":0,"23":0,"24":0,"25":0,"26":0,"27":0,"28":0,"29":0,"30":0,"31":1},"f":{"0":13,"1":0},"b":{"0":[1,12],"1":[13,12],"2":[0,12],"3":[0,12],"4":[0,0],"5":[0,0],"6":[0,0],"7":[0,0],"8":[0,0],"9":[0,0]},"_coverageSchema":"1a1c01bbd47fc00a2c39e90264f33305004495a9","hash":"9b276b3db7ddea11e4c4fa3c00b45044e16bdc8d"}
,"D:\\src\\Nodejs\\BookingHomestay\\homestay-booking\\homestay-booking\\backend\\src\\middlewares\\error.middleware.js": {"path":"D:\\src\\Nodejs\\BookingHomestay\\homestay-booking\\homestay-booking\\backend\\src\\middlewares\\error.middleware.js","statementMap":{"0":{"start":{"line":1,"column":21},"end":{"line":1,"column":49}},"1":{"start":{"line":2,"column":15},"end":{"line":2,"column":41}},"2":{"start":{"line":7,"column":21},"end":{"line":62,"column":1}},"3":{"start":{"line":8,"column":14},"end":{"line":8,"column":24}},"4":{"start":{"line":9,"column":2},"end":{"line":9,"column":30}},"5":{"start":{"line":10,"column":2},"end":{"line":10,"column":36}},"6":{"start":{"line":13,"column":2},"end":{"line":19,"column":5}},"7":{"start":{"line":22,"column":2},"end":{"line":24,"column":3}},"8":{"start":{"line":23,"column":4},"end":{"line":23,"column":52}},"9":{"start":{"line":27,"column":2},"end":{"line":30,"column":3}},"10":{"start":{"line":28,"column":18},"end":{"line":28,"column":46}},"11":{"start":{"line":29,"column":4},"end":{"line":29,"column":57}},"12":{"start":{"line":33,"column":2},"end":{"line":39,"column":3}},"13":{"start":{"line":34,"column":19},"end":{"line":37,"column":7}},"14":{"start":{"line":34,"column":57},"end":{"line":37,"column":5}},"15":{"start":{"line":38,"column":4},"end":{"line":38,"column":58}},"16":{"start":{"line":42,"column":2},"end":{"line":44,"column":3}},"17":{"start":{"line":43,"column":4},"end":{"line":43,"column":69}},"18":{"start":{"line":46,"column":2},"end":{"line":48,"column":3}},"19":{"start":{"line":47,"column":4},"end":{"line":47,"column":69}},"20":{"start":{"line":51,"column":2},"end":{"line":61,"column":5}},"21":{"start":{"line":67,"column":17},"end":{"line":70,"column":1}},"22":{"start":{"line":68,"column":16},"end":{"line":68,"column":71}},"23":{"start":{"line":69,"column":2},"end":{"line":69,"column":14}},"24":{"start":{"line":72,"column":0},"end":{"line":72,"column":44}}},"fnMap":{"0":{"name":"(anonymous_0)","decl":{"start":{"line":7,"column":21},"end":{"line":7,"column":22}},"loc":{"start":{"line":7,"column":46},"end":{"line":62,"column":1}},"line":7},"1":{"name":"(anonymous_1)","decl":{"start":{"line":34,"column":49},"end":{"line":34,"column":50}},"loc":{"start":{"line":34,"column":57},"end":{"line":37,"column":5}},"line":34},"2":{"name":"(anonymous_2)","decl":{"start":{"line":67,"column":17},"end":{"line":67,"column":18}},"loc":{"start":{"line":67,"column":37},"end":{"line":70,"column":1}},"line":67}},"branchMap":{"0":{"loc":{"start":{"line":22,"column":2},"end":{"line":24,"column":3}},"type":"if","locations":[{"start":{"line":22,"column":2},"end":{"line":24,"column":3}},{"start":{},"end":{}}],"line":22},"1":{"loc":{"start":{"line":27,"column":2},"end":{"line":30,"column":3}},"type":"if","locations":[{"start":{"line":27,"column":2},"end":{"line":30,"column":3}},{"start":{},"end":{}}],"line":27},"2":{"loc":{"start":{"line":33,"column":2},"end":{"line":39,"column":3}},"type":"if","locations":[{"start":{"line":33,"column":2},"end":{"line":39,"column":3}},{"start":{},"end":{}}],"line":33},"3":{"loc":{"start":{"line":42,"column":2},"end":{"line":44,"column":3}},"type":"if","locations":[{"start":{"line":42,"column":2},"end":{"line":44,"column":3}},{"start":{},"end":{}}],"line":42},"4":{"loc":{"start":{"line":46,"column":2},"end":{"line":48,"column":3}},"type":"if","locations":[{"start":{"line":46,"column":2},"end":{"line":48,"column":3}},{"start":{},"end":{}}],"line":46},"5":{"loc":{"start":{"line":51,"column":13},"end":{"line":51,"column":36}},"type":"binary-expr","locations":[{"start":{"line":51,"column":13},"end":{"line":51,"column":29}},{"start":{"line":51,"column":33},"end":{"line":51,"column":36}}],"line":51},"6":{"loc":{"start":{"line":54,"column":15},"end":{"line":54,"column":55}},"type":"binary-expr","locations":[{"start":{"line":54,"column":15},"end":{"line":54,"column":28}},{"start":{"line":54,"column":32},"end":{"line":54,"column":55}}],"line":54},"7":{"loc":{"start":{"line":55,"column":10},"end":{"line":55,"column":78}},"type":"binary-expr","locations":[{"start":{"line":55,"column":10},"end":{"line":55,"column":22}},{"start":{"line":55,"column":26},"end":{"line":55,"column":49}},{"start":{"line":55,"column":53},"end":{"line":55,"column":78}}],"line":55},"8":{"loc":{"start":{"line":56,"column":10},"end":{"line":56,"column":72}},"type":"binary-expr","locations":[{"start":{"line":56,"column":10},"end":{"line":56,"column":48}},{"start":{"line":56,"column":52},"end":{"line":56,"column":72}}],"line":56}},"s":{"0":1,"1":1,"2":1,"3":10,"4":10,"5":10,"6":10,"7":10,"8":0,"9":10,"10":0,"11":0,"12":10,"13":0,"14":0,"15":0,"16":10,"17":0,"18":10,"19":0,"20":10,"21":1,"22":0,"23":0,"24":1},"f":{"0":10,"1":0,"2":0},"b":{"0":[0,10],"1":[0,10],"2":[0,10],"3":[0,10],"4":[0,10],"5":[10,0],"6":[10,0],"7":[10,10,0],"8":[10,0]},"_coverageSchema":"1a1c01bbd47fc00a2c39e90264f33305004495a9","hash":"c088ddd3b28e5892d2edf05ee52a49caaf3351a0"}
,"D:\\src\\Nodejs\\BookingHomestay\\homestay-booking\\homestay-booking\\backend\\src\\middlewares\\logger.middleware.js": {"path":"D:\\src\\Nodejs\\BookingHomestay\\homestay-booking\\homestay-booking\\backend\\src\\middlewares\\logger.middleware.js","statementMap":{"0":{"start":{"line":1,"column":15},"end":{"line":1,"column":32}},"1":{"start":{"line":2,"column":15},"end":{"line":2,"column":41}},"2":{"start":{"line":5,"column":15},"end":{"line":7,"column":1}},"3":{"start":{"line":6,"column":22},"end":{"line":6,"column":49}},"4":{"start":{"line":10,"column":13},"end":{"line":13,"column":1}},"5":{"start":{"line":11,"column":14},"end":{"line":11,"column":51}},"6":{"start":{"line":12,"column":2},"end":{"line":12,"column":24}},"7":{"start":{"line":16,"column":25},"end":{"line":21,"column":1}},"8":{"start":{"line":23,"column":0},"end":{"line":23,"column":34}}},"fnMap":{"0":{"name":"(anonymous_0)","decl":{"start":{"line":6,"column":9},"end":{"line":6,"column":10}},"loc":{"start":{"line":6,"column":22},"end":{"line":6,"column":49}},"line":6},"1":{"name":"(anonymous_1)","decl":{"start":{"line":10,"column":13},"end":{"line":10,"column":14}},"loc":{"start":{"line":10,"column":19},"end":{"line":13,"column":1}},"line":10}},"branchMap":{"0":{"loc":{"start":{"line":11,"column":14},"end":{"line":11,"column":51}},"type":"binary-expr","locations":[{"start":{"line":11,"column":14},"end":{"line":11,"column":34}},{"start":{"line":11,"column":38},"end":{"line":11,"column":51}}],"line":11}},"s":{"0":1,"1":1,"2":1,"3":0,"4":1,"5":13,"6":13,"7":1,"8":1},"f":{"0":0,"1":13},"b":{"0":[13,0]},"_coverageSchema":"1a1c01bbd47fc00a2c39e90264f33305004495a9","hash":"d92378b1b7558d7d02777d8932c8779e1a625ac1"}
,"D:\\src\\Nodejs\\BookingHomestay\\homestay-booking\\homestay-booking\\backend\\src\\middlewares\\ownership.middleware.js": {"path":"D:\\src\\Nodejs\\BookingHomestay\\homestay-booking\\homestay-booking\\backend\\src\\middlewares\\ownership.middleware.js","statementMap":{"0":{"start":{"line":1,"column":42},"end":{"line":1,"column":70}},"1":{"start":{"line":2,"column":18},"end":{"line":2,"column":48}},"2":{"start":{"line":3,"column":16},"end":{"line":3,"column":60}},"3":{"start":{"line":12,"column":27},"end":{"line":51,"column":1}},"4":{"start":{"line":13,"column":2},"end":{"line":50,"column":3}},"5":{"start":{"line":14,"column":22},"end":{"line":14,"column":35}},"6":{"start":{"line":15,"column":19},"end":{"line":15,"column":31}},"7":{"start":{"line":16,"column":21},"end":{"line":16,"column":34}},"8":{"start":{"line":19,"column":4},"end":{"line":21,"column":5}},"9":{"start":{"line":20,"column":6},"end":{"line":20,"column":20}},"10":{"start":{"line":24,"column":20},"end":{"line":26,"column":13}},"11":{"start":{"line":28,"column":4},"end":{"line":30,"column":5}},"12":{"start":{"line":29,"column":6},"end":{"line":29,"column":51}},"13":{"start":{"line":33,"column":20},"end":{"line":33,"column":68}},"14":{"start":{"line":34,"column":19},"end":{"line":34,"column":66}},"15":{"start":{"line":36,"column":4},"end":{"line":38,"column":5}},"16":{"start":{"line":37,"column":6},"end":{"line":37,"column":84}},"17":{"start":{"line":41,"column":4},"end":{"line":45,"column":6}},"18":{"start":{"line":47,"column":4},"end":{"line":47,"column":11}},"19":{"start":{"line":49,"column":4},"end":{"line":49,"column":16}},"20":{"start":{"line":57,"column":37},"end":{"line":88,"column":1}},"21":{"start":{"line":58,"column":2},"end":{"line":87,"column":3}},"22":{"start":{"line":59,"column":22},"end":{"line":59,"column":35}},"23":{"start":{"line":60,"column":19},"end":{"line":60,"column":31}},"24":{"start":{"line":61,"column":21},"end":{"line":61,"column":34}},"25":{"start":{"line":64,"column":4},"end":{"line":66,"column":5}},"26":{"start":{"line":65,"column":6},"end":{"line":65,"column":20}},"27":{"start":{"line":69,"column":20},"end":{"line":71,"column":13}},"28":{"start":{"line":73,"column":4},"end":{"line":75,"column":5}},"29":{"start":{"line":74,"column":6},"end":{"line":74,"column":51}},"30":{"start":{"line":78,"column":20},"end":{"line":78,"column":68}},"31":{"start":{"line":80,"column":4},"end":{"line":82,"column":5}},"32":{"start":{"line":81,"column":6},"end":{"line":81,"column":73}},"33":{"start":{"line":84,"column":4},"end":{"line":84,"column":11}},"34":{"start":{"line":86,"column":4},"end":{"line":86,"column":16}},"35":{"start":{"line":90,"column":0},"end":{"line":93,"column":2}}},"fnMap":{"0":{"name":"(anonymous_0)","decl":{"start":{"line":12,"column":27},"end":{"line":12,"column":28}},"loc":{"start":{"line":12,"column":53},"end":{"line":51,"column":1}},"line":12},"1":{"name":"(anonymous_1)","decl":{"start":{"line":57,"column":37},"end":{"line":57,"column":38}},"loc":{"start":{"line":57,"column":63},"end":{"line":88,"column":1}},"line":57}},"branchMap":{"0":{"loc":{"start":{"line":19,"column":4},"end":{"line":21,"column":5}},"type":"if","locations":[{"start":{"line":19,"column":4},"end":{"line":21,"column":5}},{"start":{},"end":{}}],"line":19},"1":{"loc":{"start":{"line":28,"column":4},"end":{"line":30,"column":5}},"type":"if","locations":[{"start":{"line":28,"column":4},"end":{"line":30,"column":5}},{"start":{},"end":{}}],"line":28},"2":{"loc":{"start":{"line":36,"column":4},"end":{"line":38,"column":5}},"type":"if","locations":[{"start":{"line":36,"column":4},"end":{"line":38,"column":5}},{"start":{},"end":{}}],"line":36},"3":{"loc":{"start":{"line":36,"column":8},"end":{"line":36,"column":27}},"type":"binary-expr","locations":[{"start":{"line":36,"column":8},"end":{"line":36,"column":16}},{"start":{"line":36,"column":20},"end":{"line":36,"column":27}}],"line":36},"4":{"loc":{"start":{"line":64,"column":4},"end":{"line":66,"column":5}},"type":"if","locations":[{"start":{"line":64,"column":4},"end":{"line":66,"column":5}},{"start":{},"end":{}}],"line":64},"5":{"loc":{"start":{"line":73,"column":4},"end":{"line":75,"column":5}},"type":"if","locations":[{"start":{"line":73,"column":4},"end":{"line":75,"column":5}},{"start":{},"end":{}}],"line":73},"6":{"loc":{"start":{"line":80,"column":4},"end":{"line":82,"column":5}},"type":"if","locations":[{"start":{"line":80,"column":4},"end":{"line":82,"column":5}},{"start":{},"end":{}}],"line":80}},"s":{"0":1,"1":1,"2":1,"3":1,"4":0,"5":0,"6":0,"7":0,"8":0,"9":0,"10":0,"11":0,"12":0,"13":0,"14":0,"15":0,"16":0,"17":0,"18":0,"19":0,"20":1,"21":0,"22":0,"23":0,"24":0,"25":0,"26":0,"27":0,"28":0,"29":0,"30":0,"31":0,"32":0,"33":0,"34":0,"35":1},"f":{"0":0,"1":0},"b":{"0":[0,0],"1":[0,0],"2":[0,0],"3":[0,0],"4":[0,0],"5":[0,0],"6":[0,0]},"_coverageSchema":"1a1c01bbd47fc00a2c39e90264f33305004495a9","hash":"23ff479a052e6e3f885205c3a45b3d192cb7b9e4"}
,"D:\\src\\Nodejs\\BookingHomestay\\homestay-booking\\homestay-booking\\backend\\src\\middlewares\\rateLimit.middleware.js": {"path":"D:\\src\\Nodejs\\BookingHomestay\\homestay-booking\\homestay-booking\\backend\\src\\middlewares\\rateLimit.middleware.js","statementMap":{"0":{"start":{"line":1,"column":18},"end":{"line":1,"column":47}},"1":{"start":{"line":2,"column":33},"end":{"line":2,"column":61}},"2":{"start":{"line":3,"column":15},"end":{"line":3,"column":41}},"3":{"start":{"line":9,"column":26},"end":{"line":24,"column":2}},"4":{"start":{"line":16,"column":4},"end":{"line":18,"column":6}},"5":{"start":{"line":22,"column":4},"end":{"line":22,"column":49}},"6":{"start":{"line":30,"column":35},"end":{"line":44,"column":2}},"7":{"start":{"line":37,"column":4},"end":{"line":39,"column":6}},"8":{"start":{"line":42,"column":4},"end":{"line":42,"column":49}},"9":{"start":{"line":50,"column":27},"end":{"line":61,"column":2}},"10":{"start":{"line":57,"column":4},"end":{"line":59,"column":6}},"11":{"start":{"line":64,"column":19},"end":{"line":64,"column":37}},"12":{"start":{"line":70,"column":20},"end":{"line":81,"column":2}},"13":{"start":{"line":77,"column":4},"end":{"line":79,"column":6}},"14":{"start":{"line":87,"column":29},"end":{"line":98,"column":2}},"15":{"start":{"line":94,"column":4},"end":{"line":96,"column":6}},"16":{"start":{"line":105,"column":27},"end":{"line":133,"column":2}},"17":{"start":{"line":117,"column":21},"end":{"line":119,"column":15}},"18":{"start":{"line":121,"column":4},"end":{"line":125,"column":7}},"19":{"start":{"line":127,"column":4},"end":{"line":131,"column":7}},"20":{"start":{"line":135,"column":0},"end":{"line":143,"column":2}}},"fnMap":{"0":{"name":"(anonymous_0)","decl":{"start":{"line":15,"column":11},"end":{"line":15,"column":12}},"loc":{"start":{"line":15,"column":25},"end":{"line":19,"column":3}},"line":15},"1":{"name":"(anonymous_1)","decl":{"start":{"line":20,"column":8},"end":{"line":20,"column":9}},"loc":{"start":{"line":20,"column":17},"end":{"line":23,"column":3}},"line":20},"2":{"name":"(anonymous_2)","decl":{"start":{"line":36,"column":11},"end":{"line":36,"column":12}},"loc":{"start":{"line":36,"column":25},"end":{"line":40,"column":3}},"line":36},"3":{"name":"(anonymous_3)","decl":{"start":{"line":41,"column":8},"end":{"line":41,"column":9}},"loc":{"start":{"line":41,"column":17},"end":{"line":43,"column":3}},"line":41},"4":{"name":"(anonymous_4)","decl":{"start":{"line":56,"column":11},"end":{"line":56,"column":12}},"loc":{"start":{"line":56,"column":25},"end":{"line":60,"column":3}},"line":56},"5":{"name":"(anonymous_5)","decl":{"start":{"line":76,"column":11},"end":{"line":76,"column":12}},"loc":{"start":{"line":76,"column":25},"end":{"line":80,"column":3}},"line":76},"6":{"name":"(anonymous_6)","decl":{"start":{"line":93,"column":11},"end":{"line":93,"column":12}},"loc":{"start":{"line":93,"column":25},"end":{"line":97,"column":3}},"line":93},"7":{"name":"(anonymous_7)","decl":{"start":{"line":116,"column":11},"end":{"line":116,"column":12}},"loc":{"start":{"line":116,"column":25},"end":{"line":132,"column":3}},"line":116}},"branchMap":{"0":{"loc":{"start":{"line":22,"column":11},"end":{"line":22,"column":48}},"type":"binary-expr","locations":[{"start":{"line":22,"column":11},"end":{"line":22,"column":19}},{"start":{"line":22,"column":23},"end":{"line":22,"column":48}}],"line":22},"1":{"loc":{"start":{"line":42,"column":11},"end":{"line":42,"column":48}},"type":"binary-expr","locations":[{"start":{"line":42,"column":11},"end":{"line":42,"column":19}},{"start":{"line":42,"column":23},"end":{"line":42,"column":48}}],"line":42},"2":{"loc":{"start":{"line":117,"column":21},"end":{"line":119,"column":15}},"type":"binary-expr","locations":[{"start":{"line":117,"column":21},"end":{"line":117,"column":74}},{"start":{"line":118,"column":9},"end":{"line":118,"column":33}},{"start":{"line":119,"column":9},"end":{"line":119,"column":15}}],"line":117}},"s":{"0":1,"1":1,"2":1,"3":1,"4":0,"5":0,"6":1,"7":0,"8":0,"9":1,"10":0,"11":1,"12":1,"13":0,"14":1,"15":0,"16":1,"17":0,"18":0,"19":0,"20":1},"f":{"0":0,"1":0,"2":0,"3":0,"4":0,"5":0,"6":0,"7":0},"b":{"0":[0,0],"1":[0,0],"2":[0,0,0]},"_coverageSchema":"1a1c01bbd47fc00a2c39e90264f33305004495a9","hash":"6e184d0249d5366074b4236a6ff1eed0ba5b5a64"}
,"D:\\src\\Nodejs\\BookingHomestay\\homestay-booking\\homestay-booking\\backend\\src\\middlewares\\rbac.middleware.js": {"path":"D:\\src\\Nodejs\\BookingHomestay\\homestay-booking\\homestay-booking\\backend\\src\\middlewares\\rbac.middleware.js","statementMap":{"0":{"start":{"line":1,"column":46},"end":{"line":1,"column":74}},"1":{"start":{"line":2,"column":18},"end":{"line":2,"column":48}},"2":{"start":{"line":9,"column":18},"end":{"line":23,"column":1}},"3":{"start":{"line":9,"column":39},"end":{"line":23,"column":1}},"4":{"start":{"line":11,"column":2},"end":{"line":13,"column":3}},"5":{"start":{"line":12,"column":4},"end":{"line":12,"column":59}},"6":{"start":{"line":16,"column":2},"end":{"line":20,"column":3}},"7":{"start":{"line":17,"column":4},"end":{"line":19,"column":6}},"8":{"start":{"line":22,"column":2},"end":{"line":22,"column":9}},"9":{"start":{"line":30,"column":30},"end":{"line":46,"column":1}},"10":{"start":{"line":30,"column":58},"end":{"line":46,"column":1}},"11":{"start":{"line":31,"column":2},"end":{"line":33,"column":3}},"12":{"start":{"line":32,"column":4},"end":{"line":32,"column":59}},"13":{"start":{"line":35,"column":25},"end":{"line":35,"column":72}},"14":{"start":{"line":38,"column":18},"end":{"line":38,"column":47}},"15":{"start":{"line":39,"column":18},"end":{"line":39,"column":89}},"16":{"start":{"line":41,"column":2},"end":{"line":43,"column":3}},"17":{"start":{"line":42,"column":4},"end":{"line":42,"column":83}},"18":{"start":{"line":45,"column":2},"end":{"line":45,"column":9}},"19":{"start":{"line":48,"column":0},"end":{"line":52,"column":2}}},"fnMap":{"0":{"name":"(anonymous_0)","decl":{"start":{"line":9,"column":18},"end":{"line":9,"column":19}},"loc":{"start":{"line":9,"column":39},"end":{"line":23,"column":1}},"line":9},"1":{"name":"(anonymous_1)","decl":{"start":{"line":9,"column":39},"end":{"line":9,"column":40}},"loc":{"start":{"line":9,"column":59},"end":{"line":23,"column":1}},"line":9},"2":{"name":"(anonymous_2)","decl":{"start":{"line":30,"column":30},"end":{"line":30,"column":31}},"loc":{"start":{"line":30,"column":58},"end":{"line":46,"column":1}},"line":30},"3":{"name":"(anonymous_3)","decl":{"start":{"line":30,"column":58},"end":{"line":30,"column":59}},"loc":{"start":{"line":30,"column":78},"end":{"line":46,"column":1}},"line":30}},"branchMap":{"0":{"loc":{"start":{"line":11,"column":2},"end":{"line":13,"column":3}},"type":"if","locations":[{"start":{"line":11,"column":2},"end":{"line":13,"column":3}},{"start":{},"end":{}}],"line":11},"1":{"loc":{"start":{"line":16,"column":2},"end":{"line":20,"column":3}},"type":"if","locations":[{"start":{"line":16,"column":2},"end":{"line":20,"column":3}},{"start":{},"end":{}}],"line":16},"2":{"loc":{"start":{"line":30,"column":31},"end":{"line":30,"column":53}},"type":"default-arg","locations":[{"start":{"line":30,"column":45},"end":{"line":30,"column":53}}],"line":30},"3":{"loc":{"start":{"line":31,"column":2},"end":{"line":33,"column":3}},"type":"if","locations":[{"start":{"line":31,"column":2},"end":{"line":33,"column":3}},{"start":{},"end":{}}],"line":31},"4":{"loc":{"start":{"line":35,"column":25},"end":{"line":35,"column":72}},"type":"cond-expr","locations":[{"start":{"line":35,"column":40},"end":{"line":35,"column":65}},{"start":{"line":35,"column":68},"end":{"line":35,"column":72}}],"line":35},"5":{"loc":{"start":{"line":39,"column":18},"end":{"line":39,"column":89}},"type":"binary-expr","locations":[{"start":{"line":39,"column":18},"end":{"line":39,"column":32}},{"start":{"line":39,"column":36},"end":{"line":39,"column":89}}],"line":39},"6":{"loc":{"start":{"line":41,"column":2},"end":{"line":43,"column":3}},"type":"if","locations":[{"start":{"line":41,"column":2},"end":{"line":43,"column":3}},{"start":{},"end":{}}],"line":41},"7":{"loc":{"start":{"line":41,"column":6},"end":{"line":41,"column":26}},"type":"binary-expr","locations":[{"start":{"line":41,"column":6},"end":{"line":41,"column":14}},{"start":{"line":41,"column":18},"end":{"line":41,"column":26}}],"line":41}},"s":{"0":1,"1":1,"2":1,"3":28,"4":11,"5":0,"6":11,"7":1,"8":10,"9":1,"10":0,"11":0,"12":0,"13":0,"14":0,"15":0,"16":0,"17":0,"18":0,"19":1},"f":{"0":28,"1":11,"2":0,"3":0},"b":{"0":[0,11],"1":[1,10],"2":[0],"3":[0,0],"4":[0,0],"5":[0,0],"6":[0,0],"7":[0,0]},"_coverageSchema":"1a1c01bbd47fc00a2c39e90264f33305004495a9","hash":"69334773525a0d2162f6870f0912ce9d2805198b"}
,"D:\\src\\Nodejs\\BookingHomestay\\homestay-booking\\homestay-booking\\backend\\src\\middlewares\\upload.middleware.js": {"path":"D:\\src\\Nodejs\\BookingHomestay\\homestay-booking\\homestay-booking\\backend\\src\\middlewares\\upload.middleware.js","statementMap":{"0":{"start":{"line":1,"column":15},"end":{"line":1,"column":32}},"1":{"start":{"line":2,"column":28},"end":{"line":2,"column":56}},"2":{"start":{"line":3,"column":24},"end":{"line":3,"column":54}},"3":{"start":{"line":6,"column":16},"end":{"line":6,"column":38}},"4":{"start":{"line":9,"column":19},"end":{"line":20,"column":1}},"5":{"start":{"line":11,"column":2},"end":{"line":18,"column":3}},"6":{"start":{"line":12,"column":4},"end":{"line":17,"column":6}},"7":{"start":{"line":19,"column":2},"end":{"line":19,"column":17}},"8":{"start":{"line":23,"column":15},"end":{"line":29,"column":2}},"9":{"start":{"line":32,"column":21},"end":{"line":32,"column":44}},"10":{"start":{"line":35,"column":23},"end":{"line":35,"column":82}},"11":{"start":{"line":38,"column":29},"end":{"line":41,"column":2}},"12":{"start":{"line":44,"column":26},"end":{"line":61,"column":1}},"13":{"start":{"line":45,"column":2},"end":{"line":59,"column":3}},"14":{"start":{"line":46,"column":4},"end":{"line":52,"column":5}},"15":{"start":{"line":47,"column":6},"end":{"line":51,"column":8}},"16":{"start":{"line":53,"column":4},"end":{"line":57,"column":5}},"17":{"start":{"line":54,"column":6},"end":{"line":56,"column":8}},"18":{"start":{"line":58,"column":4},"end":{"line":58,"column":50}},"19":{"start":{"line":60,"column":2},"end":{"line":60,"column":12}},"20":{"start":{"line":63,"column":0},"end":{"line":68,"column":2}}},"fnMap":{"0":{"name":"(anonymous_0)","decl":{"start":{"line":9,"column":19},"end":{"line":9,"column":20}},"loc":{"start":{"line":9,"column":38},"end":{"line":20,"column":1}},"line":9},"1":{"name":"(anonymous_1)","decl":{"start":{"line":44,"column":26},"end":{"line":44,"column":27}},"loc":{"start":{"line":44,"column":51},"end":{"line":61,"column":1}},"line":44}},"branchMap":{"0":{"loc":{"start":{"line":11,"column":2},"end":{"line":18,"column":3}},"type":"if","locations":[{"start":{"line":11,"column":2},"end":{"line":18,"column":3}},{"start":{},"end":{}}],"line":11},"1":{"loc":{"start":{"line":45,"column":2},"end":{"line":59,"column":3}},"type":"if","locations":[{"start":{"line":45,"column":2},"end":{"line":59,"column":3}},{"start":{},"end":{}}],"line":45},"2":{"loc":{"start":{"line":46,"column":4},"end":{"line":52,"column":5}},"type":"if","locations":[{"start":{"line":46,"column":4},"end":{"line":52,"column":5}},{"start":{},"end":{}}],"line":46},"3":{"loc":{"start":{"line":53,"column":4},"end":{"line":57,"column":5}},"type":"if","locations":[{"start":{"line":53,"column":4},"end":{"line":57,"column":5}},{"start":{},"end":{}}],"line":53}},"s":{"0":1,"1":1,"2":1,"3":1,"4":1,"5":0,"6":0,"7":0,"8":1,"9":1,"10":1,"11":1,"12":1,"13":0,"14":0,"15":0,"16":0,"17":0,"18":0,"19":0,"20":1},"f":{"0":0,"1":0},"b":{"0":[0,0],"1":[0,0],"2":[0,0],"3":[0,0]},"_coverageSchema":"1a1c01bbd47fc00a2c39e90264f33305004495a9","hash":"9e2d683fa540ced4f1ae557f4d11b93eb2a1c0f6"}
,"D:\\src\\Nodejs\\BookingHomestay\\homestay-booking\\homestay-booking\\backend\\src\\middlewares\\validation.middleware.js": {"path":"D:\\src\\Nodejs\\BookingHomestay\\homestay-booking\\homestay-booking\\backend\\src\\middlewares\\validation.middleware.js","statementMap":{"0":{"start":{"line":1,"column":42},"end":{"line":1,"column":70}},"1":{"start":{"line":2,"column":28},"end":{"line":2,"column":56}},"2":{"start":{"line":3,"column":17},"end":{"line":3,"column":36}},"3":{"start":{"line":4,"column":12},"end":{"line":4,"column":26}},"4":{"start":{"line":9,"column":31},"end":{"line":16,"column":1}},"5":{"start":{"line":10,"column":17},"end":{"line":10,"column":38}},"6":{"start":{"line":11,"column":2},"end":{"line":14,"column":3}},"7":{"start":{"line":12,"column":26},"end":{"line":12,"column":62}},"8":{"start":{"line":12,"column":54},"end":{"line":12,"column":61}},"9":{"start":{"line":13,"column":4},"end":{"line":13,"column":56}},"10":{"start":{"line":15,"column":2},"end":{"line":15,"column":9}},"11":{"start":{"line":23,"column":17},"end":{"line":37,"column":1}},"12":{"start":{"line":23,"column":29},"end":{"line":37,"column":1}},"13":{"start":{"line":24,"column":27},"end":{"line":27,"column":4}},"14":{"start":{"line":29,"column":2},"end":{"line":32,"column":3}},"15":{"start":{"line":30,"column":26},"end":{"line":30,"column":71}},"16":{"start":{"line":30,"column":56},"end":{"line":30,"column":70}},"17":{"start":{"line":31,"column":4},"end":{"line":31,"column":56}},"18":{"start":{"line":35,"column":2},"end":{"line":35,"column":19}},"19":{"start":{"line":36,"column":2},"end":{"line":36,"column":9}},"20":{"start":{"line":44,"column":23},"end":{"line":58,"column":1}},"21":{"start":{"line":44,"column":35},"end":{"line":58,"column":1}},"22":{"start":{"line":45,"column":27},"end":{"line":48,"column":4}},"23":{"start":{"line":50,"column":2},"end":{"line":53,"column":3}},"24":{"start":{"line":51,"column":26},"end":{"line":51,"column":71}},"25":{"start":{"line":51,"column":56},"end":{"line":51,"column":70}},"26":{"start":{"line":52,"column":4},"end":{"line":52,"column":56}},"27":{"start":{"line":56,"column":2},"end":{"line":56,"column":21}},"28":{"start":{"line":57,"column":2},"end":{"line":57,"column":9}},"29":{"start":{"line":65,"column":22},"end":{"line":79,"column":1}},"30":{"start":{"line":65,"column":34},"end":{"line":79,"column":1}},"31":{"start":{"line":66,"column":27},"end":{"line":69,"column":4}},"32":{"start":{"line":71,"column":2},"end":{"line":74,"column":3}},"33":{"start":{"line":72,"column":26},"end":{"line":72,"column":71}},"34":{"start":{"line":72,"column":56},"end":{"line":72,"column":70}},"35":{"start":{"line":73,"column":4},"end":{"line":73,"column":56}},"36":{"start":{"line":77,"column":2},"end":{"line":77,"column":20}},"37":{"start":{"line":78,"column":2},"end":{"line":78,"column":9}},"38":{"start":{"line":84,"column":25},"end":{"line":89,"column":1}},"39":{"start":{"line":84,"column":47},"end":{"line":89,"column":1}},"40":{"start":{"line":86,"column":23},"end":{"line":86,"column":61}},"41":{"start":{"line":94,"column":30},"end":{"line":163,"column":1}},"42":{"start":{"line":98,"column":23},"end":{"line":98,"column":61}},"43":{"start":{"line":107,"column":22},"end":{"line":107,"column":37}},"44":{"start":{"line":108,"column":20},"end":{"line":108,"column":30}},"45":{"start":{"line":109,"column":6},"end":{"line":109,"column":33}},"46":{"start":{"line":110,"column":6},"end":{"line":110,"column":30}},"47":{"start":{"line":120,"column":22},"end":{"line":120,"column":52}},"48":{"start":{"line":121,"column":23},"end":{"line":121,"column":38}},"49":{"start":{"line":122,"column":6},"end":{"line":122,"column":32}},"50":{"start":{"line":168,"column":30},"end":{"line":176,"column":1}},"51":{"start":{"line":181,"column":36},"end":{"line":195,"column":1}},"52":{"start":{"line":197,"column":0},"end":{"line":206,"column":2}}},"fnMap":{"0":{"name":"(anonymous_0)","decl":{"start":{"line":9,"column":31},"end":{"line":9,"column":32}},"loc":{"start":{"line":9,"column":51},"end":{"line":16,"column":1}},"line":9},"1":{"name":"(anonymous_1)","decl":{"start":{"line":12,"column":45},"end":{"line":12,"column":46}},"loc":{"start":{"line":12,"column":54},"end":{"line":12,"column":61}},"line":12},"2":{"name":"(anonymous_2)","decl":{"start":{"line":23,"column":17},"end":{"line":23,"column":18}},"loc":{"start":{"line":23,"column":29},"end":{"line":37,"column":1}},"line":23},"3":{"name":"(anonymous_3)","decl":{"start":{"line":23,"column":29},"end":{"line":23,"column":30}},"loc":{"start":{"line":23,"column":49},"end":{"line":37,"column":1}},"line":23},"4":{"name":"(anonymous_4)","decl":{"start":{"line":30,"column":44},"end":{"line":30,"column":45}},"loc":{"start":{"line":30,"column":56},"end":{"line":30,"column":70}},"line":30},"5":{"name":"(anonymous_5)","decl":{"start":{"line":44,"column":23},"end":{"line":44,"column":24}},"loc":{"start":{"line":44,"column":35},"end":{"line":58,"column":1}},"line":44},"6":{"name":"(anonymous_6)","decl":{"start":{"line":44,"column":35},"end":{"line":44,"column":36}},"loc":{"start":{"line":44,"column":55},"end":{"line":58,"column":1}},"line":44},"7":{"name":"(anonymous_7)","decl":{"start":{"line":51,"column":44},"end":{"line":51,"column":45}},"loc":{"start":{"line":51,"column":56},"end":{"line":51,"column":70}},"line":51},"8":{"name":"(anonymous_8)","decl":{"start":{"line":65,"column":22},"end":{"line":65,"column":23}},"loc":{"start":{"line":65,"column":34},"end":{"line":79,"column":1}},"line":65},"9":{"name":"(anonymous_9)","decl":{"start":{"line":65,"column":34},"end":{"line":65,"column":35}},"loc":{"start":{"line":65,"column":54},"end":{"line":79,"column":1}},"line":65},"10":{"name":"(anonymous_10)","decl":{"start":{"line":72,"column":44},"end":{"line":72,"column":45}},"loc":{"start":{"line":72,"column":56},"end":{"line":72,"column":70}},"line":72},"11":{"name":"(anonymous_11)","decl":{"start":{"line":84,"column":25},"end":{"line":84,"column":26}},"loc":{"start":{"line":84,"column":47},"end":{"line":89,"column":1}},"line":84},"12":{"name":"(anonymous_12)","decl":{"start":{"line":86,"column":12},"end":{"line":86,"column":13}},"loc":{"start":{"line":86,"column":23},"end":{"line":86,"column":61}},"line":86},"13":{"name":"(anonymous_13)","decl":{"start":{"line":98,"column":12},"end":{"line":98,"column":13}},"loc":{"start":{"line":98,"column":23},"end":{"line":98,"column":61}},"line":98},"14":{"name":"(anonymous_14)","decl":{"start":{"line":106,"column":12},"end":{"line":106,"column":13}},"loc":{"start":{"line":106,"column":23},"end":{"line":111,"column":5}},"line":106},"15":{"name":"(anonymous_15)","decl":{"start":{"line":119,"column":12},"end":{"line":119,"column":13}},"loc":{"start":{"line":119,"column":32},"end":{"line":123,"column":5}},"line":119}},"branchMap":{"0":{"loc":{"start":{"line":11,"column":2},"end":{"line":14,"column":3}},"type":"if","locations":[{"start":{"line":11,"column":2},"end":{"line":14,"column":3}},{"start":{},"end":{}}],"line":11},"1":{"loc":{"start":{"line":29,"column":2},"end":{"line":32,"column":3}},"type":"if","locations":[{"start":{"line":29,"column":2},"end":{"line":32,"column":3}},{"start":{},"end":{}}],"line":29},"2":{"loc":{"start":{"line":50,"column":2},"end":{"line":53,"column":3}},"type":"if","locations":[{"start":{"line":50,"column":2},"end":{"line":53,"column":3}},{"start":{},"end":{}}],"line":50},"3":{"loc":{"start":{"line":71,"column":2},"end":{"line":74,"column":3}},"type":"if","locations":[{"start":{"line":71,"column":2},"end":{"line":74,"column":3}},{"start":{},"end":{}}],"line":71},"4":{"loc":{"start":{"line":84,"column":26},"end":{"line":84,"column":42}},"type":"default-arg","locations":[{"start":{"line":84,"column":38},"end":{"line":84,"column":42}}],"line":84}},"s":{"0":1,"1":1,"2":1,"3":1,"4":1,"5":12,"6":12,"7":1,"8":1,"9":1,"10":11,"11":1,"12":12,"13":0,"14":0,"15":0,"16":0,"17":0,"18":0,"19":0,"20":1,"21":12,"22":0,"23":0,"24":0,"25":0,"26":0,"27":0,"28":0,"29":1,"30":1,"31":0,"32":0,"33":0,"34":0,"35":0,"36":0,"37":0,"38":1,"39":7,"40":12,"41":1,"42":0,"43":0,"44":0,"45":0,"46":0,"47":0,"48":0,"49":0,"50":1,"51":1,"52":1},"f":{"0":12,"1":1,"2":12,"3":0,"4":0,"5":12,"6":0,"7":0,"8":1,"9":0,"10":0,"11":7,"12":12,"13":0,"14":0,"15":0},"b":{"0":[1,11],"1":[0,0],"2":[0,0],"3":[0,0],"4":[0]},"_coverageSchema":"1a1c01bbd47fc00a2c39e90264f33305004495a9","hash":"9bd5a8e258a46f70726bf49704210ea42068da1d"}
,"D:\\src\\Nodejs\\BookingHomestay\\homestay-booking\\homestay-booking\\backend\\src\\middlewares\\webhook.middleware.js": {"path":"D:\\src\\Nodejs\\BookingHomestay\\homestay-booking\\homestay-booking\\backend\\src\\middlewares\\webhook.middleware.js","statementMap":{"0":{"start":{"line":1,"column":15},"end":{"line":1,"column":41}},"1":{"start":{"line":10,"column":20},"end":{"line":88,"column":1}},"2":{"start":{"line":11,"column":2},"end":{"line":87,"column":3}},"3":{"start":{"line":13,"column":25},"end":{"line":13,"column":57}},"4":{"start":{"line":16,"column":4},"end":{"line":19,"column":5}},"5":{"start":{"line":17,"column":6},"end":{"line":17,"column":87}},"6":{"start":{"line":18,"column":6},"end":{"line":18,"column":20}},"7":{"start":{"line":22,"column":23},"end":{"line":25,"column":34}},"8":{"start":{"line":24,"column":17},"end":{"line":24,"column":26}},"9":{"start":{"line":25,"column":20},"end":{"line":25,"column":33}},"10":{"start":{"line":27,"column":4},"end":{"line":30,"column":5}},"11":{"start":{"line":28,"column":6},"end":{"line":28,"column":62}},"12":{"start":{"line":29,"column":6},"end":{"line":29,"column":20}},"13":{"start":{"line":34,"column":21},"end":{"line":38,"column":15}},"14":{"start":{"line":40,"column":4},"end":{"line":45,"column":7}},"15":{"start":{"line":48,"column":22},"end":{"line":61,"column":6}},"16":{"start":{"line":50,"column":6},"end":{"line":57,"column":7}},"17":{"start":{"line":51,"column":24},"end":{"line":54,"column":31}},"18":{"start":{"line":55,"column":22},"end":{"line":55,"column":48}},"19":{"start":{"line":56,"column":8},"end":{"line":56,"column":36}},"20":{"start":{"line":60,"column":6},"end":{"line":60,"column":36}},"21":{"start":{"line":63,"column":4},"end":{"line":73,"column":5}},"22":{"start":{"line":64,"column":6},"end":{"line":67,"column":9}},"23":{"start":{"line":69,"column":6},"end":{"line":72,"column":9}},"24":{"start":{"line":75,"column":4},"end":{"line":75,"column":59}},"25":{"start":{"line":76,"column":4},"end":{"line":76,"column":11}},"26":{"start":{"line":78,"column":4},"end":{"line":81,"column":7}},"27":{"start":{"line":83,"column":4},"end":{"line":86,"column":7}},"28":{"start":{"line":95,"column":31},"end":{"line":139,"column":1}},"29":{"start":{"line":96,"column":2},"end":{"line":138,"column":3}},"30":{"start":{"line":97,"column":20},"end":{"line":97,"column":28}},"31":{"start":{"line":100,"column":4},"end":{"line":102,"column":5}},"32":{"start":{"line":101,"column":6},"end":{"line":101,"column":20}},"33":{"start":{"line":104,"column":28},"end":{"line":104,"column":62}},"34":{"start":{"line":105,"column":16},"end":{"line":105,"column":26}},"35":{"start":{"line":106,"column":24},"end":{"line":106,"column":69}},"36":{"start":{"line":109,"column":30},"end":{"line":109,"column":32}},"37":{"start":{"line":111,"column":4},"end":{"line":122,"column":5}},"38":{"start":{"line":112,"column":6},"end":{"line":116,"column":9}},"39":{"start":{"line":118,"column":6},"end":{"line":121,"column":9}},"40":{"start":{"line":124,"column":4},"end":{"line":127,"column":7}},"41":{"start":{"line":129,"column":4},"end":{"line":129,"column":11}},"42":{"start":{"line":131,"column":4},"end":{"line":134,"column":7}},"43":{"start":{"line":137,"column":4},"end":{"line":137,"column":11}},"44":{"start":{"line":141,"column":0},"end":{"line":144,"column":2}}},"fnMap":{"0":{"name":"(anonymous_0)","decl":{"start":{"line":10,"column":20},"end":{"line":10,"column":21}},"loc":{"start":{"line":10,"column":40},"end":{"line":88,"column":1}},"line":10},"1":{"name":"(anonymous_1)","decl":{"start":{"line":24,"column":11},"end":{"line":24,"column":12}},"loc":{"start":{"line":24,"column":17},"end":{"line":24,"column":26}},"line":24},"2":{"name":"(anonymous_2)","decl":{"start":{"line":25,"column":14},"end":{"line":25,"column":15}},"loc":{"start":{"line":25,"column":20},"end":{"line":25,"column":33}},"line":25},"3":{"name":"(anonymous_3)","decl":{"start":{"line":48,"column":38},"end":{"line":48,"column":39}},"loc":{"start":{"line":48,"column":51},"end":{"line":61,"column":5}},"line":48},"4":{"name":"(anonymous_4)","decl":{"start":{"line":95,"column":31},"end":{"line":95,"column":32}},"loc":{"start":{"line":95,"column":51},"end":{"line":139,"column":1}},"line":95}},"branchMap":{"0":{"loc":{"start":{"line":16,"column":4},"end":{"line":19,"column":5}},"type":"if","locations":[{"start":{"line":16,"column":4},"end":{"line":19,"column":5}},{"start":{},"end":{}}],"line":16},"1":{"loc":{"start":{"line":16,"column":8},"end":{"line":16,"column":51}},"type":"binary-expr","locations":[{"start":{"line":16,"column":8},"end":{"line":16,"column":21}},{"start":{"line":16,"column":25},"end":{"line":16,"column":51}}],"line":16},"2":{"loc":{"start":{"line":27,"column":4},"end":{"line":30,"column":5}},"type":"if","locations":[{"start":{"line":27,"column":4},"end":{"line":30,"column":5}},{"start":{},"end":{}}],"line":27},"3":{"loc":{"start":{"line":34,"column":21},"end":{"line":38,"column":15}},"type":"binary-expr","locations":[{"start":{"line":34,"column":21},"end":{"line":34,"column":74}},{"start":{"line":35,"column":9},"end":{"line":35,"column":33}},{"start":{"line":36,"column":9},"end":{"line":36,"column":37}},{"start":{"line":37,"column":9},"end":{"line":37,"column":33}},{"start":{"line":38,"column":9},"end":{"line":38,"column":15}}],"line":34},"4":{"loc":{"start":{"line":50,"column":6},"end":{"line":57,"column":7}},"type":"if","locations":[{"start":{"line":50,"column":6},"end":{"line":57,"column":7}},{"start":{},"end":{}}],"line":50},"5":{"loc":{"start":{"line":50,"column":10},"end":{"line":50,"column":60}},"type":"binary-expr","locations":[{"start":{"line":50,"column":10},"end":{"line":50,"column":33}},{"start":{"line":50,"column":37},"end":{"line":50,"column":60}}],"line":50},"6":{"loc":{"start":{"line":63,"column":4},"end":{"line":73,"column":5}},"type":"if","locations":[{"start":{"line":63,"column":4},"end":{"line":73,"column":5}},{"start":{},"end":{}}],"line":63},"7":{"loc":{"start":{"line":100,"column":4},"end":{"line":102,"column":5}},"type":"if","locations":[{"start":{"line":100,"column":4},"end":{"line":102,"column":5}},{"start":{},"end":{}}],"line":100},"8":{"loc":{"start":{"line":100,"column":8},"end":{"line":100,"column":45}},"type":"binary-expr","locations":[{"start":{"line":100,"column":8},"end":{"line":100,"column":16}},{"start":{"line":100,"column":20},"end":{"line":100,"column":45}}],"line":100},"9":{"loc":{"start":{"line":111,"column":4},"end":{"line":122,"column":5}},"type":"if","locations":[{"start":{"line":111,"column":4},"end":{"line":122,"column":5}},{"start":{},"end":{}}],"line":111}},"s":{"0":1,"1":1,"2":0,"3":0,"4":0,"5":0,"6":0,"7":0,"8":0,"9":0,"10":0,"11":0,"12":0,"13":0,"14":0,"15":0,"16":0,"17":0,"18":0,"19":0,"20":0,"21":0,"22":0,"23":0,"24":0,"25":0,"26":0,"27":0,"28":1,"29":0,"30":0,"31":0,"32":0,"33":0,"34":0,"35":0,"36":0,"37":0,"38":0,"39":0,"40":0,"41":0,"42":0,"43":0,"44":1},"f":{"0":0,"1":0,"2":0,"3":0,"4":0},"b":{"0":[0,0],"1":[0,0],"2":[0,0],"3":[0,0,0,0,0],"4":[0,0],"5":[0,0],"6":[0,0],"7":[0,0],"8":[0,0],"9":[0,0]},"_coverageSchema":"1a1c01bbd47fc00a2c39e90264f33305004495a9","hash":"954b57fe3b9de9e831cef9ff4d41735670eded42"}
,"D:\\src\\Nodejs\\BookingHomestay\\homestay-booking\\homestay-booking\\backend\\src\\models\\amenity.model.js": {"path":"D:\\src\\Nodejs\\BookingHomestay\\homestay-booking\\homestay-booking\\backend\\src\\models\\amenity.model.js","statementMap":{"0":{"start":{"line":1,"column":17},"end":{"line":1,"column":36}},"1":{"start":{"line":3,"column":22},"end":{"line":30,"column":1}},"2":{"start":{"line":33,"column":0},"end":{"line":33,"column":51}},"3":{"start":{"line":34,"column":0},"end":{"line":34,"column":51}},"4":{"start":{"line":35,"column":0},"end":{"line":35,"column":50}},"5":{"start":{"line":38,"column":0},"end":{"line":46,"column":3}},"6":{"start":{"line":39,"column":2},"end":{"line":44,"column":3}},"7":{"start":{"line":40,"column":4},"end":{"line":43,"column":31}},"8":{"start":{"line":45,"column":2},"end":{"line":45,"column":9}},"9":{"start":{"line":48,"column":16},"end":{"line":48,"column":56}},"10":{"start":{"line":50,"column":0},"end":{"line":50,"column":25}}},"fnMap":{"0":{"name":"(anonymous_0)","decl":{"start":{"line":38,"column":26},"end":{"line":38,"column":27}},"loc":{"start":{"line":38,"column":42},"end":{"line":46,"column":1}},"line":38}},"branchMap":{"0":{"loc":{"start":{"line":39,"column":2},"end":{"line":44,"column":3}},"type":"if","locations":[{"start":{"line":39,"column":2},"end":{"line":44,"column":3}},{"start":{},"end":{}}],"line":39},"1":{"loc":{"start":{"line":39,"column":6},"end":{"line":39,"column":43}},"type":"binary-expr","locations":[{"start":{"line":39,"column":6},"end":{"line":39,"column":29}},{"start":{"line":39,"column":33},"end":{"line":39,"column":43}}],"line":39}},"s":{"0":1,"1":1,"2":1,"3":1,"4":1,"5":1,"6":0,"7":0,"8":0,"9":1,"10":1},"f":{"0":0},"b":{"0":[0,0],"1":[0,0]},"_coverageSchema":"1a1c01bbd47fc00a2c39e90264f33305004495a9","hash":"035d8cab15027f354be902f942e9f036b00af72b"}
,"D:\\src\\Nodejs\\BookingHomestay\\homestay-booking\\homestay-booking\\backend\\src\\models\\unmatchedTransaction.model.js": {"path":"D:\\src\\Nodejs\\BookingHomestay\\homestay-booking\\homestay-booking\\backend\\src\\models\\unmatchedTransaction.model.js","statementMap":{"0":{"start":{"line":1,"column":17},"end":{"line":1,"column":36}},"1":{"start":{"line":8,"column":35},"end":{"line":134,"column":1}},"2":{"start":{"line":45,"column":12},"end":{"line":45,"column":48}},"3":{"start":{"line":137,"column":0},"end":{"line":137,"column":73}},"4":{"start":{"line":138,"column":0},"end":{"line":138,"column":48}},"5":{"start":{"line":139,"column":0},"end":{"line":139,"column":58}},"6":{"start":{"line":140,"column":0},"end":{"line":140,"column":52}},"7":{"start":{"line":141,"column":0},"end":{"line":141,"column":76}},"8":{"start":{"line":144,"column":0},"end":{"line":144,"column":69}},"9":{"start":{"line":145,"column":0},"end":{"line":145,"column":63}},"10":{"start":{"line":146,"column":0},"end":{"line":146,"column":59}},"11":{"start":{"line":156,"column":0},"end":{"line":195,"column":2}},"12":{"start":{"line":158,"column":2},"end":{"line":160,"column":3}},"13":{"start":{"line":159,"column":4},"end":{"line":159,"column":76}},"14":{"start":{"line":163,"column":2},"end":{"line":165,"column":3}},"15":{"start":{"line":164,"column":4},"end":{"line":164,"column":42}},"16":{"start":{"line":168,"column":18},"end":{"line":186,"column":3}},"17":{"start":{"line":188,"column":2},"end":{"line":190,"column":3}},"18":{"start":{"line":189,"column":4},"end":{"line":189,"column":64}},"19":{"start":{"line":193,"column":2},"end":{"line":193,"column":42}},"20":{"start":{"line":194,"column":2},"end":{"line":194,"column":14}},"21":{"start":{"line":204,"column":0},"end":{"line":237,"column":2}},"22":{"start":{"line":206,"column":2},"end":{"line":208,"column":3}},"23":{"start":{"line":207,"column":4},"end":{"line":207,"column":77}},"24":{"start":{"line":211,"column":18},"end":{"line":228,"column":3}},"25":{"start":{"line":230,"column":2},"end":{"line":232,"column":3}},"26":{"start":{"line":231,"column":4},"end":{"line":231,"column":66}},"27":{"start":{"line":235,"column":2},"end":{"line":235,"column":42}},"28":{"start":{"line":236,"column":2},"end":{"line":236,"column":14}},"29":{"start":{"line":243,"column":0},"end":{"line":245,"column":2}},"30":{"start":{"line":244,"column":2},"end":{"line":244,"column":37}},"31":{"start":{"line":258,"column":0},"end":{"line":287,"column":2}},"32":{"start":{"line":264,"column":6},"end":{"line":264,"column":13}},"33":{"start":{"line":266,"column":15},"end":{"line":266,"column":33}},"34":{"start":{"line":267,"column":15},"end":{"line":267,"column":57}},"35":{"start":{"line":269,"column":32},"end":{"line":276,"column":4}},"36":{"start":{"line":278,"column":2},"end":{"line":286,"column":4}},"37":{"start":{"line":296,"column":0},"end":{"line":313,"column":2}},"38":{"start":{"line":301,"column":16},"end":{"line":306,"column":3}},"39":{"start":{"line":308,"column":2},"end":{"line":310,"column":3}},"40":{"start":{"line":309,"column":4},"end":{"line":309,"column":26}},"41":{"start":{"line":312,"column":2},"end":{"line":312,"column":69}},"42":{"start":{"line":322,"column":0},"end":{"line":336,"column":2}},"43":{"start":{"line":327,"column":16},"end":{"line":333,"column":3}},"44":{"start":{"line":335,"column":2},"end":{"line":335,"column":60}},"45":{"start":{"line":344,"column":0},"end":{"line":354,"column":2}},"46":{"start":{"line":348,"column":16},"end":{"line":351,"column":3}},"47":{"start":{"line":353,"column":2},"end":{"line":353,"column":63}},"48":{"start":{"line":360,"column":0},"end":{"line":395,"column":2}},"49":{"start":{"line":361,"column":51},"end":{"line":379,"column":4}},"50":{"start":{"line":381,"column":16},"end":{"line":385,"column":3}},"51":{"start":{"line":387,"column":2},"end":{"line":392,"column":5}},"52":{"start":{"line":388,"column":4},"end":{"line":391,"column":6}},"53":{"start":{"line":394,"column":2},"end":{"line":394,"column":15}},"54":{"start":{"line":398,"column":0},"end":{"line":403,"column":3}},"55":{"start":{"line":406,"column":0},"end":{"line":411,"column":3}},"56":{"start":{"line":413,"column":29},"end":{"line":413,"column":95}},"57":{"start":{"line":415,"column":0},"end":{"line":415,"column":38}}},"fnMap":{"0":{"name":"(anonymous_0)","decl":{"start":{"line":43,"column":21},"end":{"line":43,"column":22}},"loc":{"start":{"line":43,"column":34},"end":{"line":46,"column":11}},"line":43},"1":{"name":"(anonymous_1)","decl":{"start":{"line":156,"column":51},"end":{"line":156,"column":52}},"loc":{"start":{"line":156,"column":98},"end":{"line":195,"column":1}},"line":156},"2":{"name":"(anonymous_2)","decl":{"start":{"line":204,"column":51},"end":{"line":204,"column":52}},"loc":{"start":{"line":204,"column":87},"end":{"line":237,"column":1}},"line":204},"3":{"name":"(anonymous_3)","decl":{"start":{"line":243,"column":50},"end":{"line":243,"column":51}},"loc":{"start":{"line":243,"column":62},"end":{"line":245,"column":1}},"line":243},"4":{"name":"(anonymous_4)","decl":{"start":{"line":258,"column":49},"end":{"line":258,"column":50}},"loc":{"start":{"line":258,"column":79},"end":{"line":287,"column":1}},"line":258},"5":{"name":"(anonymous_5)","decl":{"start":{"line":296,"column":53},"end":{"line":296,"column":54}},"loc":{"start":{"line":300,"column":2},"end":{"line":313,"column":1}},"line":300},"6":{"name":"(anonymous_6)","decl":{"start":{"line":322,"column":55},"end":{"line":322,"column":56}},"loc":{"start":{"line":326,"column":2},"end":{"line":336,"column":1}},"line":326},"7":{"name":"(anonymous_7)","decl":{"start":{"line":344,"column":53},"end":{"line":344,"column":54}},"loc":{"start":{"line":347,"column":2},"end":{"line":354,"column":1}},"line":347},"8":{"name":"(anonymous_8)","decl":{"start":{"line":360,"column":51},"end":{"line":360,"column":52}},"loc":{"start":{"line":360,"column":69},"end":{"line":395,"column":1}},"line":360},"9":{"name":"(anonymous_9)","decl":{"start":{"line":387,"column":23},"end":{"line":387,"column":24}},"loc":{"start":{"line":387,"column":33},"end":{"line":392,"column":3}},"line":387}},"branchMap":{"0":{"loc":{"start":{"line":45,"column":19},"end":{"line":45,"column":47}},"type":"binary-expr","locations":[{"start":{"line":45,"column":19},"end":{"line":45,"column":21}},{"start":{"line":45,"column":25},"end":{"line":45,"column":47}}],"line":45},"1":{"loc":{"start":{"line":156,"column":86},"end":{"line":156,"column":96}},"type":"default-arg","locations":[{"start":{"line":156,"column":94},"end":{"line":156,"column":96}}],"line":156},"2":{"loc":{"start":{"line":158,"column":2},"end":{"line":160,"column":3}},"type":"if","locations":[{"start":{"line":158,"column":2},"end":{"line":160,"column":3}},{"start":{},"end":{}}],"line":158},"3":{"loc":{"start":{"line":163,"column":2},"end":{"line":165,"column":3}},"type":"if","locations":[{"start":{"line":163,"column":2},"end":{"line":165,"column":3}},{"start":{},"end":{}}],"line":163},"4":{"loc":{"start":{"line":179,"column":12},"end":{"line":179,"column":42}},"type":"binary-expr","locations":[{"start":{"line":179,"column":12},"end":{"line":179,"column":17}},{"start":{"line":179,"column":21},"end":{"line":179,"column":42}}],"line":179},"5":{"loc":{"start":{"line":188,"column":2},"end":{"line":190,"column":3}},"type":"if","locations":[{"start":{"line":188,"column":2},"end":{"line":190,"column":3}},{"start":{},"end":{}}],"line":188},"6":{"loc":{"start":{"line":204,"column":75},"end":{"line":204,"column":85}},"type":"default-arg","locations":[{"start":{"line":204,"column":83},"end":{"line":204,"column":85}}],"line":204},"7":{"loc":{"start":{"line":206,"column":2},"end":{"line":208,"column":3}},"type":"if","locations":[{"start":{"line":206,"column":2},"end":{"line":208,"column":3}},{"start":{},"end":{}}],"line":206},"8":{"loc":{"start":{"line":221,"column":12},"end":{"line":221,"column":42}},"type":"binary-expr","locations":[{"start":{"line":221,"column":12},"end":{"line":221,"column":17}},{"start":{"line":221,"column":21},"end":{"line":221,"column":42}}],"line":221},"9":{"loc":{"start":{"line":230,"column":2},"end":{"line":232,"column":3}},"type":"if","locations":[{"start":{"line":230,"column":2},"end":{"line":232,"column":3}},{"start":{},"end":{}}],"line":230},"10":{"loc":{"start":{"line":258,"column":65},"end":{"line":258,"column":77}},"type":"default-arg","locations":[{"start":{"line":258,"column":75},"end":{"line":258,"column":77}}],"line":258},"11":{"loc":{"start":{"line":260,"column":4},"end":{"line":260,"column":12}},"type":"default-arg","locations":[{"start":{"line":260,"column":11},"end":{"line":260,"column":12}}],"line":260},"12":{"loc":{"start":{"line":261,"column":4},"end":{"line":261,"column":14}},"type":"default-arg","locations":[{"start":{"line":261,"column":12},"end":{"line":261,"column":14}}],"line":261},"13":{"loc":{"start":{"line":262,"column":4},"end":{"line":262,"column":24}},"type":"default-arg","locations":[{"start":{"line":262,"column":13},"end":{"line":262,"column":24}}],"line":262},"14":{"loc":{"start":{"line":263,"column":4},"end":{"line":263,"column":22}},"type":"default-arg","locations":[{"start":{"line":263,"column":16},"end":{"line":263,"column":22}}],"line":263},"15":{"loc":{"start":{"line":267,"column":27},"end":{"line":267,"column":55}},"type":"cond-expr","locations":[{"start":{"line":267,"column":49},"end":{"line":267,"column":50}},{"start":{"line":267,"column":53},"end":{"line":267,"column":55}}],"line":267},"16":{"loc":{"start":{"line":299,"column":2},"end":{"line":299,"column":15}},"type":"default-arg","locations":[{"start":{"line":299,"column":11},"end":{"line":299,"column":15}}],"line":299},"17":{"loc":{"start":{"line":308,"column":2},"end":{"line":310,"column":3}},"type":"if","locations":[{"start":{"line":308,"column":2},"end":{"line":310,"column":3}},{"start":{},"end":{}}],"line":308},"18":{"loc":{"start":{"line":325,"column":2},"end":{"line":325,"column":22}},"type":"default-arg","locations":[{"start":{"line":325,"column":11},"end":{"line":325,"column":22}}],"line":325},"19":{"loc":{"start":{"line":346,"column":2},"end":{"line":346,"column":22}},"type":"default-arg","locations":[{"start":{"line":346,"column":11},"end":{"line":346,"column":22}}],"line":346},"20":{"loc":{"start":{"line":383,"column":21},"end":{"line":383,"column":47}},"type":"binary-expr","locations":[{"start":{"line":383,"column":21},"end":{"line":383,"column":42}},{"start":{"line":383,"column":46},"end":{"line":383,"column":47}}],"line":383}},"s":{"0":1,"1":1,"2":0,"3":1,"4":1,"5":1,"6":1,"7":1,"8":1,"9":1,"10":1,"11":1,"12":0,"13":0,"14":0,"15":0,"16":0,"17":0,"18":0,"19":0,"20":0,"21":1,"22":0,"23":0,"24":0,"25":0,"26":0,"27":0,"28":0,"29":1,"30":0,"31":1,"32":0,"33":0,"34":0,"35":0,"36":0,"37":1,"38":0,"39":0,"40":0,"41":0,"42":1,"43":0,"44":0,"45":1,"46":0,"47":0,"48":1,"49":0,"50":0,"51":0,"52":0,"53":0,"54":1,"55":1,"56":1,"57":1},"f":{"0":0,"1":0,"2":0,"3":0,"4":0,"5":0,"6":0,"7":0,"8":0,"9":0},"b":{"0":[0,0],"1":[0],"2":[0,0],"3":[0,0],"4":[0,0],"5":[0,0],"6":[0],"7":[0,0],"8":[0,0],"9":[0,0],"10":[0],"11":[0],"12":[0],"13":[0],"14":[0],"15":[0,0],"16":[0],"17":[0,0],"18":[0],"19":[0],"20":[0,0]},"_coverageSchema":"1a1c01bbd47fc00a2c39e90264f33305004495a9","hash":"6533966fe5e59e70f910a34dde95dcb2f6fe6aeb"}
,"D:\\src\\Nodejs\\BookingHomestay\\homestay-booking\\homestay-booking\\backend\\src\\modules\\auth\\auth.controller.js": {"path":"D:\\src\\Nodejs\\BookingHomestay\\homestay-booking\\homestay-booking\\backend\\src\\modules\\auth\\auth.controller.js","statementMap":{"0":{"start":{"line":1,"column":20},"end":{"line":1,"column":45}},"1":{"start":{"line":2,"column":24},"end":{"line":2,"column":66}},"2":{"start":{"line":3,"column":20},"end":{"line":3,"column":54}},"3":{"start":{"line":4,"column":19},"end":{"line":4,"column":52}},"4":{"start":{"line":11,"column":13},"end":{"line":15,"column":4}},"5":{"start":{"line":12,"column":19},"end":{"line":12,"column":55}},"6":{"start":{"line":14,"column":4},"end":{"line":14,"column":91}},"7":{"start":{"line":21,"column":10},"end":{"line":34,"column":4}},"8":{"start":{"line":22,"column":32},"end":{"line":22,"column":40}},"9":{"start":{"line":23,"column":19},"end":{"line":23,"column":59}},"10":{"start":{"line":26,"column":4},"end":{"line":31,"column":7}},"11":{"start":{"line":33,"column":4},"end":{"line":33,"column":57}},"12":{"start":{"line":40,"column":17},"end":{"line":53,"column":4}},"13":{"start":{"line":41,"column":25},"end":{"line":41,"column":74}},"14":{"start":{"line":42,"column":19},"end":{"line":42,"column":63}},"15":{"start":{"line":45,"column":4},"end":{"line":50,"column":7}},"16":{"start":{"line":52,"column":4},"end":{"line":52,"column":73}},"17":{"start":{"line":59,"column":11},"end":{"line":66,"column":4}},"18":{"start":{"line":60,"column":4},"end":{"line":60,"column":43}},"19":{"start":{"line":63,"column":4},"end":{"line":63,"column":36}},"20":{"start":{"line":65,"column":4},"end":{"line":65,"column":56}},"21":{"start":{"line":72,"column":16},"end":{"line":77,"column":4}},"22":{"start":{"line":73,"column":22},"end":{"line":73,"column":30}},"23":{"start":{"line":74,"column":4},"end":{"line":74,"column":41}},"24":{"start":{"line":76,"column":4},"end":{"line":76,"column":66}},"25":{"start":{"line":83,"column":23},"end":{"line":92,"column":4}},"26":{"start":{"line":84,"column":22},"end":{"line":84,"column":30}},"27":{"start":{"line":85,"column":18},"end":{"line":85,"column":66}},"28":{"start":{"line":87,"column":4},"end":{"line":91,"column":6}},"29":{"start":{"line":98,"column":19},"end":{"line":107,"column":4}},"30":{"start":{"line":99,"column":22},"end":{"line":99,"column":30}},"31":{"start":{"line":100,"column":18},"end":{"line":100,"column":57}},"32":{"start":{"line":102,"column":4},"end":{"line":106,"column":6}},"33":{"start":{"line":113,"column":14},"end":{"line":118,"column":4}},"34":{"start":{"line":114,"column":27},"end":{"line":114,"column":35}},"35":{"start":{"line":115,"column":4},"end":{"line":115,"column":44}},"36":{"start":{"line":117,"column":4},"end":{"line":117,"column":64}},"37":{"start":{"line":124,"column":18},"end":{"line":129,"column":4}},"38":{"start":{"line":125,"column":37},"end":{"line":125,"column":45}},"39":{"start":{"line":126,"column":4},"end":{"line":126,"column":58}},"40":{"start":{"line":128,"column":4},"end":{"line":128,"column":102}},"41":{"start":{"line":135,"column":19},"end":{"line":147,"column":4}},"42":{"start":{"line":136,"column":45},"end":{"line":136,"column":53}},"43":{"start":{"line":137,"column":4},"end":{"line":137,"column":81}},"44":{"start":{"line":140,"column":4},"end":{"line":140,"column":36}},"45":{"start":{"line":142,"column":4},"end":{"line":146,"column":6}},"46":{"start":{"line":153,"column":19},"end":{"line":155,"column":4}},"47":{"start":{"line":154,"column":4},"end":{"line":154,"column":80}},"48":{"start":{"line":161,"column":16},"end":{"line":182,"column":4}},"49":{"start":{"line":162,"column":30},"end":{"line":162,"column":38}},"50":{"start":{"line":164,"column":4},"end":{"line":166,"column":5}},"51":{"start":{"line":165,"column":6},"end":{"line":165,"column":74}},"52":{"start":{"line":168,"column":19},"end":{"line":168,"column":67}},"53":{"start":{"line":171,"column":4},"end":{"line":176,"column":7}},"54":{"start":{"line":178,"column":4},"end":{"line":181,"column":34}},"55":{"start":{"line":185,"column":0},"end":{"line":185,"column":38}}},"fnMap":{"0":{"name":"(anonymous_0)","decl":{"start":{"line":11,"column":24},"end":{"line":11,"column":25}},"loc":{"start":{"line":11,"column":44},"end":{"line":15,"column":3}},"line":11},"1":{"name":"(anonymous_1)","decl":{"start":{"line":21,"column":21},"end":{"line":21,"column":22}},"loc":{"start":{"line":21,"column":41},"end":{"line":34,"column":3}},"line":21},"2":{"name":"(anonymous_2)","decl":{"start":{"line":40,"column":28},"end":{"line":40,"column":29}},"loc":{"start":{"line":40,"column":48},"end":{"line":53,"column":3}},"line":40},"3":{"name":"(anonymous_3)","decl":{"start":{"line":59,"column":22},"end":{"line":59,"column":23}},"loc":{"start":{"line":59,"column":42},"end":{"line":66,"column":3}},"line":59},"4":{"name":"(anonymous_4)","decl":{"start":{"line":72,"column":27},"end":{"line":72,"column":28}},"loc":{"start":{"line":72,"column":47},"end":{"line":77,"column":3}},"line":72},"5":{"name":"(anonymous_5)","decl":{"start":{"line":83,"column":34},"end":{"line":83,"column":35}},"loc":{"start":{"line":83,"column":54},"end":{"line":92,"column":3}},"line":83},"6":{"name":"(anonymous_6)","decl":{"start":{"line":98,"column":30},"end":{"line":98,"column":31}},"loc":{"start":{"line":98,"column":50},"end":{"line":107,"column":3}},"line":98},"7":{"name":"(anonymous_7)","decl":{"start":{"line":113,"column":25},"end":{"line":113,"column":26}},"loc":{"start":{"line":113,"column":45},"end":{"line":118,"column":3}},"line":113},"8":{"name":"(anonymous_8)","decl":{"start":{"line":124,"column":29},"end":{"line":124,"column":30}},"loc":{"start":{"line":124,"column":49},"end":{"line":129,"column":3}},"line":124},"9":{"name":"(anonymous_9)","decl":{"start":{"line":135,"column":30},"end":{"line":135,"column":31}},"loc":{"start":{"line":135,"column":50},"end":{"line":147,"column":3}},"line":135},"10":{"name":"(anonymous_10)","decl":{"start":{"line":153,"column":30},"end":{"line":153,"column":31}},"loc":{"start":{"line":153,"column":50},"end":{"line":155,"column":3}},"line":153},"11":{"name":"(anonymous_11)","decl":{"start":{"line":161,"column":27},"end":{"line":161,"column":28}},"loc":{"start":{"line":161,"column":47},"end":{"line":182,"column":3}},"line":161}},"branchMap":{"0":{"loc":{"start":{"line":41,"column":25},"end":{"line":41,"column":74}},"type":"binary-expr","locations":[{"start":{"line":41,"column":25},"end":{"line":41,"column":46}},{"start":{"line":41,"column":50},"end":{"line":41,"column":74}}],"line":41},"1":{"loc":{"start":{"line":164,"column":4},"end":{"line":166,"column":5}},"type":"if","locations":[{"start":{"line":164,"column":4},"end":{"line":166,"column":5}},{"start":{},"end":{}}],"line":164}},"s":{"0":1,"1":1,"2":1,"3":1,"4":1,"5":0,"6":0,"7":1,"8":0,"9":0,"10":0,"11":0,"12":1,"13":0,"14":0,"15":0,"16":0,"17":1,"18":0,"19":0,"20":0,"21":1,"22":0,"23":0,"24":0,"25":1,"26":0,"27":0,"28":0,"29":1,"30":0,"31":0,"32":0,"33":1,"34":0,"35":0,"36":0,"37":1,"38":0,"39":0,"40":0,"41":1,"42":0,"43":0,"44":0,"45":0,"46":1,"47":0,"48":1,"49":0,"50":0,"51":0,"52":0,"53":0,"54":0,"55":1},"f":{"0":0,"1":0,"2":0,"3":0,"4":0,"5":0,"6":0,"7":0,"8":0,"9":0,"10":0,"11":0},"b":{"0":[0,0],"1":[0,0]},"_coverageSchema":"1a1c01bbd47fc00a2c39e90264f33305004495a9","hash":"cd244fbfe2983145db23aad43bb46659c116a737"}
,"D:\\src\\Nodejs\\BookingHomestay\\homestay-booking\\homestay-booking\\backend\\src\\modules\\auth\\auth.routes.js": {"path":"D:\\src\\Nodejs\\BookingHomestay\\homestay-booking\\homestay-booking\\backend\\src\\modules\\auth\\auth.routes.js","statementMap":{"0":{"start":{"line":1,"column":16},"end":{"line":1,"column":34}},"1":{"start":{"line":2,"column":23},"end":{"line":2,"column":51}},"2":{"start":{"line":3,"column":21},"end":{"line":3,"column":71}},"3":{"start":{"line":4,"column":25},"end":{"line":4,"column":69}},"4":{"start":{"line":5,"column":46},"end":{"line":5,"column":95}},"5":{"start":{"line":15,"column":4},"end":{"line":15,"column":32}},"6":{"start":{"line":17,"column":15},"end":{"line":17,"column":31}},"7":{"start":{"line":91,"column":0},"end":{"line":91,"column":76}},"8":{"start":{"line":146,"column":0},"end":{"line":146,"column":80}},"9":{"start":{"line":149,"column":0},"end":{"line":149,"column":89}},"10":{"start":{"line":152,"column":0},"end":{"line":152,"column":86}},"11":{"start":{"line":155,"column":0},"end":{"line":155,"column":71}},"12":{"start":{"line":158,"column":0},"end":{"line":158,"column":51}},"13":{"start":{"line":161,"column":0},"end":{"line":166,"column":2}},"14":{"start":{"line":169,"column":0},"end":{"line":169,"column":80}},"15":{"start":{"line":172,"column":0},"end":{"line":172,"column":92}},"16":{"start":{"line":179,"column":0},"end":{"line":179,"column":60}},"17":{"start":{"line":182,"column":0},"end":{"line":187,"column":2}},"18":{"start":{"line":190,"column":0},"end":{"line":190,"column":63}},"19":{"start":{"line":192,"column":0},"end":{"line":192,"column":24}}},"fnMap":{},"branchMap":{},"s":{"0":1,"1":1,"2":1,"3":1,"4":1,"5":1,"6":1,"7":1,"8":1,"9":1,"10":1,"11":1,"12":1,"13":1,"14":1,"15":1,"16":1,"17":1,"18":1,"19":1},"f":{},"b":{},"_coverageSchema":"1a1c01bbd47fc00a2c39e90264f33305004495a9","hash":"e5970e7a7bb35a361e208c73205c72aab13a4965"}
,"D:\\src\\Nodejs\\BookingHomestay\\homestay-booking\\homestay-booking\\backend\\src\\modules\\auth\\auth.service.js": {"path":"D:\\src\\Nodejs\\BookingHomestay\\homestay-booking\\homestay-booking\\backend\\src\\modules\\auth\\auth.service.js","statementMap":{"0":{"start":{"line":1,"column":15},"end":{"line":1,"column":32}},"1":{"start":{"line":2,"column":13},"end":{"line":2,"column":43}},"2":{"start":{"line":3,"column":50},"end":{"line":3,"column":81}},"3":{"start":{"line":9,"column":4},"end":{"line":9,"column":35}},"4":{"start":{"line":10,"column":15},"end":{"line":10,"column":44}},"5":{"start":{"line":11,"column":21},"end":{"line":11,"column":60}},"6":{"start":{"line":20,"column":8},"end":{"line":20,"column":16}},"7":{"start":{"line":23,"column":25},"end":{"line":23,"column":54}},"8":{"start":{"line":24,"column":4},"end":{"line":26,"column":5}},"9":{"start":{"line":25,"column":6},"end":{"line":25,"column":58}},"10":{"start":{"line":29,"column":24},"end":{"line":29,"column":37}},"11":{"start":{"line":30,"column":24},"end":{"line":34,"column":5}},"12":{"start":{"line":37,"column":4},"end":{"line":39,"column":5}},"13":{"start":{"line":38,"column":6},"end":{"line":38,"column":58}},"14":{"start":{"line":42,"column":17},"end":{"line":47,"column":6}},"15":{"start":{"line":50,"column":30},"end":{"line":50,"column":67}},"16":{"start":{"line":51,"column":4},"end":{"line":51,"column":22}},"17":{"start":{"line":54,"column":4},"end":{"line":54,"column":70}},"18":{"start":{"line":55,"column":4},"end":{"line":55,"column":107}},"19":{"start":{"line":58,"column":19},"end":{"line":62,"column":6}},"20":{"start":{"line":65,"column":4},"end":{"line":65,"column":44}},"21":{"start":{"line":66,"column":4},"end":{"line":66,"column":22}},"22":{"start":{"line":69,"column":25},"end":{"line":69,"column":40}},"23":{"start":{"line":70,"column":4},"end":{"line":70,"column":33}},"24":{"start":{"line":72,"column":4},"end":{"line":76,"column":6}},"25":{"start":{"line":84,"column":17},"end":{"line":84,"column":66}},"26":{"start":{"line":86,"column":4},"end":{"line":88,"column":5}},"27":{"start":{"line":87,"column":6},"end":{"line":87,"column":63}},"28":{"start":{"line":91,"column":4},"end":{"line":93,"column":5}},"29":{"start":{"line":92,"column":6},"end":{"line":92,"column":69}},"30":{"start":{"line":96,"column":28},"end":{"line":96,"column":64}},"31":{"start":{"line":97,"column":4},"end":{"line":99,"column":5}},"32":{"start":{"line":98,"column":6},"end":{"line":98,"column":63}},"33":{"start":{"line":102,"column":19},"end":{"line":106,"column":6}},"34":{"start":{"line":109,"column":4},"end":{"line":109
[...]
,"D:\\src\\Nodejs\\BookingHomestay\\homestay-booking\\homestay-booking\\backend\\src\\utils\\logger.js": {"path":"D:\\src\\Nodejs\\BookingHomestay\\homestay-booking\\homestay-booking\\backend\\src\\utils\\logger.js","statementMap":{"0":{"start":{"line":1,"column":16},"end":{"line":1,"column":34}},"1":{"start":{"line":3,"column":15},"end":{"line":18,"column":2}},"2":{"start":{"line":21,"column":0},"end":{"line":30,"column":1}},"3":{"start":{"line":22,"column":2},"end":{"line":29,"column":4}},"4":{"start":{"line":32,"column":0},"end":{"line":32,"column":24}}},"fnMap":{},"branchMap":{"0":{"loc":{"start":{"line":4,"column":9},"end":{"line":4,"column":65}},"type":"cond-expr","locations":[{"start":{"line":4,"column":49},"end":{"line":4,"column":55}},{"start":{"line":4,"column":58},"end":{"line":4,"column":65}}],"line":4},"1":{"loc":{"start":{"line":21,"column":0},"end":{"line":30,"column":1}},"type":"if","locations":[{"start":{"line":21,"column":0},"end":{"line":30,"column":1}},{"start":{},"end":{}}],"line":21}},"s":{"0":2,"1":2,"2":2,"3":2,"4":2},"f":{},"b":{"0":[0,2],"1":[2,0]},"_coverageSchema":"1a1c01bbd47fc00a2c39e90264f33305004495a9","hash":"67f29538f585fa78790811ac947c46508fcf345e"}
,"D:\\src\\Nodejs\\BookingHomestay\\homestay-booking\\homestay-booking\\backend\\src\\utils\\ownership.util.js": {"path":"D:\\src\\Nodejs\\BookingHomestay\\homestay-booking\\homestay-booking\\backend\\src\\utils\\ownership.util.js","statementMap":{"0":{"start":{"line":1,"column":27},"end":{"line":1,"column":48}},"1":{"start":{"line":2,"column":18},"end":{"line":2,"column":48}},"2":{"start":{"line":7,"column":23},"end":{"line":17,"column":1}},"3":{"start":{"line":9,"column":2},"end":{"line":11,"column":3}},"4":{"start":{"line":10,"column":4},"end":{"line":10,"column":16}},"5":{"start":{"line":13,"column":2},"end":{"line":15,"column":3}},"6":{"start":{"line":14,"column":4},"end":{"line":14,"column":43}},"7":{"start":{"line":16,"column":2},"end":{"line":16,"column":14}},"8":{"start":{"line":22,"column":32},"end":{"line":27,"column":1}},"9":{"start":{"line":22,"column":64},"end":{"line":27,"column":1}},"10":{"start":{"line":32,"column":31},"end":{"line":37,"column":1}},"11":{"start":{"line":32,"column":62},"end":{"line":37,"column":1}},"12":{"start":{"line":39,"column":0},"end":{"line":43,"column":2}}},"fnMap":{"0":{"name":"(anonymous_0)","decl":{"start":{"line":7,"column":23},"end":{"line":7,"column":24}},"loc":{"start":{"line":7,"column":131},"end":{"line":17,"column":1}},"line":7},"1":{"name":"(anonymous_1)","decl":{"start":{"line":22,"column":32},"end":{"line":22,"column":33}},"loc":{"start":{"line":22,"column":64},"end":{"line":27,"column":1}},"line":22},"2":{"name":"(anonymous_2)","decl":{"start":{"line":32,"column":31},"end":{"line":32,"column":32}},"loc":{"start":{"line":32,"column":62},"end":{"line":37,"column":1}},"line":32}},"branchMap":{"0":{"loc":{"start":{"line":7,"column":59},"end":{"line":7,"column":126}},"type":"default-arg","locations":[{"start":{"line":7,"column":74},"end":{"line":7,"column":126}}],"line":7},"1":{"loc":{"start":{"line":9,"column":2},"end":{"line":11,"column":3}},"type":"if","locations":[{"start":{"line":9,"column":2},"end":{"line":11,"column":3}},{"start":{},"end":{}}],"line":9},"2":{"loc":{"start":{"line":13,"column":2},"end":{"line":15,"column":3}},"type":"if","locations":[{"start":{"line":13,"column":2},"end":{"line":15,"column":3}},{"start":{},"end":{}}],"line":13}},"s":{"0":1,"1":1,"2":1,"3":0,"4":0,"5":0,"6":0,"7":0,"8":1,"9":0,"10":1,"11":0,"12":1},"f":{"0":0,"1":0,"2":0},"b":{"0":[0],"1":[0,0],"2":[0,0]},"_coverageSchema":"1a1c01bbd47fc00a2c39e90264f33305004495a9","hash":"19de1a2d26b13f38a0923be4667ebd79ecb5d92c"}
,"D:\\src\\Nodejs\\BookingHomestay\\homestay-booking\\homestay-booking\\backend\\src\\utils\\pagination.util.js": {"path":"D:\\src\\Nodejs\\BookingHomestay\\homestay-booking\\homestay-booking\\backend\\src\\utils\\pagination.util.js","statementMap":{"0":{"start":{"line":8,"column":30},"end":{"line":23,"column":1}},"1":{"start":{"line":9,"column":15},"end":{"line":9,"column":61}},"2":{"start":{"line":10,"column":16},"end":{"line":10,"column":65}},"3":{"start":{"line":13,"column":19},"end":{"line":13,"column":43}},"4":{"start":{"line":14,"column":25},"end":{"line":14,"column":50}},"5":{"start":{"line":16,"column":15},"end":{"line":16,"column":42}},"6":{"start":{"line":18,"column":2},"end":{"line":22,"column":4}},"7":{"start":{"line":28,"column":29},"end":{"line":39,"column":1}},"8":{"start":{"line":29,"column":16},"end":{"line":29,"column":40}},"9":{"start":{"line":31,"column":2},"end":{"line":38,"column":4}},"10":{"start":{"line":46,"column":23},"end":{"line":54,"column":1}},"11":{"start":{"line":47,"column":18},"end":{"line":47,"column":20}},"12":{"start":{"line":48,"column":2},"end":{"line":52,"column":3}},"13":{"start":{"line":49,"column":4},"end":{"line":49,"column":36}},"14":{"start":{"line":51,"column":4},"end":{"line":51,"column":22}},"15":{"start":{"line":53,"column":2},"end":{"line":53,"column":17}},"16":{"start":{"line":59,"column":30},"end":{"line":95,"column":1}},"17":{"start":{"line":62,"column":6},"end":{"line":62,"column":13}},"18":{"start":{"line":64,"column":15},"end":{"line":64,"column":33}},"19":{"start":{"line":65,"column":18},"end":{"line":65,"column":72}},"20":{"start":{"line":67,"column":21},"end":{"line":70,"column":18}},"21":{"start":{"line":72,"column":2},"end":{"line":80,"column":3}},"22":{"start":{"line":73,"column":4},"end":{"line":79,"column":5}},"23":{"start":{"line":74,"column":6},"end":{"line":76,"column":9}},"24":{"start":{"line":75,"column":8},"end":{"line":75,"column":48}},"25":{"start":{"line":78,"column":6},"end":{"line":78,"column":53}},"26":{"start":{"line":82,"column":2},"end":{"line":84,"column":3}},"27":{"start":{"line":83,"column":4},"end":{"line":83,"column":47}},"28":{"start":{"line":86,"column":27},"end":{"line":89,"column":4}},"29":{"start":{"line":91,"column":2},"end":{"line":94,"column":4}},"30":{"start":{"line":97,"column":0},"end":{"line":102,"column":2}}},"fnMap":{"0":{"name":"(anonymous_0)","decl":{"start":{"line":8,"column":30},"end":{"line":8,"column":31}},"loc":{"start":{"line":8,"column":56},"end":{"line":23,"column":1}},"line":8},"1":{"name":"(anonymous_1)","decl":{"start":{"line":28,"column":29},"end":{"line":28,"column":30}},"loc":{"start":{"line":28,"column":53},"end":{"line":39,"column":1}},"line":28},"2":{"name":"(anonymous_2)","decl":{"start":{"line":46,"column":23},"end":{"line":46,"column":24}},"loc":{"start":{"line":46,"column":48},"end":{"line":54,"column":1}},"line":46},"3":{"name":"(anonymous_3)","decl":{"start":{"line":59,"column":30},"end":{"line":59,"column":31}},"loc":{"start":{"line":59,"column":68},"end":{"line":95,"column":1}},"line":59},"4":{"name":"(anonymous_4)","decl":{"start":{"line":74,"column":23},"end":{"line":74,"column":24}},"loc":{"start":{"line":74,"column":30},"end":{"line":76,"column":7}},"line":74}},"branchMap":{"0":{"loc":{"start":{"line":8,"column":38},"end":{"line":8,"column":51}},"type":"default-arg","locations":[{"start":{"line":8,"column":49},"end":{"line":8,"column":51}}],"line":8},"1":{"loc":{"start":{"line":9,"column":15},"end":{"line":9,"column":61}},"type":"binary-expr","locations":[{"start":{"line":9,"column":15},"end":{"line":9,"column":39}},{"start":{"line":9,"column":43},"end":{"line":9,"column":56}},{"start":{"line":9,"column":60},"end":{"line":9,"column":61}}],"line":9},"2":{"loc":{"start":{"line":10,"column":16},"end":{"line":10,"column":65}},"type":"binary-expr","locations":[{"start":{"line":10,"column":16},"end":{"line":10,"column":41}},{"start":{"line":10,"column":45},"end":{"line":10,"column":59}},{"start":{"line":10,"column":63},"end":{"line":10,"column":65}}],"line":10},"3":{"loc":{"start":{"line":13,"column":19},"end":{"line":13,"column":43}},"type":"binary-expr","locations":[{"start":{"line":13,"column":19},"end":{"line":13,"column":36}},{"start":{"line":13,"column":40},"end":{"line":13,"column":43}}],"line":13},"4":{"loc":{"start":{"line":46,"column":24},"end":{"line":46,"column":43}},"type":"default-arg","locations":[{"start":{"line":46,"column":31},"end":{"line":46,"column":43}}],"line":46},"5":{"loc":{"start":{"line":48,"column":2},"end":{"line":52,"column":3}},"type":"if","locations":[{"start":{"line":48,"column":2},"end":{"line":52,"column":3}},{"start":{"line":50,"column":9},"end":{"line":52,"column":3}}],"line":48},"6":{"loc":{"start":{"line":59,"column":51},"end":{"line":59,"column":63}},"type":"default-arg","locations":[{"start":{"line":59,"column":61},"end":{"line":59,"column":63}}],"line":59},"7":{"loc":{"start":{"line":61,"column":4},"end":{"line":61,"column":12}},"type":"default-arg","locations":[{"start":{"line":61,"column":11},"end":{"line":61,"column":12}}],"line":61},"8":{"loc":{"start":{"line":61,"column":14},"end":{"line":61,"column":24}},"type":"default-arg","locations":[{"start":{"line":61,"column":22},"end":{"line":61,"column":24}}],"line":61},"9":{"loc":{"start":{"line":61,"column":26},"end":{"line":61,"column":45}},"type":"default-arg","locations":[{"start":{"line":61,"column":33},"end":{"line":61,"column":45}}],"line":61},"10":{"loc":{"start":{"line":65,"column":18},"end":{"line":65,"column":72}},"type":"cond-expr","locations":[{"start":{"line":65,"column":45},"end":{"line":65,"column":65}},{"start":{"line":65,"column":68},"end":{"line":65,"column":72}}],"line":65},"11":{"loc":{"start":{"line":72,"column":2},"end":{"line":80,"column":3}},"type":"if","locations":[{"start":{"line":72,"column":2},"end":{"line":80,"column":3}},{"start":{},"end":{}}],"line":72},"12":{"loc":{"start":{"line":73,"column":4},"end":{"line":79,"column":5}},"type":"if","locations":[{"start":{"line":73,"column":4},"end":{"line":79,"column":5}},{"start":{"line":77,"column":11},"end":{"line":79,"column":5}}],"line":73},"13":{"loc":{"start":{"line":82,"column":2},"end":{"line":84,"column":3}},"type":"if","locations":[{"start":{"line":82,"column":2},"end":{"line":84,"column":3}},{"start":{},"end":{}}],"line":82}},"s":{"0":1,"1":0,"2":0,"3":0,"4":0,"5":0,"6":0,"7":1,"8":0,"9":0,"10":1,"11":0,"12":0,"13":0,"14":0,"15":0,"16":1,"17":0,"18":0,"19":0,"20":0,"21":0,"22":0,"23":0,"24":0,"25":0,"26":0,"27":0,"28":0,"29":0,"30":1},"f":{"0":0,"1":0,"2":0,"3":0,"4":0},"b":{"0":[0],"1":[0,0,0],"2":[0,0,0],"3":[0,0],"4":[0],"5":[0,0],"6":[0],"7":[0],"8":[0],"9":[0],"10":[0,0],"11":[0,0],"12":[0,0],"13":[0,0]},"_coverageSchema":"1a1c01bbd47fc00a2c39e90264f33305004495a9","hash":"9151e546fe6e3f8cdda6245ee1b5658af6bed744"}
,"D:\\src\\Nodejs\\BookingHomestay\\homestay-booking\\homestay-booking\\backend\\src\\utils\\regex.util.js": {"path":"D:\\src\\Nodejs\\BookingHomestay\\homestay-booking\\homestay-booking\\backend\\src\\utils\\regex.util.js","statementMap":{"0":{"start":{"line":9,"column":27},"end":{"line":12,"column":1}},"1":{"start":{"line":10,"column":2},"end":{"line":10,"column":53}},"2":{"start":{"line":10,"column":43},"end":{"line":10,"column":53}},"3":{"start":{"line":11,"column":2},"end":{"line":11,"column":54}},"4":{"start":{"line":17,"column":24},"end":{"line":20,"column":1}},"5":{"start":{"line":18,"column":20},"end":{"line":18,"column":45}},"6":{"start":{"line":19,"column":2},"end":{"line":19,"column":38}},"7":{"start":{"line":22,"column":0},"end":{"line":25,"column":2}}},"fnMap":{"0":{"name":"(anonymous_0)","decl":{"start":{"line":9,"column":27},"end":{"line":9,"column":28}},"loc":{"start":{"line":9,"column":38},"end":{"line":12,"column":1}},"line":9},"1":{"name":"(anonymous_1)","decl":{"start":{"line":17,"column":24},"end":{"line":17,"column":25}},"loc":{"start":{"line":17,"column":48},"end":{"line":20,"column":1}},"line":17}},"branchMap":{"0":{"loc":{"start":{"line":10,"column":2},"end":{"line":10,"column":53}},"type":"if","locations":[{"start":{"line":10,"column":2},"end":{"line":10,"column":53}},{"start":{},"end":{}}],"line":10},"1":{"loc":{"start":{"line":10,"column":6},"end":{"line":10,"column":41}},"type":"binary-expr","locations":[{"start":{"line":10,"column":6},"end":{"line":10,"column":12}},{"start":{"line":10,"column":16},"end":{"line":10,"column":41}}],"line":10},"2":{"loc":{"start":{"line":17,"column":32},"end":{"line":17,"column":43}},"type":"default-arg","locations":[{"start":{"line":17,"column":40},"end":{"line":17,"column":43}}],"line":17}},"s":{"0":1,"1":0,"2":0,"3":0,"4":1,"5":0,"6":0,"7":1},"f":{"0":0,"1":0},"b":{"0":[0,0],"1":[0,0],"2":[0]},"_coverageSchema":"1a1c01bbd47fc00a2c39e90264f33305004495a9","hash":"bc94b329e7900de70d37aa4ad3dfbabd52a5ee49"}
,"D:\\src\\Nodejs\\BookingHomestay\\homestay-booking\\homestay-booking\\backend\\src\\utils\\resource.util.js": {"path":"D:\\src\\Nodejs\\BookingHomestay\\homestay-booking\\homestay-booking\\backend\\src\\utils\\resource.util.js","statementMap":{"0":{"start":{"line":1,"column":26},"end":{"line":1,"column":47}},"1":{"start":{"line":11,"column":23},"end":{"line":35,"column":1}},"2":{"start":{"line":12,"column":14},"end":{"line":12,"column":32}},"3":{"start":{"line":14,"column":2},"end":{"line":16,"column":3}},"4":{"start":{"line":15,"column":4},"end":{"line":15,"column":41}},"5":{"start":{"line":18,"column":2},"end":{"line":26,"column":3}},"6":{"start":{"line":19,"column":4},"end":{"line":25,"column":5}},"7":{"start":{"line":20,"column":6},"end":{"line":22,"column":9}},"8":{"start":{"line":21,"column":8},"end":{"line":21,"column":34}},"9":{"start":{"line":24,"column":6},"end":{"line":24,"column":47}},"10":{"start":{"line":28,"column":19},"end":{"line":28,"column":30}},"11":{"start":{"line":30,"column":2},"end":{"line":32,"column":3}},"12":{"start":{"line":31,"column":4},"end":{"line":31,"column":42}},"13":{"start":{"line":34,"column":2},"end":{"line":34,"column":18}},"14":{"start":{"line":45,"column":22},"end":{"line":69,"column":1}},"15":{"start":{"line":46,"column":14},"end":{"line":46,"column":35}},"16":{"start":{"line":48,"column":2},"end":{"line":50,"column":3}},"17":{"start":{"line":49,"column":4},"end":{"line":49,"column":41}},"18":{"start":{"line":52,"column":2},"end":{"line":60,"column":3}},"19":{"start":{"line":53,"column":4},"end":{"line":59,"column":5}},"20":{"start":{"line":54,"column":6},"end":{"line":56,"column":9}},"21":{"start":{"line":55,"column":8},"end":{"line":55,"column":34}},"22":{"start":{"line":58,"column":6},"end":{"line":58,"column":47}},"23":{"start":{"line":62,"column":19},"end":{"line":62,"column":30}},"24":{"start":{"line":64,"column":2},"end":{"line":66,"column":3}},"25":{"start":{"line":65,"column":4},"end":{"line":65,"column":42}},"26":{"start":{"line":68,"column":2},"end":{"line":68,"column":18}},"27":{"start":{"line":71,"column":0},"end":{"line":74,"column":2}}},"fnMap":{"0":{"name":"(anonymous_0)","decl":{"start":{"line":11,"column":23},"end":{"line":11,"column":24}},"loc":{"start":{"line":11,"column":85},"end":{"line":35,"column":1}},"line":11},"1":{"name":"(anonymous_1)","decl":{"start":{"line":20,"column":31},"end":{"line":20,"column":32}},"loc":{"start":{"line":20,"column":38},"end":{"line":22,"column":7}},"line":20},"2":{"name":"(anonymous_2)","decl":{"start":{"line":45,"column":22},"end":{"line":45,"column":23}},"loc":{"start":{"line":45,"column":88},"end":{"line":69,"column":1}},"line":45},"3":{"name":"(anonymous_3)","decl":{"start":{"line":54,"column":31},"end":{"line":54,"column":32}},"loc":{"start":{"line":54,"column":38},"end":{"line":56,"column":7}},"line":54}},"branchMap":{"0":{"loc":{"start":{"line":11,"column":41},"end":{"line":11,"column":66}},"type":"default-arg","locations":[{"start":{"line":11,"column":56},"end":{"line":11,"column":66}}],"line":11},"1":{"loc":{"start":{"line":11,"column":68},"end":{"line":11,"column":80}},"type":"default-arg","locations":[{"start":{"line":11,"column":78},"end":{"line":11,"column":80}}],"line":11},"2":{"loc":{"start":{"line":14,"column":2},"end":{"line":16,"column":3}},"type":"if","locations":[{"start":{"line":14,"column":2},"end":{"line":16,"column":3}},{"start":{},"end":{}}],"line":14},"3":{"loc":{"start":{"line":18,"column":2},"end":{"line":26,"column":3}},"type":"if","locations":[{"start":{"line":18,"column":2},"end":{"line":26,"column":3}},{"start":{},"end":{}}],"line":18},"4":{"loc":{"start":{"line":19,"column":4},"end":{"line":25,"column":5}},"type":"if","locations":[{"start":{"line":19,"column":4},"end":{"line":25,"column":5}},{"start":{"line":23,"column":11},"end":{"line":25,"column":5}}],"line":19},"5":{"loc":{"start":{"line":30,"column":2},"end":{"line":32,"column":3}},"type":"if","locations":[{"start":{"line":30,"column":2},"end":{"line":32,"column":3}},{"start":{},"end":{}}],"line":30},"6":{"loc":{"start":{"line":45,"column":44},"end":{"line":45,"column":69}},"type":"default-arg","locations":[{"start":{"line":45,"column":59},"end":{"line":45,"column":69}}],"line":45},"7":{"loc":{"start":{"line":45,"column":71},"end":{"line":45,"column":83}},"type":"default-arg","locations":[{"start":{"line":45,"column":81},"end":{"line":45,"column":83}}],"line":45},"8":{"loc":{"start":{"line":48,"column":2},"end":{"line":50,"column":3}},"type":"if","locations":[{"start":{"line":48,"column":2},"end":{"line":50,"column":3}},{"start":{},"end":{}}],"line":48},"9":{"loc":{"start":{"line":52,"column":2},"end":{"line":60,"column":3}},"type":"if","locations":[{"start":{"line":52,"column":2},"end":{"line":60,"column":3}},{"start":{},"end":{}}],"line":52},"10":{"loc":{"start":{"line":53,"column":4},"end":{"line":59,"column":5}},"type":"if","locations":[{"start":{"line":53,"column":4},"end":{"line":59,"column":5}},{"start":{"line":57,"column":11},"end":{"line":59,"column":5}}],"line":53},"11":{"loc":{"start":{"line":64,"column":2},"end":{"line":66,"column":3}},"type":"if","locations":[{"start":{"line":64,"column":2},"end":{"line":66,"column":3}},{"start":{},"end":{}}],"line":64}},"s":{"0":1,"1":1,"2":0,"3":0,"4":0,"5":0,"6":0,"7":0,"8":0,"9":0,"10":0,"11":0,"12":0,"13":0,"14":1,"15":0,"16":0,"17":0,"18":0,"19":0,"20":0,"21":0,"22":0,"23":0,"24":0,"25":0,"26":0,"27":1},"f":{"0":0,"1":0,"2":0,"3":0},"b":{"0":[0],"1":[0],"2":[0,0],"3":[0,0],"4":[0,0],"5":[0,0],"6":[0],"7":[0],"8":[0,0],"9":[0,0],"10":[0,0],"11":[0,0]},"_coverageSchema":"1a1c01bbd47fc00a2c39e90264f33305004495a9","hash":"2fdf1a677702c4741639ff0eaf6c4634b7bd30a1"}
}
