{"D:\\src\\Nodejs\\BookingHomestay\\homestay-booking\\homestay-booking\\backend\\src\\modules\\chats\\chat.model.js": {"path":"D:\\src\\Nodejs\\BookingHomestay\\homestay-booking\\homestay-booking\\backend\\src\\modules\\chats\\chat.model.js","statementMap":{"0":{"start":{"line":1,"column":17},"end":{"line":1,"column":36}},"1":{"start":{"line":3,"column":23},"end":{"line":51,"column":1}},"2":{"start":{"line":54,"column":0},"end":{"line":54,"column":57}},"3":{"start":{"line":55,"column":0},"end":{"line":55,"column":51}},"4":{"start":{"line":56,"column":0},"end":{"line":56,"column":54}},"5":{"start":{"line":58,"column":17},"end":{"line":58,"column":59}},"6":{"start":{"line":60,"column":0},"end":{"line":60,"column":26}}},"fnMap":{},"branchMap":{},"s":{"0":1,"1":1,"2":1,"3":1,"4":1,"5":1,"6":1},"f":{},"b":{},"_coverageSchema":"1a1c01bbd47fc00a2c39e90264f33305004495a9","hash":"fd5e70991fa1202a91801dab68c89fbdbd129066"}
,"D:\\src\\Nodejs\\BookingHomestay\\homestay-booking\\homestay-booking\\backend\\src\\modules\\chats\\chat.service.js": {"path":"D:\\src\\Nodejs\\BookingHomestay\\homestay-booking\\homestay-booking\\backend\\src\\modules\\chats\\chat.service.js","statementMap":{"0":{"start":{"line":1,"column":17},"end":{"line":1,"column":40}},"1":{"start":{"line":2,"column":16},"end":{"line":2,"column":42}},"2":{"start":{"line":3,"column":21},"end":{"line":3,"column":52}},"3":{"start":{"line":16,"column":25},"end":{"line":16,"column":62}},"4":{"start":{"line":17,"column":4},"end":{"line":19,"column":5}},"5":{"start":{"line":18,"column":6},"end":{"line":18,"column":74}},"6":{"start":{"line":21,"column":21},"end":{"line":32,"column":6}},"7":{"start":{"line":34,"column":4},"end":{"line":34,"column":20}},"8":{"start":{"line":45,"column":17},"end":{"line":45,"column":35}},"9":{"start":{"line":47,"column":22},"end":{"line":55,"column":13}},"10":{"start":{"line":57,"column":18},"end":{"line":60,"column":6}},"11":{"start":{"line":62,"column":4},"end":{"line":70,"column":6}},"12":{"start":{"line":80,"column":21},"end":{"line":82,"column":13}},"13":{"start":{"line":84,"column":4},"end":{"line":86,"column":5}},"14":{"start":{"line":85,"column":6},"end":{"line":85,"column":52}},"15":{"start":{"line":89,"column":26},"end":{"line":91,"column":5}},"16":{"start":{"line":90,"column":13},"end":{"line":90,"column":47}},"17":{"start":{"line":93,"column":4},"end":{"line":95,"column":5}},"18":{"start":{"line":94,"column":6},"end":{"line":94,"column":64}},"19":{"start":{"line":97,"column":4},"end":{"line":97,"column":20}},"20":{"start":{"line":110,"column":21},"end":{"line":110,"column":67}},"21":{"start":{"line":112,"column":17},"end":{"line":112,"column":35}},"22":{"start":{"line":113,"column":19},"end":{"line":113,"column":50}},"23":{"start":{"line":115,"column":21},"end":{"line":120,"column":13}},"24":{"start":{"line":122,"column":18},"end":{"line":122,"column":58}},"25":{"start":{"line":124,"column":4},"end":{"line":132,"column":6}},"26":{"start":{"line":145,"column":4},"end":{"line":147,"column":5}},"27":{"start":{"line":146,"column":6},"end":{"line":146,"column":65}},"28":{"start":{"line":149,"column":4},"end":{"line":151,"column":5}},"29":{"start":{"line":150,"column":6},"end":{"line":150,"column":72}},"30":{"start":{"line":154,"column":21},"end":{"line":154,"column":56}},"31":{"start":{"line":155,"column":4},"end":{"line":157,"column":5}},"32":{"start":{"line":156,"column":6},"end":{"line":156,"column":52}},"33":{"start":{"line":159,"column":24},"end":{"line":161,"column":5}},"34":{"start":{"line":160,"column":13},"end":{"line":160,"column":45}},"35":{"start":{"line":163,"column":4},"end":{"line":165,"column":5}},"36":{"start":{"line":164,"column":6},"end":{"line":164,"column":64}},"37":{"start":{"line":167,"column":19},"end":{"line":167,"column":50}},"38":{"start":{"line":170,"column":20},"end":{"line":177,"column":6}},"39":{"start":{"line":180,"column":4},"end":{"line":185,"column":6}},"40":{"start":{"line":188,"column":4},"end":{"line":193,"column":7}},"41":{"start":{"line":189,"column":6},"end":{"line":192,"column":7}},"42":{"start":{"line":190,"column":29},"end":{"line":190,"column":79}},"43":{"start":{"line":191,"column":8},"end":{"line":191,"column":72}},"44":{"start":{"line":195,"column":4},"end":{"line":195,"column":26}},"45":{"start":{"line":197,"column":4},"end":{"line":197,"column":19}},"46":{"start":{"line":207,"column":21},"end":{"line":207,"column":56}},"47":{"start":{"line":208,"column":4},"end":{"line":210,"column":5}},"48":{"start":{"line":209,"column":6},"end":{"line":209,"column":52}},"49":{"start":{"line":213,"column":24},"end":{"line":215,"column":5}},"50":{"start":{"line":214,"column":13},"end":{"line":214,"column":43}},"51":{"start":{"line":217,"column":4},"end":{"line":219,"column":5}},"52":{"start":{"line":218,"column":6},"end":{"line":218,"column":64}},"53":{"start":{"line":222,"column":4},"end":{"line":222,"column":40}},"54":{"start":{"line":225,"column":4},"end":{"line":225,"column":40}},"55":{"start":{"line":227,"column":4},"end":{"line":227,"column":26}},"56":{"start":{"line":229,"column":4},"end":{"line":229,"column":20}},"57":{"start":{"line":239,"column":21},"end":{"line":239,"column":56}},"58":{"start":{"line":240,"column":4},"end":{"line":242,"column":5}},"59":{"start":{"line":241,"column":6},"end":{"line":241,"column":52}},"60":{"start":{"line":244,"column":24},"end":{"line":246,"column":5}},"61":{"start":{"line":245,"column":13},"end":{"line":245,"column":43}},"62":{"start":{"line":248,"column":4},"end":{"line":251,"column":5}},"63":{"start":{"line":249,"column":6},"end":{"line":249,"column":42}},"64":{"start":{"line":250,"column":6},"end":{"line":250,"column":28}},"65":{"start":{"line":253,"column":4},"end":{"line":253,"column":20}},"66":{"start":{"line":264,"column":25},"end":{"line":264,"column":69}},"67":{"start":{"line":266,"column":22},"end":{"line":276,"column":13}},"68":{"start":{"line":278,"column":4},"end":{"line":278,"column":21}},"69":{"start":{"line":282,"column":0},"end":{"line":282,"column":35}}},"fnMap":{"0":{"name":"(anonymous_0)","decl":{"start":{"line":14,"column":2},"end":{"line":14,"column":3}},"loc":{"start":{"line":14,"column":66},"end":{"line":35,"column":3}},"line":14},"1":{"name":"(anonymous_1)","decl":{"start":{"line":44,"column":2},"end":{"line":44,"column":3}},"loc":{"start":{"line":44,"column":59},"end":{"line":71,"column":3}},"line":44},"2":{"name":"(anonymous_2)","decl":{"start":{"line":79,"column":2},"end":{"line":79,"column":3}},"loc":{"start":{"line":79,"column":44},"end":{"line":98,"column":3}},"line":79},"3":{"name":"(anonymous_3)","decl":{"start":{"line":90,"column":6},"end":{"line":90,"column":7}},"loc":{"start":{"line":90,"column":13},"end":{"line":90,"column":47}},"line":90},"4":{"name":"(anonymous_4)","decl":{"start":{"line":108,"column":2},"end":{"line":108,"column":3}},"loc":{"start":{"line":108,"column":72},"end":{"line":133,"column":3}},"line":108},"5":{"name":"(anonymous_5)","decl":{"start":{"line":143,"column":2},"end":{"line":143,"column":3}},"loc":{"start":{"line":143,"column":66},"end":{"line":198,"column":3}},"line":143},"6":{"name":"(anonymous_6)","decl":{"start":{"line":160,"column":6},"end":{"line":160,"column":7}},"loc":{"start":{"line":160,"column":13},"end":{"line":160,"column":45}},"line":160},"7":{"name":"(anonymous_7)","decl":{"start":{"line":188,"column":34},"end":{"line":188,"column":35}},"loc":{"start":{"line":188,"column":41},"end":{"line":193,"column":5}},"line":188},"8":{"name":"(anonymous_8)","decl":{"start":{"line":206,"column":2},"end":{"line":206,"column":3}},"loc":{"start":{"line":206,"column":39},"end":{"line":230,"column":3}},"line":206},"9":{"name":"(anonymous_9)","decl":{"start":{"line":214,"column":6},"end":{"line":214,"column":7}},"loc":{"start":{"line":214,"column":13},"end":{"line":214,"column":43}},"line":214},"10":{"name":"(anonymous_10)","decl":{"start":{"line":238,"column":2},"end":{"line":238,"column":3}},"loc":{"start":{"line":238,"column":43},"end":{"line":254,"column":3}},"line":238},"11":{"name":"(anonymous_11)","decl":{"start":{"line":245,"column":6},"end":{"line":245,"column":7}},"loc":{"start":{"line":245,"column":13},"end":{"line":245,"column":43}},"line":245},"12":{"name":"(anonymous_12)","decl":{"start":{"line":262,"column":2},"end":{"line":262,"column":3}},"loc":{"start":{"line":262,"column":39},"end":{"line":279,"column":3}},"line":262}},"branchMap":{"0":{"loc":{"start":{"line":14,"column":51},"end":{"line":14,"column":64}},"type":"default-arg","locations":[{"start":{"line":14,"column":62},"end":{"line":14,"column":64}}],"line":14},"1":{"loc":{"start":{"line":17,"column":4},"end":{"line":19,"column":5}},"type":"if","locations":[{"start":{"line":17,"column":4},"end":{"line":19,"column":5}},{"start":{},"end":{}}],"line":17},"2":{"loc":{"start":{"line":44,"column":37},"end":{"line":44,"column":45}},"type":"default-arg","locations":[{"start":{"line":44,"column":44},"end":{"line":44,"column":45}}],"line":44},"3":{"loc":{"start":{"line":44,"column":47},"end":{"line":44,"column":57}},"type":"default-arg","locations":[{"start":{"line":44,"column":55},"end":{"line":44,"column":57}}],"line":44},"4":{"loc":{"start":{"line":84,"column":4},"end":{"line":86,"column":5}},"type":"if","locations":[{"start":{"line":84,"column":4},"end":{"line":86,"column":5}},{"start":{},"end":{}}],"line":84},"5":{"loc":{"start":{"line":93,"column":4},"end":{"line":95,"column":5}},"type":"if","locations":[{"start":{"line":93,"column":4},"end":{"line":95,"column":5}},{"start":{},"end":{}}],"line":93},"6":{"loc":{"start":{"line":108,"column":50},"end":{"line":108,"column":58}},"type":"default-arg","locations":[{"start":{"line":108,"column":57},"end":{"line":108,"column":58}}],"line":108},"7":{"loc":{"start":{"line":108,"column":60},"end":{"line":108,"column":70}},"type":"default-arg","locations":[{"start":{"line":108,"column":68},"end":{"line":108,"column":70}}],"line":108},"8":{"loc":{"start":{"line":143,"column":51},"end":{"line":143,"column":64}},"type":"default-arg","locations":[{"start":{"line":143,"column":58},"end":{"line":143,"column":64}}],"line":143},"9":{"loc":{"start":{"line":145,"column":4},"end":{"line":147,"column":5}},"type":"if","locations":[{"start":{"line":145,"column":4},"end":{"line":147,"column":5}},{"start":{},"end":{}}],"line":145},"10":{"loc":{"start":{"line":145,"column":8},"end":{"line":145,"column":47}},"type":"binary-expr","locations":[{"start":{"line":145,"column":8},"end":{"line":145,"column":16}},{"start":{"line":145,"column":20},"end":{"line":145,"column":47}}],"line":145},"11":{"loc":{"start":{"line":149,"column":4},"end":{"line":151,"column":5}},"type":"if","locations":[{"start":{"line":149,"column":4},"end":{"line":151,"column":5}},{"start":{},"end":{}}],"line":149},"12":{"loc":{"start":{"line":155,"column":4},"end":{"line":157,"column":5}},"type":"if","locations":[{"start":{"line":155,"column":4},"end":{"line":157,"column":5}},{"start":{},"end":{}}],"line":155},"13":{"loc":{"start":{"line":163,"column":4},"end":{"line":165,"column":5}},"type":"if","locations":[{"start":{"line":163,"column":4},"end":{"line":165,"column":5}},{"start":{},"end":{}}],"line":163},"14":{"loc":{"start":{"line":189,"column":6},"end":{"line":192,"column":7}},"type":"if","locations":[{"start":{"line":189,"column":6},"end":{"line":192,"column":7}},{"start":{},"end":{}}],"line":189},"15":{"loc":{"start":{"line":190,"column":29},"end":{"line":190,"column":79}},"type":"binary-expr","locations":[{"start":{"line":190,"column":29},"end":{"line":190,"column":74}},{"start":{"line":190,"column":78},"end":{"line":190,"column":79}}],"line":190},"16":{"loc":{"start":{"line":208,"column":4},"end":{"line":210,"column":5}},"type":"if","locations":[{"start":{"line":208,"column":4},"end":{"line":210,"column":5}},{"start":{},"end":{}}],"line":208},"17":{"loc":{"start":{"line":217,"column":4},"end":{"line":219,"column":5}},"type":"if","locations":[{"start":{"line":217,"column":4},"end":{"line":219,"column":5}},{"start":{},"end":{}}],"line":217},"18":{"loc":{"start":{"line":240,"column":4},"end":{"line":242,"column":5}},"type":"if","locations":[{"start":{"line":240,"column":4},"end":{"line":242,"column":5}},{"start":{},"end":{}}],"line":240},"19":{"loc":{"start":{"line":248,"column":4},"end":{"line":251,"column":5}},"type":"if","locations":[{"start":{"line":248,"column":4},"end":{"line":251,"column":5}},{"start":{},"end":{}}],"line":248}},"s":{"0":1,"1":1,"2":1,"3":553,"4":553,"5":0,"6":553,"7":553,"8":130,"9":130,"10":130,"11":130,"12":0,"13":0,"14":0,"15":0,"16":0,"17":0,"18":0,"19":0,"20":0,"21":0,"22":0,"23":0,"24":0,"25":0,"26":2478,"27":0,"28":2478,"29":0,"30":2478,"31":2478,"32":0,"33":2478,"34":4132,"35":2478,"36":0,"37":2478,"38":2478,"39":2478,"40":2478,"41":4956,"42":2478,"43":2478,"44":2478,"45":2478,"46":132,"47":132,"48":0,"49":132,"50":132,"51":132,"52":0,"53":132,"54":132,"55":132,"56":132,"57":0,"58":0,"59":0,"60":0,"61":0,"62":0,"63":0,"64":0,"65":0,"66":0,"67":0,"68":0,"69":1},"f":{"0":553,"1":130,"2":0,"3":0,"4":0,"5":2478,"6":4132,"7":4956,"8":132,"9":132,"10":0,"11":0,"12":0},"b":{"0":[0],"1":[0,553],"2":[0],"3":[0],"4":[0,0],"5":[0,0],"6":[0],"7":[0],"8":[0],"9":[0,2478],"10":[2478,2478],"11":[0,2478],"12":[0,2478],"13":[0,2478],"14":[2478,2478],"15":[2478,538],"16":[0,132],"17":[0,132],"18":[0,0],"19":[0,0]},"_coverageSchema":"1a1c01bbd47fc00a2c39e90264f33305004495a9","hash":"11decfc07477365bc3354901f3f59041938395a7"}
,"D:\\src\\Nodejs\\BookingHomestay\\homestay-booking\\homestay-booking\\backend\\src\\modules\\chats\\message.model.js": {"path":"D:\\src\\Nodejs\\BookingHomestay\\homestay-booking\\homestay-booking\\backend\\src\\modules\\chats\\message.model.js","statementMap":{"0":{"start":{"line":1,"column":17},"end":{"line":1,"column":36}},"1":{"start":{"line":3,"column":22},"end":{"line":55,"column":1}},"2":{"start":{"line":58,"column":0},"end":{"line":58,"column":50}},"3":{"start":{"line":59,"column":0},"end":{"line":59,"column":38}},"4":{"start":{"line":60,"column":0},"end":{"line":60,"column":37}},"5":{"start":{"line":62,"column":16},"end":{"line":62,"column":56}},"6":{"start":{"line":64,"column":0},"end":{"line":64,"column":25}}},"fnMap":{},"branchMap":{},"s":{"0":1,"1":1,"2":1,"3":1,"4":1,"5":1,"6":1},"f":{},"b":{},"_coverageSchema":"1a1c01bbd47fc00a2c39e90264f33305004495a9","hash":"8cb65436c83b8d6fc76b7d3db4a9d99c80044ab9"}
,"D:\\src\\Nodejs\\BookingHomestay\\homestay-booking\\homestay-booking\\backend\\src\\utils\\apiError.js": {"path":"D:\\src\\Nodejs\\BookingHomestay\\homestay-booking\\homestay-booking\\backend\\src\\utils\\apiError.js","statementMap":{"0":{"start":{"line":4,"column":4},"end":{"line":4,"column":19}},"1":{"start":{"line":5,"column":4},"end":{"line":5,"column":33}},"2":{"start":{"line":6,"column":4},"end":{"line":6,"column":25}},"3":{"start":{"line":7,"column":4},"end":{"line":7,"column":39}},"4":{"start":{"line":9,"column":4},"end":{"line":13,"column":5}},"5":{"start":{"line":10,"column":6},"end":{"line":10,"column":25}},"6":{"start":{"line":12,"column":6},"end":{"line":12,"column":54}},"7":{"start":{"line":19,"column":4},"end":{"line":19,"column":43}},"8":{"start":{"line":25,"column":4},"end":{"line":25,"column":40}},"9":{"start":{"line":31,"column":4},"end":{"line":31,"column":24}},"10":{"start":{"line":37,"column":4},"end":{"line":37,"column":24}},"11":{"start":{"line":43,"column":4},"end":{"line":43,"column":24}},"12":{"start":{"line":49,"column":4},"end":{"line":49,"column":24}},"13":{"start":{"line":55,"column":4},"end":{"line":55,"column":24}},"14":{"start":{"line":59,"column":0},"end":{"line":68,"column":2}}},"fnMap":{"0":{"name":"(anonymous_0)","decl":{"start":{"line":3,"column":2},"end":{"line":3,"column":3}},"loc":{"start":{"line":3,"column":82},"end":{"line":14,"column":3}},"line":3},"1":{"name":"(anonymous_1)","decl":{"start":{"line":18,"column":2},"end":{"line":18,"column":3}},"loc":{"start":{"line":18,"column":27},"end":{"line":20,"column":3}},"line":18},"2":{"name":"(anonymous_2)","decl":{"start":{"line":24,"column":2},"end":{"line":24,"column":3}},"loc":{"start":{"line":24,"column":37},"end":{"line":26,"column":3}},"line":24},"3":{"name":"(anonymous_3)","decl":{"start":{"line":30,"column":2},"end":{"line":30,"column":3}},"loc":{"start":{"line":30,"column":40},"end":{"line":32,"column":3}},"line":30},"4":{"name":"(anonymous_4)","decl":{"start":{"line":36,"column":2},"end":{"line":36,"column":3}},"loc":{"start":{"line":36,"column":37},"end":{"line":38,"column":3}},"line":36},"5":{"name":"(anonymous_5)","decl":{"start":{"line":42,"column":2},"end":{"line":42,"column":3}},"loc":{"start":{"line":42,"column":51},"end":{"line":44,"column":3}},"line":42},"6":{"name":"(anonymous_6)","decl":{"start":{"line":48,"column":2},"end":{"line":48,"column":3}},"loc":{"start":{"line":48,"column":39},"end":{"line":50,"column":3}},"line":48},"7":{"name":"(anonymous_7)","decl":{"start":{"line":54,"column":2},"end":{"line":54,"column":3}},"loc":{"start":{"line":54,"column":45},"end":{"line":56,"column":3}},"line":54}},"branchMap":{"0":{"loc":{"start":{"line":3,"column":35},"end":{"line":3,"column":46}},"type":"default-arg","locations":[{"start":{"line":3,"column":44},"end":{"line":3,"column":46}}],"line":3},"1":{"loc":{"start":{"line":3,"column":48},"end":{"line":3,"column":68}},"type":"default-arg","locations":[{"start":{"line":3,"column":64},"end":{"line":3,"column":68}}],"line":3},"2":{"loc":{"start":{"line":3,"column":70},"end":{"line":3,"column":80}},"type":"default-arg","locations":[{"start":{"line":3,"column":78},"end":{"line":3,"column":80}}],"line":3},"3":{"loc":{"start":{"line":9,"column":4},"end":{"line":13,"column":5}},"type":"if","locations":[{"start":{"line":9,"column":4},"end":{"line":13,"column":5}},{"start":{"line":11,"column":11},"end":{"line":13,"column":5}}],"line":9},"4":{"loc":{"start":{"line":18,"column":14},"end":{"line":18,"column":25}},"type":"default-arg","locations":[{"start":{"line":18,"column":23},"end":{"line":18,"column":25}}],"line":18},"5":{"loc":{"start":{"line":24,"column":14},"end":{"line":24,"column":35}},"type":"default-arg","locations":[{"start":{"line":24,"column":25},"end":{"line":24,"column":35}}],"line":24},"6":{"loc":{"start":{"line":30,"column":14},"end":{"line":30,"column":38}},"type":"default-arg","locations":[{"start":{"line":30,"column":24},"end":{"line":30,"column":38}}],"line":30},"7":{"loc":{"start":{"line":36,"column":14},"end":{"line":36,"column":35}},"type":"default-arg","locations":[{"start":{"line":36,"column":24},"end":{"line":36,"column":35}}],"line":36},"8":{"loc":{"start":{"line":42,"column":14},"end":{"line":42,"column":49}},"type":"default-arg","locations":[{"start":{"line":42,"column":24},"end":{"line":42,"column":49}}],"line":42},"9":{"loc":{"start":{"line":48,"column":14},"end":{"line":48,"column":37}},"type":"default-arg","locations":[{"start":{"line":48,"column":24},"end":{"line":48,"column":37}}],"line":48},"10":{"loc":{"start":{"line":54,"column":14},"end":{"line":54,"column":43}},"type":"default-arg","locations":[{"start":{"line":54,"column":24},"end":{"line":54,"column":43}}],"line":54}},"s":{"0":0,"1":0,"2":0,"3":0,"4":0,"5":0,"6":0,"7":0,"8":0,"9":0,"10":0,"11":0,"12":0,"13":0,"14":1},"f":{"0":0,"1":0,"2":0,"3":0,"4":0,"5":0,"6":0,"7":0},"b":{"0":[0],"1":[0],"2":[0],"3":[0,0],"4":[0],"5":[0],"6":[0],"7":[0],"8":[0],"9":[0],"10":[0]},"_coverageSchema":"1a1c01bbd47fc00a2c39e90264f33305004495a9","hash":"d5c31d9aaa001d7e99d8fdaed2f8208502ad3e7d"}
}
