TN:
SF:src\modules\chats\chat.model.js
FNF:0
FNH:0
DA:1,1
DA:3,1
DA:54,1
DA:55,1
DA:56,1
DA:58,1
DA:60,1
LF:7
LH:7
BRF:0
BRH:0
end_of_record
TN:
SF:src\modules\chats\chat.service.js
FN:14,(anonymous_0)
FN:44,(anonymous_1)
FN:79,(anonymous_2)
FN:90,(anonymous_3)
FN:108,(anonymous_4)
FN:143,(anonymous_5)
FN:160,(anonymous_6)
FN:188,(anonymous_7)
FN:206,(anonymous_8)
FN:214,(anonymous_9)
FN:238,(anonymous_10)
FN:245,(anonymous_11)
FN:262,(anonymous_12)
FNF:13
FNH:7
FNDA:553,(anonymous_0)
FNDA:130,(anonymous_1)
FNDA:0,(anonymous_2)
FNDA:0,(anonymous_3)
FNDA:0,(anonymous_4)
FNDA:2478,(anonymous_5)
FNDA:4132,(anonymous_6)
FNDA:4956,(anonymous_7)
FNDA:132,(anonymous_8)
FNDA:132,(anonymous_9)
FNDA:0,(anonymous_10)
FNDA:0,(anonymous_11)
FNDA:0,(anonymous_12)
DA:1,1
DA:2,1
DA:3,1
DA:16,553
DA:17,553
DA:18,0
DA:21,553
DA:34,553
DA:45,130
DA:47,130
DA:57,130
DA:62,130
DA:80,0
DA:84,0
DA:85,0
DA:89,0
DA:90,0
DA:93,0
DA:94,0
DA:97,0
DA:110,0
DA:112,0
DA:113,0
DA:115,0
DA:122,0
DA:124,0
DA:145,2478
DA:146,0
DA:149,2478
DA:150,0
DA:154,2478
DA:155,2478
DA:156,0
DA:159,2478
DA:160,4132
DA:163,2478
DA:164,0
DA:167,2478
DA:170,2478
DA:180,2478
DA:188,2478
DA:189,4956
DA:190,2478
DA:191,2478
DA:195,2478
DA:197,2478
DA:207,132
DA:208,132
DA:209,0
DA:213,132
DA:214,132
DA:217,132
DA:218,0
DA:222,132
DA:225,132
DA:227,132
DA:229,132
DA:239,0
DA:240,0
DA:241,0
DA:244,0
DA:245,0
DA:248,0
DA:249,0
DA:250,0
DA:253,0
DA:264,0
DA:266,0
DA:278,0
DA:282,1
LF:70
LH:37
BRDA:14,0,0,0
BRDA:17,1,0,0
BRDA:17,1,1,553
BRDA:44,2,0,0
BRDA:44,3,0,0
BRDA:84,4,0,0
BRDA:84,4,1,0
BRDA:93,5,0,0
BRDA:93,5,1,0
BRDA:108,6,0,0
BRDA:108,7,0,0
BRDA:143,8,0,0
BRDA:145,9,0,0
BRDA:145,9,1,2478
BRDA:145,10,0,2478
BRDA:145,10,1,2478
BRDA:149,11,0,0
BRDA:149,11,1,2478
BRDA:155,12,0,0
BRDA:155,12,1,2478
BRDA:163,13,0,0
BRDA:163,13,1,2478
BRDA:189,14,0,2478
BRDA:189,14,1,2478
BRDA:190,15,0,2478
BRDA:190,15,1,538
BRDA:208,16,0,0
BRDA:208,16,1,132
BRDA:217,17,0,0
BRDA:217,17,1,132
BRDA:240,18,0,0
BRDA:240,18,1,0
BRDA:248,19,0,0
BRDA:248,19,1,0
BRF:34
BRH:13
end_of_record
TN:
SF:src\modules\chats\message.model.js
FNF:0
FNH:0
DA:1,1
DA:3,1
DA:58,1
DA:59,1
DA:60,1
DA:62,1
DA:64,1
LF:7
LH:7
BRF:0
BRH:0
end_of_record
TN:
SF:src\utils\apiError.js
FN:3,(anonymous_0)
FN:18,(anonymous_1)
FN:24,(anonymous_2)
FN:30,(anonymous_3)
FN:36,(anonymous_4)
FN:42,(anonymous_5)
FN:48,(anonymous_6)
FN:54,(anonymous_7)
FNF:8
FNH:0
FNDA:0,(anonymous_0)
FNDA:0,(anonymous_1)
FNDA:0,(anonymous_2)
FNDA:0,(anonymous_3)
FNDA:0,(anonymous_4)
FNDA:0,(anonymous_5)
FNDA:0,(anonymous_6)
FNDA:0,(anonymous_7)
DA:4,0
DA:5,0
DA:6,0
DA:7,0
DA:9,0
DA:10,0
DA:12,0
DA:19,0
DA:25,0
DA:31,0
DA:37,0
DA:43,0
DA:49,0
DA:55,0
DA:59,1
LF:15
LH:1
BRDA:3,0,0,0
BRDA:3,1,0,0
BRDA:3,2,0,0
BRDA:9,3,0,0
BRDA:9,3,1,0
BRDA:18,4,0,0
BRDA:24,5,0,0
BRDA:30,6,0,0
BRDA:36,7,0,0
BRDA:42,8,0,0
BRDA:48,9,0,0
BRDA:54,10,0,0
BRF:12
BRH:0
end_of_record
