TN:
SF:src\app.js
FN:41,(anonymous_0)
FN:102,(anonymous_1)
FN:114,(anonymous_2)
FN:127,(anonymous_3)
FNF:4
FNH:1
FNDA:13,(anonymous_0)
FNDA:0,(anonymous_1)
FNDA:0,(anonymous_2)
FNDA:0,(anonymous_3)
DA:1,1
DA:2,1
DA:3,1
DA:4,1
DA:5,1
DA:6,1
DA:7,1
DA:8,1
DA:10,1
DA:11,1
DA:12,1
DA:13,1
DA:14,1
DA:17,1
DA:22,1
DA:32,1
DA:40,1
DA:43,13
DA:45,0
DA:46,0
DA:48,0
DA:56,1
DA:61,1
DA:62,1
DA:63,1
DA:68,1
DA:69,1
DA:74,1
DA:79,1
DA:84,1
DA:89,1
DA:97,1
DA:102,1
DA:103,0
DA:114,1
DA:115,0
DA:127,1
DA:128,0
DA:129,0
DA:131,0
DA:148,1
DA:153,1
DA:155,1
LF:43
LH:35
BRDA:43,0,0,13
BRDA:43,0,1,0
BRDA:45,1,0,0
BRDA:45,1,1,0
BRDA:120,2,0,0
BRDA:120,2,1,0
BRF:6
BRH:1
end_of_record
TN:
SF:src\config\cloudinary.js
FN:12,(anonymous_0)
FNF:1
FNH:0
FNDA:0,(anonymous_0)
DA:1,1
DA:2,1
DA:5,1
DA:12,1
DA:13,0
DA:17,0
DA:18,0
DA:19,0
DA:22,0
DA:23,0
DA:24,0
DA:26,0
DA:30,1
DA:31,0
DA:34,1
LF:15
LH:6
BRDA:13,0,0,0
BRDA:13,0,1,0
BRDA:13,0,2,0
BRDA:17,1,0,0
BRDA:17,1,1,0
BRDA:30,2,0,0
BRDA:30,2,1,1
BRF:7
BRH:1
end_of_record
TN:
SF:src\config\constants.js
FNF:0
FNH:0
DA:1,1
LF:1
LH:1
BRF:0
BRH:0
end_of_record
TN:
SF:src\config\firebase.js
FNF:0
FNH:0
DA:1,1
DA:6,1
DA:10,1
LF:3
LH:3
BRDA:7,0,0,1
BRDA:7,0,1,1
BRF:2
BRH:2
end_of_record
TN:
SF:src\config\swagger.js
FNF:0
FNH:0
DA:1,1
DA:3,1
DA:234,1
DA:236,1
LF:4
LH:4
BRF:0
BRH:0
end_of_record
TN:
SF:src\controllers\payment.controller.js
FN:27,(anonymous_0)
FNF:1
FNH:0
FNDA:0,(anonymous_0)
DA:1,1
DA:28,0
DA:32,1
LF:3
LH:2
BRF:0
BRH:0
end_of_record
TN:
SF:src\middlewares\auth.middleware.js
FN:9,(anonymous_0)
FN:49,(anonymous_1)
FNF:2
FNH:1
FNDA:13,(anonymous_0)
FNDA:0,(anonymous_1)
DA:1,1
DA:2,1
DA:3,1
DA:4,1
DA:9,1
DA:11,13
DA:13,13
DA:14,1
DA:17,12
DA:19,12
DA:21,12
DA:24,12
DA:26,12
DA:27,0
DA:31,12
DA:32,0
DA:36,12
DA:37,12
DA:39,0
DA:40,0
DA:42,0
DA:49,1
DA:50,0
DA:52,0
DA:53,0
DA:55,0
DA:56,0
DA:57,0
DA:59,0
DA:60,0
DA:67,0
DA:70,1
LF:32
LH:18
BRDA:13,0,0,1
BRDA:13,0,1,12
BRDA:13,1,0,13
BRDA:13,1,1,12
BRDA:26,2,0,0
BRDA:26,2,1,12
BRDA:31,3,0,0
BRDA:31,3,1,12
BRDA:39,4,0,0
BRDA:39,4,1,0
BRDA:39,5,0,0
BRDA:39,5,1,0
BRDA:52,6,0,0
BRDA:52,6,1,0
BRDA:52,7,0,0
BRDA:52,7,1,0
BRDA:59,8,0,0
BRDA:59,8,1,0
BRDA:59,9,0,0
BRDA:59,9,1,0
BRF:20
BRH:6
end_of_record
TN:
SF:src\middlewares\error.middleware.js
FN:7,(anonymous_0)
FN:34,(anonymous_1)
FN:67,(anonymous_2)
FNF:3
FNH:1
FNDA:10,(anonymous_0)
FNDA:0,(anonymous_1)
FNDA:0,(anonymous_2)
DA:1,1
DA:2,1
DA:7,1
DA:8,10
DA:9,10
DA:10,10
DA:13,10
DA:22,10
DA:23,0
DA:27,10
DA:28,0
DA:29,0
DA:33,10
DA:34,0
DA:38,0
DA:42,10
DA:43,0
DA:46,10
DA:47,0
DA:51,10
DA:67,1
DA:68,0
DA:69,0
DA:72,1
LF:24
LH:15
BRDA:22,0,0,0
BRDA:22,0,1,10
BRDA:27,1,0,0
BRDA:27,1,1,10
BRDA:33,2,0,0
BRDA:33,2,1,10
BRDA:42,3,0,0
BRDA:42,3,1,10
BRDA:46,4,0,0
BRDA:46,4,1,10
BRDA:51,5,0,10
BRDA:51,5,1,0
BRDA:54,6,0,10
BRDA:54,6,1,0
BRDA:55,7,0,10
BRDA:55,7,1,10
BRDA:55,7,2,0
BRDA:56,8,0,10
BRDA:56,8,1,0
BRF:19
BRH:10
end_of_record
TN:
SF:src\middlewares\logger.middleware.js
FN:6,(anonymous_0)
FN:10,(anonymous_1)
FNF:2
FNH:1
FNDA:0,(anonymous_0)
FNDA:13,(anonymous_1)
DA:1,1
DA:2,1
DA:5,1
DA:6,0
DA:10,1
DA:11,13
DA:12,13
DA:16,1
DA:23,1
LF:9
LH:8
BRDA:11,0,0,13
BRDA:11,0,1,0
BRF:2
BRH:1
end_of_record
TN:
SF:src\middlewares\ownership.middleware.js
FN:12,(anonymous_0)
FN:57,(anonymous_1)
FNF:2
FNH:0
FNDA:0,(anonymous_0)
FNDA:0,(anonymous_1)
DA:1,1
DA:2,1
DA:3,1
DA:12,1
DA:13,0
DA:14,0
DA:15,0
DA:16,0
DA:19,0
DA:20,0
DA:24,0
DA:28,0
DA:29,0
DA:33,0
DA:34,0
DA:36,0
DA:37,0
DA:41,0
DA:47,0
DA:49,0
DA:57,1
DA:58,0
DA:59,0
DA:60,0
DA:61,0
DA:64,0
DA:65,0
DA:69,0
DA:73,0
DA:74,0
DA:78,0
DA:80,0
DA:81,0
DA:84,0
DA:86,0
DA:90,1
LF:36
LH:6
BRDA:19,0,0,0
BRDA:19,0,1,0
BRDA:28,1,0,0
BRDA:28,1,1,0
BRDA:36,2,0,0
BRDA:36,2,1,0
BRDA:36,3,0,0
BRDA:36,3,1,0
BRDA:64,4,0,0
BRDA:64,4,1,0
BRDA:73,5,0,0
BRDA:73,5,1,0
BRDA:80,6,0,0
BRDA:80,6,1,0
BRF:14
BRH:0
end_of_record
TN:
SF:src\middlewares\rateLimit.middleware.js
FN:15,(anonymous_0)
FN:20,(anonymous_1)
FN:36,(anonymous_2)
FN:41,(anonymous_3)
FN:56,(anonymous_4)
FN:76,(anonymous_5)
FN:93,(anonymous_6)
FN:116,(anonymous_7)
FNF:8
FNH:0
FNDA:0,(anonymous_0)
FNDA:0,(anonymous_1)
FNDA:0,(anonymous_2)
FNDA:0,(anonymous_3)
FNDA:0,(anonymous_4)
FNDA:0,(anonymous_5)
FNDA:0,(anonymous_6)
FNDA:0,(anonymous_7)
DA:1,1
DA:2,1
DA:3,1
DA:9,1
DA:16,0
DA:22,0
DA:30,1
DA:37,0
DA:42,0
DA:50,1
DA:57,0
DA:64,1
DA:70,1
DA:77,0
DA:87,1
DA:94,0
DA:105,1
DA:117,0
DA:121,0
DA:127,0
DA:135,1
LF:21
LH:11
BRDA:22,0,0,0
BRDA:22,0,1,0
BRDA:42,1,0,0
BRDA:42,1,1,0
BRDA:117,2,0,0
BRDA:117,2,1,0
BRDA:117,2,2,0
BRF:7
BRH:0
end_of_record
TN:
SF:src\middlewares\rbac.middleware.js
FN:9,(anonymous_0)
FN:9,(anonymous_1)
FN:30,(anonymous_2)
FN:30,(anonymous_3)
FNF:4
FNH:2
FNDA:28,(anonymous_0)
FNDA:11,(anonymous_1)
FNDA:0,(anonymous_2)
FNDA:0,(anonymous_3)
DA:1,1
DA:2,1
DA:9,28
DA:11,11
DA:12,0
DA:16,11
DA:17,1
DA:22,10
DA:30,1
DA:31,0
DA:32,0
DA:35,0
DA:38,0
DA:39,0
DA:41,0
DA:42,0
DA:45,0
DA:48,1
LF:18
LH:9
BRDA:11,0,0,0
BRDA:11,0,1,11
BRDA:16,1,0,1
BRDA:16,1,1,10
BRDA:30,2,0,0
BRDA:31,3,0,0
BRDA:31,3,1,0
BRDA:35,4,0,0
BRDA:35,4,1,0
BRDA:39,5,0,0
BRDA:39,5,1,0
BRDA:41,6,0,0
BRDA:41,6,1,0
BRDA:41,7,0,0
BRDA:41,7,1,0
BRF:15
BRH:3
end_of_record
TN:
SF:src\middlewares\upload.middleware.js
FN:9,(anonymous_0)
FN:44,(anonymous_1)
FNF:2
FNH:0
FNDA:0,(anonymous_0)
FNDA:0,(anonymous_1)
DA:1,1
DA:2,1
DA:3,1
DA:6,1
DA:9,1
DA:11,0
DA:12,0
DA:19,0
DA:23,1
DA:32,1
DA:35,1
DA:38,1
DA:44,1
DA:45,0
DA:46,0
DA:47,0
DA:53,0
DA:54,0
DA:58,0
DA:60,0
DA:63,1
LF:21
LH:11
BRDA:11,0,0,0
BRDA:11,0,1,0
BRDA:45,1,0,0
BRDA:45,1,1,0
BRDA:46,2,0,0
BRDA:46,2,1,0
BRDA:53,3,0,0
BRDA:53,3,1,0
BRF:8
BRH:0
end_of_record
TN:
SF:src\middlewares\validation.middleware.js
FN:9,(anonymous_0)
FN:12,(anonymous_1)
FN:23,(anonymous_2)
FN:23,(anonymous_3)
FN:30,(anonymous_4)
FN:44,(anonymous_5)
FN:44,(anonymous_6)
FN:51,(anonymous_7)
FN:65,(anonymous_8)
FN:65,(anonymous_9)
FN:72,(anonymous_10)
FN:84,(anonymous_11)
FN:86,(anonymous_12)
FN:98,(anonymous_13)
FN:106,(anonymous_14)
FN:119,(anonymous_15)
FNF:16
FNH:7
FNDA:12,(anonymous_0)
FNDA:1,(anonymous_1)
FNDA:12,(anonymous_2)
FNDA:0,(anonymous_3)
FNDA:0,(anonymous_4)
FNDA:12,(anonymous_5)
FNDA:0,(anonymous_6)
FNDA:0,(anonymous_7)
FNDA:1,(anonymous_8)
FNDA:0,(anonymous_9)
FNDA:0,(anonymous_10)
FNDA:7,(anonymous_11)
FNDA:12,(anonymous_12)
FNDA:0,(anonymous_13)
FNDA:0,(anonymous_14)
FNDA:0,(anonymous_15)
DA:1,1
DA:2,1
DA:3,1
DA:4,1
DA:9,1
DA:10,12
DA:11,12
DA:12,1
DA:13,1
DA:15,11
DA:23,12
DA:24,0
DA:29,0
DA:30,0
DA:31,0
DA:35,0
DA:36,0
DA:44,12
DA:45,0
DA:50,0
DA:51,0
DA:52,0
DA:56,0
DA:57,0
DA:65,1
DA:66,0
DA:71,0
DA:72,0
DA:73,0
DA:77,0
DA:78,0
DA:84,7
DA:86,12
DA:94,1
DA:98,0
DA:107,0
DA:108,0
DA:109,0
DA:110,0
DA:120,0
DA:121,0
DA:122,0
DA:168,1
DA:181,1
DA:197,1
LF:45
LH:19
BRDA:11,0,0,1
BRDA:11,0,1,11
BRDA:29,1,0,0
BRDA:29,1,1,0
BRDA:50,2,0,0
BRDA:50,2,1,0
BRDA:71,3,0,0
BRDA:71,3,1,0
BRDA:84,4,0,0
BRF:9
BRH:2
end_of_record
TN:
SF:src\middlewares\webhook.middleware.js
FN:10,(anonymous_0)
FN:24,(anonymous_1)
FN:25,(anonymous_2)
FN:48,(anonymous_3)
FN:95,(anonymous_4)
FNF:5
FNH:0
FNDA:0,(anonymous_0)
FNDA:0,(anonymous_1)
FNDA:0,(anonymous_2)
FNDA:0,(anonymous_3)
FNDA:0,(anonymous_4)
DA:1,1
DA:10,1
DA:11,0
DA:13,0
DA:16,0
DA:17,0
DA:18,0
DA:22,0
DA:24,0
DA:25,0
DA:27,0
DA:28,0
DA:29,0
DA:34,0
DA:40,0
DA:48,0
DA:50,0
DA:51,0
DA:55,0
DA:56,0
DA:60,0
DA:63,0
DA:64,0
DA:69,0
DA:75,0
DA:76,0
DA:78,0
DA:83,0
DA:95,1
DA:96,0
DA:97,0
DA:100,0
DA:101,0
DA:104,0
DA:105,0
DA:106,0
DA:109,0
DA:111,0
DA:112,0
DA:118,0
DA:124,0
DA:129,0
DA:131,0
DA:137,0
DA:141,1
LF:45
LH:4
BRDA:16,0,0,0
BRDA:16,0,1,0
BRDA:16,1,0,0
BRDA:16,1,1,0
BRDA:27,2,0,0
BRDA:27,2,1,0
BRDA:34,3,0,0
BRDA:34,3,1,0
BRDA:34,3,2,0
BRDA:34,3,3,0
BRDA:34,3,4,0
BRDA:50,4,0,0
BRDA:50,4,1,0
BRDA:50,5,0,0
BRDA:50,5,1,0
BRDA:63,6,0,0
BRDA:63,6,1,0
BRDA:100,7,0,0
BRDA:100,7,1,0
BRDA:100,8,0,0
BRDA:100,8,1,0
BRDA:111,9,0,0
BRDA:111,9,1,0
BRF:23
BRH:0
end_of_record
TN:
SF:src\models\amenity.model.js
FN:38,(anonymous_0)
FNF:1
FNH:0
FNDA:0,(anonymous_0)
DA:1,1
DA:3,1
DA:33,1
DA:34,1
DA:35,1
DA:38,1
DA:39,0
DA:40,0
DA:45,0
DA:48,1
DA:50,1
LF:11
LH:8
BRDA:39,0,0,0
BRDA:39,0,1,0
BRDA:39,1,0,0
BRDA:39,1,1,0
BRF:4
BRH:0
end_of_record
TN:
SF:src\models\unmatchedTransaction.model.js
FN:43,(anonymous_0)
FN:156,(anonymous_1)
FN:204,(anonymous_2)
FN:243,(anonymous_3)
FN:258,(anonymous_4)
FN:296,(anonymous_5)
FN:322,(anonymous_6)
FN:344,(anonymous_7)
FN:360,(anonymous_8)
FN:387,(anonymous_9)
FNF:10
FNH:0
FNDA:0,(anonymous_0)
FNDA:0,(anonymous_1)
FNDA:0,(anonymous_2)
FNDA:0,(anonymous_3)
FNDA:0,(anonymous_4)
FNDA:0,(anonymous_5)
FNDA:0,(anonymous_6)
FNDA:0,(anonymous_7)
FNDA:0,(anonymous_8)
FNDA:0,(anonymous_9)
DA:1,1
DA:8,1
DA:45,0
DA:137,1
DA:138,1
DA:139,1
DA:140,1
DA:141,1
DA:144,1
DA:145,1
DA:146,1
DA:156,1
DA:158,0
DA:159,0
DA:163,0
DA:164,0
DA:168,0
DA:188,0
DA:189,0
DA:193,0
DA:194,0
DA:204,1
DA:206,0
DA:207,0
DA:211,0
DA:230,0
DA:231,0
DA:235,0
DA:236,0
DA:243,1
DA:244,0
DA:258,1
DA:264,0
DA:266,0
DA:267,0
DA:269,0
DA:278,0
DA:296,1
DA:301,0
DA:308,0
DA:309,0
DA:312,0
DA:322,1
DA:327,0
DA:335,0
DA:344,1
DA:348,0
DA:353,0
DA:360,1
DA:361,0
DA:381,0
DA:387,0
DA:388,0
DA:394,0
DA:398,1
DA:406,1
DA:413,1
DA:415,1
LF:58
LH:22
BRDA:45,0,0,0
BRDA:45,0,1,0
BRDA:156,1,0,0
BRDA:158,2,0,0
BRDA:158,2,1,0
BRDA:163,3,0,0
BRDA:163,3,1,0
BRDA:179,4,0,0
BRDA:179,4,1,0
BRDA:188,5,0,0
BRDA:188,5,1,0
BRDA:204,6,0,0
BRDA:206,7,0,0
BRDA:206,7,1,0
BRDA:221,8,0,0
BRDA:221,8,1,0
BRDA:230,9,0,0
BRDA:230,9,1,0
BRDA:258,10,0,0
BRDA:260,11,0,0
BRDA:261,12,0,0
BRDA:262,13,0,0
BRDA:263,14,0,0
BRDA:267,15,0,0
BRDA:267,15,1,0
BRDA:299,16,0,0
BRDA:308,17,0,0
BRDA:308,17,1,0
BRDA:325,18,0,0
BRDA:346,19,0,0
BRDA:383,20,0,0
BRDA:383,20,1,0
BRF:32
BRH:0
end_of_record
TN:
SF:src\modules\auth\auth.controller.js
FN:11,(anonymous_0)
FN:21,(anonymous_1)
FN:40,(anonymous_2)
FN:59,(anonymous_3)
FN:72,(anonymous_4)
FN:83,(anonymous_5)
FN:98,(anonymous_6)
FN:113,(anonymous_7)
FN:124,(anonymous_8)
FN:135,(anonymous_9)
FN:153,(anonymous_10)
FN:161,(anonymous_11)
FNF:12
FNH:0
FNDA:0,(anonymous_0)
FNDA:0,(anonymous_1)
FNDA:0,(anonymous_2)
FNDA:0,(anonymous_3)
FNDA:0,(anonymous_4)
FNDA:0,(anonymous_5)
FNDA:0,(anonymous_6)
FNDA:0,(anonymous_7)
FNDA:0,(anonymous_8)
FNDA:0,(anonymous_9)
FNDA:0,(anonymous_10)
FNDA:0,(anonymous_11)
DA:1,1
DA:2,1
DA:3,1
DA:4,1
DA:11,1
DA:12,0
DA:14,0
DA:21,1
DA:22,0
DA:23,0
DA:26,0
DA:33,0
DA:40,1
DA:41,0
DA:42,0
DA:45,0
DA:52,0
DA:59,1
DA:60,0
DA:63,0
DA:65,0
DA:72,1
DA:73,0
DA:74,0
DA:76,0
DA:83,1
DA:84,0
DA:85,0
DA:87,0
DA:98,1
DA:99,0
DA:100,0
DA:102,0
DA:113,1
DA:114,0
DA:115,0
DA:117,0
DA:124,1
DA:125,0
DA:126,0
DA:128,0
DA:135,1
DA:136,0
DA:137,0
DA:140,0
DA:142,0
DA:153,1
DA:154,0
DA:161,1
DA:162,0
DA:164,0
DA:165,0
DA:168,0
DA:171,0
DA:178,0
DA:185,1
LF:56
LH:17
BRDA:41,0,0,0
BRDA:41,0,1,0
BRDA:164,1,0,0
BRDA:164,1,1,0
BRF:4
BRH:0
end_of_record
TN:
SF:src\modules\auth\auth.routes.js
FNF:0
FNH:0
DA:1,1
DA:2,1
DA:3,1
DA:4,1
DA:5,1
DA:15,1
DA:17,1
DA:91,1
DA:146,1
DA:149,1
DA:152,1
DA:155,1
DA:158,1
DA:161,1
DA:169,1
DA:172,1
DA:179,1
DA:182,1
DA:190,1
DA:192,1
LF:20
LH:20
BRF:0
BRH:0
end_of_record
TN:
SF:src\modules\auth\auth.service.js
FN:17,(anonymous_0)
FN:82,(anonymous_1)
FN:128,(anonymous_2)
FN:169,(anonymous_3)
FN:188,(anonymous_4)
FN:216,(anonymous_5)
FN:241,(anonymous_6)
FN:264,(anonymous_7)
FN:286,(anonymous_8)
FN:318,(anonymous_9)
FNF:10
FNH:0
FNDA:0,(anonymous_0)
FNDA:0,(anonymous_1)
FNDA:0,(anonymous_2)
FNDA:0,(anonymous_3)
FNDA:0,(anonymous_4)
FNDA:0,(anonymous_5)
FNDA:0,(anonymous_6)
FNDA:0,(anonymous_7)
FNDA:0,(anonymous_8)
FNDA:0,(anonymous_9)
DA:1,1
DA:2,1
DA:3,1
DA:9,1
DA:10,1
DA:11,1
DA:20,0
DA:23,0
DA:24,0
DA:25,0
DA:29,0
DA:30,0
DA:37,0
DA:38,0
DA:42,0
DA:50,0
DA:51,0
DA:54,0
DA:55,0
DA:58,0
DA:65,0
DA:66,0
DA:69,0
DA:70,0
DA:72,0
DA:84,0
DA:86,0
DA:87,0
DA:91,0
DA:92,0
DA:96,0
DA:97,0
DA:98,0
DA:102,0
DA:109,0
DA:110,0
DA:111,0
DA:113,0
DA:116,0
DA:117,0
DA:119,0
DA:129,0
DA:130,0
DA:133,0
DA:135,0
DA:138,0
DA:140,0
DA:141,0
DA:145,0
DA:146,0
DA:150,0
DA:157,0
DA:158,0
DA:160,0
DA:162,0
DA:170,0
DA:172,0
DA:173,0
DA:177,0
DA:178,0
DA:180,0
DA:182,0
DA:190,0
DA:193,0
DA:198,0
DA:199,0
DA:203,0
DA:204,0
DA:205,0
DA:206,0
DA:208,0
DA:210,0
DA:217,0
DA:219,0
DA:220,0
DA:223,0
DA:224,0
DA:228,0
DA:229,0
DA:232,0
DA:233,0
DA:235,0
DA:242,0
DA:244,0
DA:246,0
DA:247,0
DA:251,0
DA:252,0
DA:255,0
DA:256,0
DA:258,0
DA:265,0
DA:267,0
DA:268,0
DA:272,0
DA:274,0
DA:275,0
DA:278,0
DA:280,0
DA:288,0
DA:290,0
DA:291,0
DA:295,0
DA:297,0
DA:298,0
DA:302,0
DA:303,0
DA:304,0
DA:305,0
DA:306,0
DA:307,0
DA:308,0
DA:310,0
DA:312,0
DA:319,0
DA:321,0
DA:322,0
DA:326,0
DA:327,0
DA:328,0
DA:332,0
DA:333,0
DA:334,0
DA:336,0
DA:338,0
DA:342,1
LF:126
LH:7
BRDA:24,0,0,0
BRDA:24,0,1,0
BRDA:29,1,0,0
BRDA:29,1,1,0
BRDA:31,2,0,0
BRDA:31,2,1,0
BRDA:31,2,2,0
BRDA:32,3,0,0
BRDA:32,3,1,0
BRDA:32,3,2,0
BRDA:33,4,0,0
BRDA:33,4,1,0
BRDA:37,5,0,0
BRDA:37,5,1,0
BRDA:45,6,0,0
BRDA:45,6,1,0
BRDA:86,7,0,0
BRDA:86,7,1,0
BRDA:91,8,0,0
BRDA:91,8,1,0
BRDA:97,9,0,0
BRDA:97,9,1,0
BRDA:129,10,0,0
BRDA:129,10,1,0
BRDA:140,11,0,0
BRDA:140,11,1,0
BRDA:140,12,0,0
BRDA:140,12,1,0
BRDA:145,13,0,0
BRDA:145,13,1,0
BRDA:172,14,0,0
BRDA:172,14,1,0
BRDA:198,15,0,0
BRDA:198,15,1,0
BRDA:219,16,0,0
BRDA:219,16,1,0
BRDA:223,17,0,0
BRDA:223,17,1,0
BRDA:244,18,0,0
BRDA:244,18,1,0
BRDA:267,19,0,0
BRDA:267,19,1,0
BRDA:274,20,0,0
BRDA:274,20,1,0
BRDA:290,21,0,0
BRDA:290,21,1,0
BRDA:297,22,0,0
BRDA:297,22,1,0
BRDA:321,23,0,0
BRDA:321,23,1,0
BRDA:327,24,0,0
BRDA:327,24,1,0
BRF:52
BRH:0
end_of_record
TN:
SF:src\modules\auth\auth.validation.js
FNF:0
FNH:0
DA:1,1
DA:3,1
DA:48,1
DA:58,1
DA:64,1
DA:71,1
DA:83,1
DA:109,1
DA:115,1
DA:135,1
LF:10
LH:10
BRF:0
BRH:0
end_of_record
TN:
SF:src\modules\bookings\booking.controller.js
FN:10,(anonymous_0)
FN:19,(anonymous_1)
FN:50,(anonymous_2)
FN:59,(anonymous_3)
FN:69,(anonymous_4)
FN:78,(anonymous_5)
FN:92,(anonymous_6)
FN:101,(anonymous_7)
FN:110,(anonymous_8)
FN:119,(anonymous_9)
FNF:10
FNH:1
FNDA:0,(anonymous_0)
FNDA:0,(anonymous_1)
FNDA:0,(anonymous_2)
FNDA:0,(anonymous_3)
FNDA:0,(anonymous_4)
FNDA:0,(anonymous_5)
FNDA:0,(anonymous_6)
FNDA:0,(anonymous_7)
FNDA:0,(anonymous_8)
FNDA:10,(anonymous_9)
DA:1,1
DA:2,1
DA:3,1
DA:10,1
DA:11,0
DA:12,0
DA:19,1
DA:30,0
DA:32,0
DA:37,0
DA:50,1
DA:51,0
DA:52,0
DA:59,1
DA:60,0
DA:61,0
DA:62,0
DA:69,1
DA:70,0
DA:71,0
DA:78,1
DA:79,0
DA:80,0
DA:85,0
DA:92,1
DA:93,0
DA:94,0
DA:101,1
DA:102,0
DA:103,0
DA:110,1
DA:111,0
DA:112,0
DA:119,1
DA:120,10
DA:121,10
DA:123,10
DA:130,3
DA:134,1
LF:39
LH:18
BRF:0
BRH:0
end_of_record
TN:
SF:src\modules\bookings\booking.model.js
FN:127,(anonymous_0)
FN:137,(anonymous_1)
FN:161,(anonymous_2)
FN:176,(anonymous_3)
FN:191,(anonymous_4)
FN:203,(anonymous_5)
FN:214,(anonymous_6)
FN:287,(anonymous_7)
FN:303,(anonymous_8)
FN:312,(anonymous_9)
FN:330,(anonymous_10)
FN:347,(anonymous_11)
FNF:12
FNH:6
FNDA:0,(anonymous_0)
FNDA:0,(anonymous_1)
FNDA:3,(anonymous_2)
FNDA:3,(anonymous_3)
FNDA:3,(anonymous_4)
FNDA:3,(anonymous_5)
FNDA:3,(anonymous_6)
FNDA:17,(anonymous_7)
FNDA:0,(anonymous_8)
FNDA:0,(anonymous_9)
FNDA:0,(anonymous_10)
FNDA:0,(anonymous_11)
DA:1,1
DA:2,1
DA:4,1
DA:129,0
DA:139,0
DA:140,0
DA:163,3
DA:178,3
DA:193,3
DA:194,3
DA:205,3
DA:206,3
DA:216,3
DA:278,1
DA:279,1
DA:280,1
DA:281,1
DA:282,1
DA:283,1
DA:284,1
DA:287,1
DA:288,17
DA:289,17
DA:290,17
DA:294,17
DA:295,17
DA:296,17
DA:299,17
DA:303,1
DA:304,0
DA:305,0
DA:306,0
DA:308,0
DA:312,1
DA:313,0
DA:314,0
DA:315,0
DA:318,0
DA:330,1
DA:332,0
DA:333,0
DA:336,0
DA:337,0
DA:340,0
DA:347,1
DA:352,0
DA:361,1
DA:363,1
LF:48
LH:31
BRDA:129,0,0,0
BRDA:129,0,1,0
BRDA:140,1,0,0
BRDA:140,1,1,0
BRDA:140,1,2,0
BRDA:163,2,0,3
BRDA:163,2,1,3
BRDA:178,3,0,3
BRDA:178,3,1,3
BRDA:194,4,0,3
BRDA:194,4,1,3
BRDA:206,5,0,3
BRDA:206,5,1,3
BRDA:216,6,0,3
BRDA:216,6,1,3
BRDA:288,7,0,17
BRDA:288,7,1,0
BRDA:288,8,0,17
BRDA:288,8,1,17
BRDA:294,9,0,17
BRDA:294,9,1,0
BRDA:304,10,0,0
BRDA:304,10,1,0
BRDA:304,11,0,0
BRDA:304,11,1,0
BRDA:319,12,0,0
BRDA:319,12,1,0
BRDA:332,13,0,0
BRDA:332,13,1,0
BRDA:332,14,0,0
BRDA:332,14,1,0
BRDA:353,15,0,0
BRDA:353,15,1,0
BRDA:353,15,2,0
BRF:34
BRH:14
end_of_record
TN:
SF:src\modules\bookings\booking.routes.js
FNF:0
FNH:0
DA:1,1
DA:2,1
DA:3,1
DA:4,1
DA:5,1
DA:11,1
DA:15,1
DA:19,1
DA:21,1
DA:24,1
DA:27,1
DA:33,1
DA:40,1
DA:48,1
DA:56,1
DA:65,1
DA:74,1
DA:82,1
DA:90,1
DA:99,1
DA:106,1
LF:21
LH:21
BRF:0
BRH:0
end_of_record
TN:
SF:src\modules\bookings\booking.service.js
FN:8,(anonymous_0)
FN:56,(anonymous_1)
FN:99,(anonymous_2)
FN:113,(anonymous_3)
FN:135,(anonymous_4)
FN:154,(anonymous_5)
FN:178,(anonymous_6)
FN:210,(anonymous_7)
FN:232,(anonymous_8)
FN:246,(anonymous_9)
FN:261,(anonymous_10)
FN:308,(anonymous_11)
FN:381,(anonymous_12)
FNF:13
FNH:1
FNDA:0,(anonymous_0)
FNDA:0,(anonymous_1)
FNDA:0,(anonymous_2)
FNDA:0,(anonymous_3)
FNDA:0,(anonymous_4)
FNDA:0,(anonymous_5)
FNDA:0,(anonymous_6)
FNDA:0,(anonymous_7)
FNDA:0,(anonymous_8)
FNDA:0,(anonymous_9)
FNDA:0,(anonymous_10)
FNDA:0,(anonymous_11)
FNDA:10,(anonymous_12)
DA:1,1
DA:2,1
DA:3,1
DA:4,1
DA:5,1
DA:9,0
DA:12,0
DA:13,0
DA:14,0
DA:17,0
DA:18,0
DA:22,0
DA:23,0
DA:27,0
DA:28,0
DA:29,0
DA:31,0
DA:32,0
DA:35,0
DA:53,0
DA:57,0
DA:61,0
DA:63,0
DA:65,0
DA:66,0
DA:67,0
DA:68,0
DA:70,0
DA:71,0
DA:72,0
DA:73,0
DA:76,0
DA:77,0
DA:78,0
DA:80,0
DA:88,0
DA:101,0
DA:106,0
DA:107,0
DA:110,0
DA:114,0
DA:116,0
DA:117,0
DA:120,0
DA:121,0
DA:122,0
DA:125,0
DA:126,0
DA:127,0
DA:128,0
DA:131,0
DA:132,0
DA:136,0
DA:138,0
DA:139,0
DA:142,0
DA:143,0
DA:146,0
DA:147,0
DA:148,0
DA:150,0
DA:151,0
DA:156,0
DA:158,0
DA:159,0
DA:162,0
DA:163,0
DA:166,0
DA:167,0
DA:174,0
DA:175,0
DA:179,0
DA:196,0
DA:211,0
DA:212,0
DA:215,0
DA:216,0
DA:217,0
DA:219,0
DA:223,0
DA:233,0
DA:247,0
DA:265,0
DA:267,0
DA:268,0
DA:272,0
DA:273,0
DA:279,0
DA:280,0
DA:282,0
DA:296,0
DA:298,0
DA:312,0
DA:314,0
DA:315,0
DA:319,0
DA:324,0
DA:327,0
DA:328,0
DA:332,0
DA:338,0
DA:339,0
DA:349,0
DA:350,0
DA:357,0
DA:358,0
DA:359,0
DA:364,0
DA:365,0
DA:368,0
DA:385,10
DA:386,1
DA:390,9
DA:397,3
DA:401,1
LF:115
LH:10
BRDA:13,0,0,0
BRDA:13,0,1,0
BRDA:17,1,0,0
BRDA:17,1,1,0
BRDA:22,2,0,0
BRDA:22,2,1,0
BRDA:56,3,0,0
BRDA:56,4,0,0
BRDA:59,5,0,0
BRDA:60,6,0,0
BRDA:65,7,0,0
BRDA:65,7,1,0
BRDA:66,8,0,0
BRDA:66,8,1,0
BRDA:67,9,0,0
BRDA:67,9,1,0
BRDA:68,10,0,0
BRDA:68,10,1,0
BRDA:70,11,0,0
BRDA:70,11,1,0
BRDA:70,12,0,0
BRDA:70,12,1,0
BRDA:72,13,0,0
BRDA:72,13,1,0
BRDA:73,14,0,0
BRDA:73,14,1,0
BRDA:106,15,0,0
BRDA:106,15,1,0
BRDA:113,16,0,0
BRDA:116,17,0,0
BRDA:116,17,1,0
BRDA:121,18,0,0
BRDA:121,18,1,0
BRDA:125,19,0,0
BRDA:125,19,1,0
BRDA:138,20,0,0
BRDA:138,20,1,0
BRDA:142,21,0,0
BRDA:142,21,1,0
BRDA:158,22,0,0
BRDA:158,22,1,0
BRDA:162,23,0,0
BRDA:162,23,1,0
BRDA:196,24,0,0
BRDA:196,24,1,0
BRDA:211,25,0,0
BRDA:211,25,1,0
BRDA:219,26,0,0
BRDA:219,26,1,0
BRDA:267,27,0,0
BRDA:267,27,1,0
BRDA:272,28,0,0
BRDA:272,28,1,0
BRDA:279,29,0,0
BRDA:279,29,1,0
BRDA:314,30,0,0
BRDA:314,30,1,0
BRDA:327,31,0,0
BRDA:327,31,1,0
BRDA:327,32,0,0
BRDA:327,32,1,0
BRDA:327,32,2,0
BRDA:338,33,0,0
BRDA:338,33,1,0
BRDA:338,34,0,0
BRDA:338,34,1,0
BRDA:349,35,0,0
BRDA:349,35,1,0
BRDA:357,36,0,0
BRDA:357,36,1,0
BRDA:364,37,0,0
BRDA:364,37,1,0
BRDA:381,38,0,0
BRDA:385,39,0,1
BRDA:385,39,1,9
BRDA:385,40,0,10
BRDA:385,40,1,9
BRDA:385,40,2,9
BRF:78
BRH:5
end_of_record
TN:
SF:src\modules\contacts\contact.controller.js
FN:10,(anonymous_0)
FN:20,(anonymous_1)
FN:41,(anonymous_2)
FN:50,(anonymous_3)
FN:59,(anonymous_4)
FN:69,(anonymous_5)
FN:79,(anonymous_6)
FNF:7
FNH:0
FNDA:0,(anonymous_0)
FNDA:0,(anonymous_1)
FNDA:0,(anonymous_2)
FNDA:0,(anonymous_3)
FNDA:0,(anonymous_4)
FNDA:0,(anonymous_5)
FNDA:0,(anonymous_6)
DA:1,1
DA:2,1
DA:3,1
DA:10,1
DA:11,0
DA:12,0
DA:13,0
DA:20,1
DA:21,0
DA:23,0
DA:28,0
DA:41,1
DA:42,0
DA:43,0
DA:50,1
DA:51,0
DA:52,0
DA:59,1
DA:60,0
DA:61,0
DA:62,0
DA:69,1
DA:70,0
DA:71,0
DA:72,0
DA:79,1
DA:80,0
DA:81,0
DA:85,1
LF:29
LH:11
BRF:0
BRH:0
end_of_record
TN:
SF:src\modules\contacts\contact.model.js
FN:90,(anonymous_0)
FN:98,(anonymous_1)
FNF:2
FNH:0
FNDA:0,(anonymous_0)
FNDA:0,(anonymous_1)
DA:1,1
DA:3,1
DA:82,1
DA:83,1
DA:84,1
DA:85,1
DA:86,1
DA:87,1
DA:90,1
DA:91,0
DA:92,0
DA:93,0
DA:94,0
DA:98,1
DA:99,0
DA:104,0
DA:105,0
DA:108,1
DA:110,1
LF:19
LH:12
BRF:0
BRH:0
end_of_record
TN:
SF:src\modules\contacts\contact.routes.js
FNF:0
FNH:0
DA:1,1
DA:2,1
DA:3,1
DA:4,1
DA:5,1
DA:7,1
DA:10,1
DA:13,1
DA:15,1
DA:17,1
DA:19,1
DA:21,1
DA:28,1
DA:30,1
LF:14
LH:14
BRF:0
BRH:0
end_of_record
TN:
SF:src\modules\contacts\contact.service.js
FN:7,(anonymous_0)
FN:17,(anonymous_1)
FN:62,(anonymous_2)
FN:76,(anonymous_3)
FN:86,(anonymous_4)
FN:111,(anonymous_5)
FN:196,(anonymous_6)
FN:209,(anonymous_7)
FNF:8
FNH:0
FNDA:0,(anonymous_0)
FNDA:0,(anonymous_1)
FNDA:0,(anonymous_2)
FNDA:0,(anonymous_3)
FNDA:0,(anonymous_4)
FNDA:0,(anonymous_5)
FNDA:0,(anonymous_6)
FNDA:0,(anonymous_7)
DA:1,1
DA:2,1
DA:3,1
DA:4,1
DA:8,0
DA:13,0
DA:14,0
DA:18,0
DA:22,0
DA:24,0
DA:26,0
DA:27,0
DA:28,0
DA:30,0
DA:31,0
DA:39,0
DA:40,0
DA:41,0
DA:43,0
DA:51,0
DA:63,0
DA:69,0
DA:70,0
DA:73,0
DA:77,0
DA:79,0
DA:80,0
DA:83,0
DA:87,0
DA:89,0
DA:90,0
DA:93,0
DA:94,0
DA:98,0
DA:101,0
DA:102,0
DA:104,0
DA:108,0
DA:112,0
DA:165,0
DA:188,0
DA:197,0
DA:199,0
DA:200,0
DA:203,0
DA:204,0
DA:206,0
DA:210,0
DA:212,0
DA:213,0
DA:216,0
DA:217,0
DA:221,1
LF:53
LH:5
BRDA:7,0,0,0
BRDA:17,1,0,0
BRDA:17,2,0,0
BRDA:20,3,0,0
BRDA:21,4,0,0
BRDA:26,5,0,0
BRDA:26,5,1,0
BRDA:27,6,0,0
BRDA:27,6,1,0
BRDA:28,7,0,0
BRDA:28,7,1,0
BRDA:30,8,0,0
BRDA:30,8,1,0
BRDA:69,9,0,0
BRDA:69,9,1,0
BRDA:79,10,0,0
BRDA:79,10,1,0
BRDA:89,11,0,0
BRDA:89,11,1,0
BRDA:93,12,0,0
BRDA:93,12,1,0
BRDA:199,13,0,0
BRDA:199,13,1,0
BRDA:212,14,0,0
BRDA:212,14,1,0
BRF:25
BRH:0
end_of_record
TN:
SF:src\modules\homestays\amenity.routes.js
FN:14,(anonymous_0)
FN:23,(anonymous_1)
FN:41,(anonymous_2)
FNF:3
FNH:0
FNDA:0,(anonymous_0)
FNDA:0,(anonymous_1)
FNDA:0,(anonymous_2)
DA:1,1
DA:2,1
DA:3,1
DA:4,1
DA:6,1
DA:12,1
DA:15,0
DA:17,0
DA:18,0
DA:20,0
DA:23,0
DA:24,0
DA:25,0
DA:27,0
DA:28,0
DA:31,0
DA:39,1
DA:42,0
DA:44,0
DA:45,0
DA:48,0
DA:52,1
LF:22
LH:8
BRDA:18,0,0,0
BRDA:18,0,1,0
BRDA:24,1,0,0
BRDA:24,1,1,0
BRDA:44,2,0,0
BRDA:44,2,1,0
BRF:6
BRH:0
end_of_record
TN:
SF:src\modules\homestays\homestay.controller.js
FN:11,(anonymous_0)
FN:120,(anonymous_1)
FN:133,(anonymous_2)
FN:145,(anonymous_3)
FN:150,(anonymous_4)
FN:160,(anonymous_5)
FN:176,(anonymous_6)
FN:185,(anonymous_7)
FN:233,(anonymous_8)
FN:244,(anonymous_9)
FN:256,(anonymous_10)
FN:265,(anonymous_11)
FN:282,(anonymous_12)
FN:291,(anonymous_13)
FN:310,(anonymous_14)
FN:327,(anonymous_15)
FN:336,(anonymous_16)
FNF:17
FNH:0
FNDA:0,(anonymous_0)
FNDA:0,(anonymous_1)
FNDA:0,(anonymous_2)
FNDA:0,(anonymous_3)
FNDA:0,(anonymous_4)
FNDA:0,(anonymous_5)
FNDA:0,(anonymous_6)
FNDA:0,(anonymous_7)
FNDA:0,(anonymous_8)
FNDA:0,(anonymous_9)
FNDA:0,(anonymous_10)
FNDA:0,(anonymous_11)
FNDA:0,(anonymous_12)
FNDA:0,(anonymous_13)
FNDA:0,(anonymous_14)
FNDA:0,(anonymous_15)
FNDA:0,(anonymous_16)
DA:1,1
DA:2,1
DA:3,1
DA:4,1
DA:11,1
DA:12,0
DA:13,0
DA:16,0
DA:17,0
DA:26,0
DA:27,0
DA:28,0
DA:30,0
DA:31,0
DA:32,0
DA:36,0
DA:38,0
DA:39,0
DA:40,0
DA:41,0
DA:43,0
DA:45,0
DA:51,0
DA:52,0
DA:53,0
DA:54,0
DA:55,0
DA:56,0
DA:58,0
DA:59,0
DA:60,0
DA:61,0
DA:63,0
DA:65,0
DA:73,0
DA:76,0
DA:78,0
DA:82,0
DA:83,0
DA:84,0
DA:86,0
DA:93,0
DA:95,0
DA:96,0
DA:98,0
DA:99,0
DA:104,0
DA:105,0
DA:110,0
DA:111,0
DA:115,0
DA:116,0
DA:117,0
DA:118,0
DA:120,0
DA:122,0
DA:125,0
DA:128,0
DA:129,0
DA:130,0
DA:132,0
DA:133,0
DA:137,0
DA:138,0
DA:145,1
DA:146,0
DA:147,0
DA:150,0
DA:151,0
DA:153,0
DA:160,1
DA:161,0
DA:162,0
DA:169,0
DA:176,1
DA:177,0
DA:178,0
DA:185,1
DA:186,0
DA:189,0
DA:190,0
DA:195,0
DA:196,0
DA:197,0
DA:200,0
DA:201,0
DA:202,0
DA:203,0
DA:204,0
DA:206,0
DA:212,0
DA:213,0
DA:214,0
DA:215,0
DA:216,0
DA:219,0
DA:220,0
DA:224,0
DA:225,0
DA:229,0
DA:230,0
DA:231,0
DA:232,0
DA:233,0
DA:235,0
DA:239,0
DA:240,0
DA:241,0
DA:243,0
DA:244,0
DA:248,0
DA:249,0
DA:256,1
DA:257,0
DA:258,0
DA:265,1
DA:266,0
DA:267,0
DA:269,0
DA:282,1
DA:283,0
DA:284,0
DA:291,1
DA:292,0
DA:294,0
DA:310,1
DA:311,0
DA:312,0
DA:314,0
DA:327,1
DA:328,0
DA:329,0
DA:336,1
DA:337,0
DA:338,0
DA:339,0
DA:343,1
LF:137
LH:17
BRDA:16,0,0,0
BRDA:16,0,1,0
BRDA:20,1,0,0
BRDA:20,1,1,0
BRDA:26,2,0,0
BRDA:26,2,1,0
BRDA:36,3,0,0
BRDA:36,3,1,0
BRDA:36,4,0,0
BRDA:36,4,1,0
BRDA:38,5,0,0
BRDA:38,5,1,0
BRDA:38,6,0,0
BRDA:38,6,1,0
BRDA:39,7,0,0
BRDA:39,7,1,0
BRDA:40,8,0,0
BRDA:40,8,1,0
BRDA:41,9,0,0
BRDA:41,9,1,0
BRDA:56,10,0,0
BRDA:56,10,1,0
BRDA:56,11,0,0
BRDA:56,11,1,0
BRDA:58,12,0,0
BRDA:58,12,1,0
BRDA:58,13,0,0
BRDA:58,13,1,0
BRDA:59,14,0,0
BRDA:59,14,1,0
BRDA:60,15,0,0
BRDA:60,15,1,0
BRDA:61,16,0,0
BRDA:61,16,1,0
BRDA:76,17,0,0
BRDA:76,17,1,0
BRDA:80,18,0,0
BRDA:80,18,1,0
BRDA:84,19,0,0
BRDA:84,19,1,0
BRDA:84,20,0,0
BRDA:84,20,1,0
BRDA:88,21,0,0
BRDA:88,21,1,0
BRDA:93,22,0,0
BRDA:93,22,1,0
BRDA:93,23,0,0
BRDA:93,23,1,0
BRDA:95,24,0,0
BRDA:95,24,1,0
BRDA:98,25,0,0
BRDA:98,25,1,0
BRDA:104,26,0,0
BRDA:104,26,1,0
BRDA:110,27,0,0
BRDA:110,27,1,0
BRDA:115,28,0,0
BRDA:115,28,1,0
BRDA:116,29,0,0
BRDA:116,29,1,0
BRDA:118,30,0,0
BRDA:118,30,1,0
BRDA:128,31,0,0
BRDA:128,31,1,0
BRDA:129,32,0,0
BRDA:129,32,1,0
BRDA:129,33,0,0
BRDA:129,33,1,0
BRDA:132,34,0,0
BRDA:132,34,1,0
BRDA:132,35,0,0
BRDA:132,35,1,0
BRDA:146,36,0,0
BRDA:146,36,1,0
BRDA:146,37,0,0
BRDA:146,37,1,0
BRDA:189,38,0,0
BRDA:189,38,1,0
BRDA:193,39,0,0
BRDA:193,39,1,0
BRDA:200,40,0,0
BRDA:200,40,1,0
BRDA:204,41,0,0
BRDA:204,41,1,0
BRDA:204,41,2,0
BRDA:219,42,0,0
BRDA:219,42,1,0
BRDA:222,43,0,0
BRDA:222,43,1,0
BRDA:229,44,0,0
BRDA:229,44,1,0
BRDA:230,45,0,0
BRDA:230,45,1,0
BRDA:232,46,0,0
BRDA:232,46,1,0
BRDA:239,47,0,0
BRDA:239,47,1,0
BRDA:240,48,0,0
BRDA:240,48,1,0
BRDA:240,49,0,0
BRDA:240,49,1,0
BRDA:243,50,0,0
BRDA:243,50,1,0
BRDA:243,51,0,0
BRDA:243,51,1,0
BRF:105
BRH:0
end_of_record
TN:
SF:src\modules\homestays\homestay.model.js
FN:262,(anonymous_0)
FN:267,(anonymous_1)
FN:275,(anonymous_2)
FN:279,(anonymous_3)
FN:285,(anonymous_4)
FN:290,(anonymous_5)
FN:299,(anonymous_6)
FNF:7
FNH:2
FNDA:0,(anonymous_0)
FNDA:12,(anonymous_1)
FNDA:12,(anonymous_2)
FNDA:0,(anonymous_3)
FNDA:0,(anonymous_4)
FNDA:0,(anonymous_5)
FNDA:0,(anonymous_6)
DA:1,1
DA:2,1
DA:4,1
DA:250,1
DA:251,1
DA:252,1
DA:253,1
DA:254,1
DA:255,1
DA:256,1
DA:257,1
DA:258,1
DA:259,1
DA:262,1
DA:263,0
DA:267,1
DA:268,12
DA:269,0
DA:271,12
DA:275,1
DA:276,12
DA:277,0
DA:278,0
DA:279,0
DA:281,12
DA:285,1
DA:286,0
DA:287,0
DA:290,0
DA:291,0
DA:292,0
DA:295,0
DA:299,1
DA:300,0
DA:301,0
DA:304,1
DA:306,1
LF:37
LH:24
BRDA:268,0,0,0
BRDA:268,0,1,12
BRDA:268,1,0,12
BRDA:268,1,1,12
BRDA:268,1,2,12
BRDA:276,2,0,0
BRDA:276,2,1,12
BRDA:276,3,0,12
BRDA:276,3,1,0
BRDA:292,4,0,0
BRDA:292,4,1,0
BRF:11
BRH:6
end_of_record
TN:
SF:src\modules\homestays\homestay.routes.js
FNF:0
FNH:0
DA:1,1
DA:2,1
DA:3,1
DA:4,1
DA:5,1
DA:6,1
DA:14,1
DA:16,1
DA:24,1
DA:36,1
DA:43,1
DA:51,1
DA:61,1
DA:72,1
DA:81,1
DA:92,1
DA:101,1
DA:114,1
DA:122,1
DA:131,1
DA:140,1
LF:21
LH:21
BRF:0
BRH:0
end_of_record
TN:
SF:src\modules\homestays\homestay.service.js
FN:18,(anonymous_0)
FN:48,(anonymous_1)
FN:75,(anonymous_2)
FN:86,(anonymous_3)
FN:107,(anonymous_4)
FN:133,(anonymous_5)
FN:149,(anonymous_6)
FN:157,(anonymous_7)
FN:235,(anonymous_8)
FN:262,(anonymous_9)
FN:279,(anonymous_10)
FN:305,(anonymous_11)
FN:327,(anonymous_12)
FN:455,(anonymous_13)
FN:479,(anonymous_14)
FN:496,(anonymous_15)
FNF:16
FNH:0
FNDA:0,(anonymous_0)
FNDA:0,(anonymous_1)
FNDA:0,(anonymous_2)
FNDA:0,(anonymous_3)
FNDA:0,(anonymous_4)
FNDA:0,(anonymous_5)
FNDA:0,(anonymous_6)
FNDA:0,(anonymous_7)
FNDA:0,(anonymous_8)
FNDA:0,(anonymous_9)
FNDA:0,(anonymous_10)
FNDA:0,(anonymous_11)
FNDA:0,(anonymous_12)
FNDA:0,(anonymous_13)
FNDA:0,(anonymous_14)
FNDA:0,(anonymous_15)
DA:1,1
DA:2,1
DA:3,1
DA:4,1
DA:5,1
DA:6,1
DA:7,1
DA:8,1
DA:9,1
DA:10,1
DA:11,1
DA:12,1
DA:20,0
DA:21,0
DA:22,0
DA:26,0
DA:27,0
DA:28,0
DA:29,0
DA:34,0
DA:37,0
DA:38,0
DA:43,0
DA:47,0
DA:48,0
DA:57,0
DA:58,0
DA:61,0
DA:67,0
DA:69,0
DA:76,0
DA:79,0
DA:81,0
DA:83,0
DA:86,0
DA:92,0
DA:93,0
DA:95,0
DA:97,0
DA:99,0
DA:100,0
DA:108,0
DA:110,0
DA:112,0
DA:113,0
DA:116,0
DA:118,0
DA:119,0
DA:121,0
DA:123,0
DA:125,0
DA:126,0
DA:134,0
DA:142,0
DA:143,0
DA:144,0
DA:149,0
DA:151,0
DA:158,0
DA:160,0
DA:163,0
DA:164,0
DA:165,0
DA:166,0
DA:171,0
DA:174,0
DA:175,0
DA:179,0
DA:180,0
DA:182,0
DA:183,0
DA:187,0
DA:188,0
DA:190,0
DA:191,0
DA:195,0
DA:196,0
DA:198,0
DA:199,0
DA:203,0
DA:204,0
DA:206,0
DA:207,0
DA:211,0
DA:212,0
DA:215,0
DA:217,0
DA:224,0
DA:225,0
DA:230,0
DA:234,0
DA:235,0
DA:244,0
DA:245,0
DA:246,0
DA:251,0
DA:252,0
DA:254,0
DA:256,0
DA:263,0
DA:265,0
DA:268,0
DA:269,0
DA:271,0
DA:273,0
DA:280,0
DA:282,0
DA:283,0
DA:285,0
DA:287,0
DA:296,0
DA:306,0
DA:308,0
DA:311,0
DA:312,0
DA:315,0
DA:316,0
DA:317,0
DA:319,0
DA:321,0
DA:348,0
DA:350,0
DA:354,0
DA:356,0
DA:357,0
DA:358,0
DA:360,0
DA:365,0
DA:366,0
DA:370,0
DA:371,0
DA:380,0
DA:381,0
DA:382,0
DA:383,0
DA:391,0
DA:394,0
DA:395,0
DA:396,0
DA:397,0
DA:401,0
DA:404,0
DA:405,0
DA:406,0
DA:410,0
DA:413,0
DA:414,0
DA:418,0
DA:421,0
DA:431,0
DA:432,0
DA:434,0
DA:445,0
DA:456,0
DA:458,0
DA:459,0
DA:461,0
DA:470,0
DA:480,0
DA:482,0
DA:483,0
DA:484,0
DA:485,0
DA:486,0
DA:488,0
DA:490,0
DA:497,0
DA:499,0
DA:500,0
DA:501,0
DA:502,0
DA:504,0
DA:506,0
DA:510,1
LF:174
LH:13
BRDA:21,0,0,0
BRDA:21,0,1,0
BRDA:21,1,0,0
BRDA:21,1,1,0
BRDA:21,1,2,0
BRDA:26,2,0,0
BRDA:26,2,1,0
BRDA:26,3,0,0
BRDA:26,3,1,0
BRDA:28,4,0,0
BRDA:28,4,1,0
BRDA:37,5,0,0
BRDA:37,5,1,0
BRDA:37,6,0,0
BRDA:37,6,1,0
BRDA:47,7,0,0
BRDA:47,7,1,0
BRDA:47,8,0,0
BRDA:47,8,1,0
BRDA:112,9,0,0
BRDA:112,9,1,0
BRDA:133,10,0,0
BRDA:142,11,0,0
BRDA:142,11,1,0
BRDA:143,12,0,0
BRDA:143,12,1,0
BRDA:143,13,0,0
BRDA:143,13,1,0
BRDA:163,14,0,0
BRDA:163,14,1,0
BRDA:163,15,0,0
BRDA:163,15,1,0
BRDA:165,16,0,0
BRDA:165,16,1,0
BRDA:174,17,0,0
BRDA:174,17,1,0
BRDA:176,18,0,0
BRDA:176,18,1,0
BRDA:182,19,0,0
BRDA:182,19,1,0
BRDA:184,20,0,0
BRDA:184,20,1,0
BRDA:190,21,0,0
BRDA:190,21,1,0
BRDA:192,22,0,0
BRDA:192,22,1,0
BRDA:198,23,0,0
BRDA:198,23,1,0
BRDA:200,24,0,0
BRDA:200,24,1,0
BRDA:206,25,0,0
BRDA:206,25,1,0
BRDA:208,26,0,0
BRDA:208,26,1,0
BRDA:224,27,0,0
BRDA:224,27,1,0
BRDA:224,28,0,0
BRDA:224,28,1,0
BRDA:234,29,0,0
BRDA:234,29,1,0
BRDA:234,30,0,0
BRDA:234,30,1,0
BRDA:279,31,0,0
BRDA:280,32,0,0
BRDA:280,33,0,0
BRDA:283,34,0,0
BRDA:283,34,1,0
BRDA:311,35,0,0
BRDA:311,35,1,0
BRDA:311,36,0,0
BRDA:311,36,1,0
BRDA:345,37,0,0
BRDA:346,38,0,0
BRDA:347,39,0,0
BRDA:354,40,0,0
BRDA:354,40,1,0
BRDA:356,41,0,0
BRDA:356,41,1,0
BRDA:358,42,0,0
BRDA:358,42,1,0
BRDA:365,43,0,0
BRDA:365,43,1,0
BRDA:370,44,0,0
BRDA:370,44,1,0
BRDA:380,45,0,0
BRDA:380,45,1,0
BRDA:381,46,0,0
BRDA:381,46,1,0
BRDA:382,47,0,0
BRDA:382,47,1,0
BRDA:382,48,0,0
BRDA:382,48,1,0
BRDA:391,49,0,0
BRDA:391,49,1,0
BRDA:394,50,0,0
BRDA:394,50,1,0
BRDA:394,51,0,0
BRDA:394,51,1,0
BRDA:396,52,0,0
BRDA:396,52,1,0
BRDA:397,53,0,0
BRDA:397,53,1,0
BRDA:401,54,0,0
BRDA:401,54,1,0
BRDA:404,55,0,0
BRDA:404,55,1,0
BRDA:405,56,0,0
BRDA:405,56,1,0
BRDA:410,57,0,0
BRDA:410,57,1,0
BRDA:413,58,0,0
BRDA:413,58,1,0
BRDA:413,59,0,0
BRDA:413,59,1,0
BRDA:418,60,0,0
BRDA:418,60,1,0
BRDA:418,61,0,0
BRDA:418,61,1,0
BRDA:455,62,0,0
BRDA:456,63,0,0
BRDA:456,64,0,0
BRF:121
BRH:0
end_of_record
TN:
SF:src\modules\homestays\homestay.validation.js
FNF:0
FNH:0
DA:1,1
DA:3,1
DA:80,1
DA:128,1
DA:155,1
DA:164,1
DA:181,1
DA:190,1
DA:201,1
LF:9
LH:9
BRF:0
BRH:0
end_of_record
TN:
SF:src\modules\users\user.controller.js
FN:11,(anonymous_0)
FN:20,(anonymous_1)
FN:29,(anonymous_2)
FN:42,(anonymous_3)
FN:51,(anonymous_4)
FN:60,(anonymous_5)
FN:69,(anonymous_6)
FN:78,(anonymous_7)
FN:87,(anonymous_8)
FN:110,(anonymous_9)
FN:120,(anonymous_10)
FN:129,(anonymous_11)
FN:138,(anonymous_12)
FNF:13
FNH:0
FNDA:0,(anonymous_0)
FNDA:0,(anonymous_1)
FNDA:0,(anonymous_2)
FNDA:0,(anonymous_3)
FNDA:0,(anonymous_4)
FNDA:0,(anonymous_5)
FNDA:0,(anonymous_6)
FNDA:0,(anonymous_7)
FNDA:0,(anonymous_8)
FNDA:0,(anonymous_9)
FNDA:0,(anonymous_10)
FNDA:0,(anonymous_11)
FNDA:0,(anonymous_12)
DA:1,1
DA:2,1
DA:3,1
DA:4,1
DA:11,1
DA:12,0
DA:13,0
DA:20,1
DA:21,0
DA:22,0
DA:29,1
DA:30,0
DA:31,0
DA:34,0
DA:35,0
DA:42,1
DA:43,0
DA:44,0
DA:51,1
DA:52,0
DA:53,0
DA:60,1
DA:61,0
DA:62,0
DA:69,1
DA:70,0
DA:71,0
DA:78,1
DA:79,0
DA:80,0
DA:87,1
DA:90,0
DA:92,0
DA:97,0
DA:110,1
DA:111,0
DA:112,0
DA:113,0
DA:120,1
DA:121,0
DA:122,0
DA:129,1
DA:130,0
DA:131,0
DA:138,1
DA:139,0
DA:140,0
DA:144,1
LF:48
LH:18
BRDA:30,0,0,0
BRDA:30,0,1,0
BRF:2
BRH:0
end_of_record
TN:
SF:src\modules\users\user.model.js
FN:17,(anonymous_0)
FN:140,(anonymous_1)
FN:153,(anonymous_2)
FN:174,(anonymous_3)
FN:182,(anonymous_4)
FN:187,(anonymous_5)
FN:201,(anonymous_6)
FN:215,(anonymous_7)
FN:232,(anonymous_8)
FN:252,(anonymous_9)
FNF:10
FNH:3
FNDA:36,(anonymous_0)
FNDA:0,(anonymous_1)
FNDA:36,(anonymous_2)
FNDA:36,(anonymous_3)
FNDA:0,(anonymous_4)
FNDA:0,(anonymous_5)
FNDA:0,(anonymous_6)
FNDA:0,(anonymous_7)
FNDA:0,(anonymous_8)
FNDA:0,(anonymous_9)
DA:1,1
DA:2,1
DA:3,1
DA:4,1
DA:6,1
DA:19,36
DA:133,1
DA:134,1
DA:135,1
DA:136,1
DA:137,1
DA:140,1
DA:142,0
DA:143,0
DA:146,0
DA:147,0
DA:149,0
DA:153,1
DA:155,36
DA:156,0
DA:160,36
DA:161,0
DA:164,36
DA:165,36
DA:166,36
DA:167,36
DA:169,0
DA:174,1
DA:175,36
DA:176,0
DA:178,36
DA:182,1
DA:183,0
DA:187,1
DA:188,0
DA:190,0
DA:195,0
DA:197,0
DA:201,1
DA:202,0
DA:204,0
DA:209,0
DA:211,0
DA:215,1
DA:217,0
DA:220,0
DA:226,0
DA:228,0
DA:232,1
DA:233,0
DA:234,0
DA:238,0
DA:239,0
DA:243,0
DA:248,0
DA:252,1
DA:253,0
DA:256,1
DA:258,1
LF:59
LH:30
BRDA:142,0,0,0
BRDA:142,0,1,0
BRDA:146,1,0,0
BRDA:146,1,1,0
BRDA:146,2,0,0
BRDA:146,2,1,0
BRDA:146,2,2,0
BRDA:147,3,0,0
BRDA:147,3,1,0
BRDA:147,4,0,0
BRDA:147,4,1,0
BRDA:155,5,0,0
BRDA:155,5,1,36
BRDA:160,6,0,0
BRDA:160,6,1,36
BRDA:175,7,0,0
BRDA:175,7,1,36
BRDA:233,8,0,0
BRDA:233,8,1,0
BRDA:233,9,0,0
BRDA:233,9,1,0
BRDA:238,10,0,0
BRDA:238,10,1,0
BRF:23
BRH:3
end_of_record
TN:
SF:src\modules\users\user.routes.js
FNF:0
FNH:0
DA:1,1
DA:2,1
DA:3,1
DA:4,1
DA:5,1
DA:6,1
DA:11,1
DA:13,1
DA:18,1
DA:25,1
DA:28,1
DA:31,1
DA:39,1
DA:46,1
DA:49,1
DA:56,1
DA:68,1
DA:71,1
DA:74,1
DA:81,1
DA:89,1
DA:97,1
DA:104,1
LF:23
LH:23
BRF:0
BRH:0
end_of_record
TN:
SF:src\modules\users\user.service.js
FN:14,(anonymous_0)
FN:21,(anonymous_1)
FN:30,(anonymous_2)
FN:60,(anonymous_3)
FN:96,(anonymous_4)
FN:129,(anonymous_5)
FN:144,(anonymous_6)
FN:174,(anonymous_7)
FN:190,(anonymous_8)
FN:226,(anonymous_9)
FN:240,(anonymous_10)
FN:274,(anonymous_11)
FN:314,(anonymous_12)
FNF:13
FNH:0
FNDA:0,(anonymous_0)
FNDA:0,(anonymous_1)
FNDA:0,(anonymous_2)
FNDA:0,(anonymous_3)
FNDA:0,(anonymous_4)
FNDA:0,(anonymous_5)
FNDA:0,(anonymous_6)
FNDA:0,(anonymous_7)
FNDA:0,(anonymous_8)
FNDA:0,(anonymous_9)
FNDA:0,(anonymous_10)
FNDA:0,(anonymous_11)
FNDA:0,(anonymous_12)
DA:1,1
DA:2,1
DA:3,1
DA:4,1
DA:5,1
DA:6,1
DA:7,1
DA:8,1
DA:15,0
DA:22,0
DA:31,0
DA:34,0
DA:35,0
DA:36,0
DA:37,0
DA:38,0
DA:39,0
DA:40,0
DA:41,0
DA:48,0
DA:50,0
DA:52,0
DA:54,0
DA:61,0
DA:63,0
DA:65,0
DA:67,0
DA:68,0
DA:69,0
DA:71,0
DA:72,0
DA:74,0
DA:79,0
DA:81,0
DA:82,0
DA:84,0
DA:86,0
DA:88,0
DA:89,0
DA:97,0
DA:99,0
DA:100,0
DA:104,0
DA:107,0
DA:108,0
DA:109,0
DA:112,0
DA:119,0
DA:121,0
DA:123,0
DA:130,0
DA:134,0
DA:135,0
DA:138,0
DA:145,0
DA:147,0
DA:148,0
DA:152,0
DA:153,0
DA:154,0
DA:155,0
DA:162,0
DA:164,0
DA:166,0
DA:168,0
DA:175,0
DA:178,0
DA:179,0
DA:180,0
DA:182,0
DA:184,0
DA:193,0
DA:195,0
DA:198,0
DA:199,0
DA:200,0
DA:201,0
DA:202,0
DA:209,0
DA:211,0
DA:217,0
DA:227,0
DA:229,0
DA:230,0
DA:232,0
DA:234,0
DA:241,0
DA:244,0
DA:245,0
DA:246,0
DA:250,0
DA:263,0
DA:265,0
DA:268,0
DA:275,0
DA:278,0
DA:279,0
DA:283,0
DA:284,0
DA:286,0
DA:289,0
DA:290,0
DA:293,0
DA:294,0
DA:295,0
DA:296,0
DA:300,0
DA:301,0
DA:304,0
DA:306,0
DA:308,0
DA:315,0
DA:318,0
DA:319,0
DA:320,0
DA:322,0
DA:324,0
DA:328,1
LF:118
LH:9
BRDA:34,0,0,0
BRDA:34,0,1,0
BRDA:35,1,0,0
BRDA:35,1,1,0
BRDA:36,2,0,0
BRDA:36,2,1,0
BRDA:37,3,0,0
BRDA:37,3,1,0
BRDA:38,4,0,0
BRDA:38,4,1,0
BRDA:39,5,0,0
BRDA:39,5,1,0
BRDA:40,6,0,0
BRDA:40,6,1,0
BRDA:65,7,0,0
BRDA:65,7,1,0
BRDA:99,8,0,0
BRDA:99,8,1,0
BRDA:134,9,0,0
BRDA:134,9,1,0
BRDA:134,10,0,0
BRDA:134,10,1,0
BRDA:147,11,0,0
BRDA:147,11,1,0
BRDA:147,12,0,0
BRDA:147,12,1,0
BRDA:152,13,0,0
BRDA:152,13,1,0
BRDA:153,14,0,0
BRDA:153,14,1,0
BRDA:154,15,0,0
BRDA:154,15,1,0
BRDA:190,16,0,0
BRDA:190,17,0,0
BRDA:192,18,0,0
BRDA:192,19,0,0
BRDA:198,20,0,0
BRDA:198,20,1,0
BRDA:199,21,0,0
BRDA:199,21,1,0
BRDA:200,22,0,0
BRDA:200,22,1,0
BRDA:245,23,0,0
BRDA:245,23,1,0
BRDA:253,24,0,0
BRDA:253,24,1,0
BRDA:255,25,0,0
BRDA:255,25,1,0
BRDA:256,26,0,0
BRDA:256,26,1,0
BRDA:257,27,0,0
BRDA:257,27,1,0
BRDA:278,28,0,0
BRDA:278,28,1,0
BRDA:283,29,0,0
BRDA:283,29,1,0
BRDA:289,30,0,0
BRDA:289,30,1,0
BRDA:290,31,0,0
BRDA:290,31,1,0
BRDA:293,32,0,0
BRDA:293,32,1,0
BRDA:294,33,0,0
BRDA:294,33,1,0
BRDA:295,34,0,0
BRDA:295,34,1,0
BRDA:296,35,0,0
BRDA:296,35,1,0
BRDA:300,36,0,0
BRDA:300,36,1,0
BRF:70
BRH:0
end_of_record
TN:
SF:src\modules\users\user.validation.js
FNF:0
FNH:0
DA:1,1
DA:3,1
DA:36,1
DA:60,1
DA:69,1
LF:5
LH:5
BRF:0
BRH:0
end_of_record
TN:
SF:src\routes\index.js
FN:26,(anonymous_0)
FNF:1
FNH:0
FNDA:0,(anonymous_0)
DA:1,1
DA:2,1
DA:3,1
DA:4,1
DA:5,1
DA:6,1
DA:7,1
DA:8,1
DA:9,1
DA:10,1
DA:12,1
DA:17,1
DA:18,1
DA:19,1
DA:20,1
DA:21,1
DA:22,1
DA:23,1
DA:26,1
DA:27,0
DA:28,0
DA:35,0
DA:37,0
DA:57,1
LF:24
LH:20
BRDA:43,0,0,0
BRDA:43,0,1,0
BRF:2
BRH:0
end_of_record
TN:
SF:src\routes\payment.routes.js
FN:12,(anonymous_0)
FN:66,(anonymous_1)
FNF:2
FNH:0
FNDA:0,(anonymous_0)
FNDA:0,(anonymous_1)
DA:1,1
DA:2,1
DA:3,1
DA:4,1
DA:6,1
DA:12,1
DA:13,0
DA:14,0
DA:16,0
DA:53,1
DA:66,1
DA:67,0
DA:77,1
LF:13
LH:9
BRDA:13,0,0,0
BRDA:13,0,1,0
BRDA:13,1,0,0
BRDA:13,1,1,0
BRF:4
BRH:0
end_of_record
TN:
SF:src\services\email.service.js
FN:5,(anonymous_0)
FN:10,(anonymous_1)
FN:14,(anonymous_2)
FN:44,(anonymous_3)
FN:58,(anonymous_4)
FN:82,(anonymous_5)
FN:117,(anonymous_6)
FN:192,(anonymous_7)
FN:242,(anonymous_8)
FNF:9
FNH:2
FNDA:1,(anonymous_0)
FNDA:1,(anonymous_1)
FNDA:0,(anonymous_2)
FNDA:0,(anonymous_3)
FNDA:0,(anonymous_4)
FNDA:0,(anonymous_5)
FNDA:0,(anonymous_6)
FNDA:0,(anonymous_7)
FNDA:0,(anonymous_8)
DA:1,1
DA:2,1
DA:6,1
DA:7,1
DA:11,1
DA:13,1
DA:14,0
DA:16,1
DA:19,0
DA:29,0
DA:34,0
DA:35,0
DA:36,0
DA:37,0
DA:40,0
DA:41,0
DA:44,0
DA:45,0
DA:46,0
DA:47,0
DA:49,0
DA:53,0
DA:54,0
DA:59,0
DA:60,0
DA:61,0
DA:64,0
DA:65,0
DA:73,0
DA:74,0
DA:75,0
DA:77,0
DA:78,0
DA:83,0
DA:85,0
DA:98,0
DA:114,0
DA:118,0
DA:171,0
DA:189,0
DA:193,0
DA:195,0
DA:215,0
DA:239,0
DA:243,0
DA:245,0
DA:264,0
DA:286,0
DA:290,1
LF:49
LH:8
BRDA:11,0,0,1
BRDA:11,0,1,0
BRDA:20,1,0,0
BRDA:20,1,1,0
BRDA:21,2,0,0
BRDA:21,2,1,0
BRDA:29,3,0,0
BRDA:29,3,1,0
BRDA:29,3,2,0
BRDA:29,3,3,0
BRDA:34,4,0,0
BRDA:34,4,1,0
BRDA:45,5,0,0
BRDA:45,5,1,0
BRDA:59,6,0,0
BRDA:59,6,1,0
BRDA:66,7,0,0
BRDA:66,7,1,0
BRDA:66,8,0,0
BRDA:66,8,1,0
BRDA:83,9,0,0
BRDA:83,9,1,0
BRDA:87,10,0,0
BRDA:87,10,1,0
BRDA:101,11,0,0
BRDA:101,11,1,0
BRDA:142,12,0,0
BRDA:142,12,1,0
BRDA:174,13,0,0
BRDA:174,13,1,0
BRDA:193,14,0,0
BRDA:193,14,1,0
BRDA:243,15,0,0
BRDA:243,15,1,0
BRF:34
BRH:1
end_of_record
TN:
SF:src\services\firebase.service.js
FN:10,(anonymous_0)
FN:25,(anonymous_1)
FNF:2
FNH:0
FNDA:0,(anonymous_0)
FNDA:0,(anonymous_1)
DA:1,1
DA:2,1
DA:3,1
DA:10,1
DA:11,0
DA:12,0
DA:13,0
DA:15,0
DA:25,1
DA:27,0
DA:29,0
DA:31,0
DA:32,0
DA:36,0
DA:37,0
DA:40,0
DA:42,0
DA:44,0
DA:54,0
DA:55,0
DA:56,0
DA:61,0
DA:68,0
DA:69,0
DA:72,0
DA:73,0
DA:74,0
DA:77,0
DA:91,1
LF:29
LH:6
BRDA:25,0,0,0
BRDA:31,1,0,0
BRDA:31,1,1,0
BRDA:37,2,0,0
BRDA:37,2,1,0
BRDA:42,3,0,0
BRDA:42,3,1,0
BRDA:46,4,0,0
BRDA:46,4,1,0
BRDA:54,5,0,0
BRDA:54,5,1,0
BRDA:73,6,0,0
BRDA:73,6,1,0
BRDA:73,7,0,0
BRDA:73,7,1,0
BRDA:73,7,2,0
BRDA:74,8,0,0
BRDA:74,8,1,0
BRDA:74,9,0,0
BRDA:74,9,1,0
BRDA:74,10,0,0
BRDA:74,10,1,0
BRF:22
BRH:0
end_of_record
TN:
SF:src\services\payment-poller.service.js
FN:30,(anonymous_0)
FN:44,(anonymous_1)
FN:58,(anonymous_2)
FN:75,(anonymous_3)
FN:85,(anonymous_4)
FN:98,(anonymous_5)
FN:100,(anonymous_6)
FN:101,(anonymous_7)
FN:102,(anonymous_8)
FN:103,(anonymous_9)
FN:104,(anonymous_10)
FN:105,(anonymous_11)
FN:121,(anonymous_12)
FN:137,(anonymous_13)
FN:158,(anonymous_14)
FN:190,(anonymous_15)
FN:204,(anonymous_16)
FN:217,(anonymous_17)
FN:313,(anonymous_18)
FN:326,(anonymous_19)
FN:368,(anonymous_20)
FN:400,(anonymous_21)
FN:440,(anonymous_22)
FN:453,(anonymous_23)
FN:513,(anonymous_24)
FN:564,(anonymous_25)
FN:578,(anonymous_26)
FNF:27
FNH:3
FNDA:1,(anonymous_0)
FNDA:1,(anonymous_1)
FNDA:1,(anonymous_2)
FNDA:0,(anonymous_3)
FNDA:0,(anonymous_4)
FNDA:0,(anonymous_5)
FNDA:0,(anonymous_6)
FNDA:0,(anonymous_7)
FNDA:0,(anonymous_8)
FNDA:0,(anonymous_9)
FNDA:0,(anonymous_10)
FNDA:0,(anonymous_11)
FNDA:0,(anonymous_12)
FNDA:0,(anonymous_13)
FNDA:0,(anonymous_14)
FNDA:0,(anonymous_15)
FNDA:0,(anonymous_16)
FNDA:0,(anonymous_17)
FNDA:0,(anonymous_18)
FNDA:0,(anonymous_19)
FNDA:0,(anonymous_20)
FNDA:0,(anonymous_21)
FNDA:0,(anonymous_22)
FNDA:0,(anonymous_23)
FNDA:0,(anonymous_24)
FNDA:0,(anonymous_25)
FNDA:0,(anonymous_26)
DA:1,1
DA:2,1
DA:3,1
DA:4,1
DA:5,1
DA:6,1
DA:7,1
DA:12,1
DA:31,1
DA:32,1
DA:33,1
DA:34,1
DA:35,1
DA:36,1
DA:37,1
DA:45,1
DA:59,1
DA:76,0
DA:77,0
DA:86,0
DA:87,0
DA:90,0
DA:91,0
DA:99,0
DA:100,0
DA:101,0
DA:102,0
DA:103,0
DA:104,0
DA:105,0
DA:108,0
DA:109,0
DA:110,0
DA:122,0
DA:123,0
DA:124,0
DA:127,0
DA:128,0
DA:129,0
DA:131,0
DA:137,0
DA:138,0
DA:141,0
DA:142,0
DA:144,0
DA:146,0
DA:150,0
DA:159,0
DA:160,0
DA:161,0
DA:164,0
DA:165,0
DA:171,0
DA:172,0
DA:173,0
DA:175,0
DA:176,0
DA:178,0
DA:182,0
DA:191,0
DA:205,0
DA:218,0
DA:219,0
DA:220,0
DA:226,0
DA:227,0
DA:229,0
DA:230,0
DA:235,0
DA:236,0
DA:239,0
DA:241,0
DA:242,0
DA:243,0
DA:244,0
DA:247,0
DA:252,0
DA:254,0
DA:255,0
DA:256,0
DA:257,0
DA:263,0
DA:268,0
DA:271,0
DA:272,0
DA:273,0
DA:275,0
DA:277,0
DA:286,0
DA:295,0
DA:297,0
DA:303,0
DA:305,0
DA:314,0
DA:315,0
DA:327,0
DA:329,0
DA:330,0
DA:332,0
DA:341,0
DA:349,0
DA:353,0
DA:355,0
DA:359,0
DA:369,0
DA:370,0
DA:375,0
DA:379,0
DA:383,0
DA:385,0
DA:392,0
DA:401,0
DA:403,0
DA:405,0
DA:406,0
DA:407,0
DA:409,0
DA:410,0
DA:412,0
DA:413,0
DA:415,0
DA:422,0
DA:429,0
DA:433,0
DA:441,0
DA:454,0
DA:456,0
DA:461,0
DA:462,0
DA:463,0
DA:466,0
DA:472,0
DA:478,0
DA:479,0
DA:480,0
DA:488,0
DA:494,0
DA:495,0
DA:514,0
DA:520,0
DA:525,0
DA:527,0
DA:528,0
DA:529,0
DA:530,0
DA:532,0
DA:535,0
DA:536,0
DA:544,0
DA:552,0
DA:557,0
DA:565,0
DA:579,0
DA:580,0
DA:581,0
DA:586,1
LF:156
LH:18
BRDA:61,0,0,1
BRDA:61,0,1,1
BRDA:65,1,0,1
BRDA:65,1,1,1
BRDA:76,2,0,0
BRDA:76,2,1,0
BRDA:76,3,0,0
BRDA:76,3,1,0
BRDA:86,4,0,0
BRDA:86,4,1,0
BRDA:98,5,0,0
BRDA:109,6,0,0
BRDA:109,6,1,0
BRDA:121,7,0,0
BRDA:122,8,0,0
BRDA:122,8,1,0
BRDA:159,9,0,0
BRDA:159,9,1,0
BRDA:218,10,0,0
BRDA:218,10,1,0
BRDA:241,11,0,0
BRDA:241,11,1,0
BRDA:254,12,0,0
BRDA:254,12,1,0
BRDA:409,13,0,0
BRDA:409,13,1,0
BRDA:409,14,0,0
BRDA:409,14,1,0
BRDA:412,15,0,0
BRDA:412,15,1,0
BRDA:440,16,0,0
BRDA:461,17,0,0
BRDA:461,17,1,0
BRDA:478,18,0,0
BRDA:478,18,1,0
BRF:35
BRH:4
end_of_record
TN:
SF:src\services\payment.service.js
FN:23,(anonymous_0)
FN:54,(anonymous_1)
FN:90,(anonymous_2)
FN:156,(anonymous_3)
FN:197,(anonymous_4)
FN:346,(anonymous_5)
FN:489,(anonymous_6)
FN:533,(anonymous_7)
FNF:8
FNH:3
FNDA:0,(anonymous_0)
FNDA:0,(anonymous_1)
FNDA:0,(anonymous_2)
FNDA:0,(anonymous_3)
FNDA:0,(anonymous_4)
FNDA:3,(anonymous_5)
FNDA:3,(anonymous_6)
FNDA:9,(anonymous_7)
DA:1,1
DA:2,1
DA:3,1
DA:4,1
DA:5,1
DA:6,1
DA:7,1
DA:24,0
DA:26,0
DA:27,0
DA:31,0
DA:34,0
DA:36,0
DA:37,0
DA:39,0
DA:40,0
DA:55,0
DA:56,0
DA:59,0
DA:60,0
DA:64,0
DA:67,0
DA:73,0
DA:75,0
DA:77,0
DA:78,0
DA:91,0
DA:93,0
DA:94,0
DA:95,0
DA:102,0
DA:103,0
DA:105,0
DA:106,0
DA:107,0
DA:113,0
DA:116,0
DA:117,0
DA:118,0
DA:132,0
DA:133,0
DA:139,0
DA:140,0
DA:157,0
DA:159,0
DA:160,0
DA:162,0
DA:163,0
DA:166,0
DA:169,0
DA:170,0
DA:174,0
DA:177,0
DA:179,0
DA:180,0
DA:183,0
DA:185,0
DA:186,0
DA:198,0
DA:200,0
DA:202,0
DA:203,0
DA:207,0
DA:208,0
DA:214,0
DA:218,0
DA:220,0
DA:221,0
DA:222,0
DA:224,0
DA:226,0
DA:250,0
DA:251,0
DA:253,0
DA:255,0
DA:256,0
DA:261,0
DA:264,0
DA:265,0
DA:269,0
DA:278,0
DA:281,0
DA:282,0
DA:283,0
DA:286,0
DA:287,0
DA:293,0
DA:295,0
DA:298,0
DA:300,0
DA:322,0
DA:323,0
DA:347,3
DA:348,3
DA:350,3
DA:351,3
DA:359,3
DA:361,3
DA:362,0
DA:366,3
DA:367,0
DA:373,0
DA:375,0
DA:389,3
DA:390,0
DA:393,3
DA:394,0
DA:401,3
DA:402,3
DA:405,3
DA:414,3
DA:419,3
DA:420,3
DA:423,3
DA:424,3
DA:428,3
DA:429,3
DA:430,3
DA:434,3
DA:437,3
DA:439,3
DA:449,3
DA:465,0
DA:467,0
DA:474,0
DA:476,3
DA:490,3
DA:491,3
DA:492,3
DA:494,3
DA:502,3
DA:510,0
DA:516,0
DA:534,9
DA:535,9
DA:542,9
DA:544,9
DA:545,1
DA:549,8
DA:550,2
DA:553,6
DA:554,1
DA:558,5
DA:559,5
DA:562,5
DA:563,5
DA:565,1
DA:569,1
DA:573,4
DA:574,1
DA:577,3
DA:580,3
DA:591,3
DA:597,3
DA:598,0
DA:608,3
DA:625,3
DA:633,3
DA:653,6
DA:661,6
DA:666,1
LF:161
LH:64
BRDA:26,0,0,0
BRDA:26,0,1,0
BRDA:26,1,0,0
BRDA:26,1,1,0
BRDA:26,1,2,0
BRDA:59,2,0,0
BRDA:59,2,1,0
BRDA:59,3,0,0
BRDA:59,3,1,0
BRDA:59,3,2,0
BRDA:93,4,0,0
BRDA:93,4,1,0
BRDA:93,5,0,0
BRDA:93,5,1,0
BRDA:93,5,2,0
BRDA:105,6,0,0
BRDA:105,6,1,0
BRDA:116,7,0,0
BRDA:116,7,1,0
BRDA:162,8,0,0
BRDA:162,8,1,0
BRDA:169,9,0,0
BRDA:169,9,1,0
BRDA:179,10,0,0
BRDA:179,10,1,0
BRDA:202,11,0,0
BRDA:202,11,1,0
BRDA:207,12,0,0
BRDA:207,12,1,0
BRDA:214,13,0,0
BRDA:214,13,1,0
BRDA:214,13,2,0
BRDA:218,14,0,0
BRDA:218,14,1,0
BRDA:218,15,0,0
BRDA:218,15,1,0
BRDA:253,16,0,0
BRDA:253,16,1,0
BRDA:281,17,0,0
BRDA:281,17,1,0
BRDA:288,18,0,0
BRDA:288,18,1,0
BRDA:295,19,0,0
BRDA:295,19,1,0
BRDA:302,20,0,0
BRDA:302,20,1,0
BRDA:303,21,0,0
BRDA:303,21,1,0
BRDA:346,22,0,0
BRDA:346,23,0,0
BRDA:361,24,0,0
BRDA:361,24,1,3
BRDA:366,25,0,0
BRDA:366,25,1,3
BRDA:389,26,0,0
BRDA:389,26,1,3
BRDA:393,27,0,0
BRDA:393,27,1,3
BRDA:407,28,0,3
BRDA:407,28,1,0
BRDA:409,29,0,3
BRDA:409,29,1,0
BRDA:410,30,0,3
BRDA:410,30,1,0
BRDA:419,31,0,3
BRDA:419,31,1,0
BRDA:419,32,0,3
BRDA:419,32,1,3
BRDA:423,33,0,3
BRDA:423,33,1,0
BRDA:428,34,0,3
BRDA:428,34,1,0
BRDA:489,35,0,0
BRDA:492,36,0,3
BRDA:492,36,1,3
BRDA:533,37,0,0
BRDA:544,38,0,1
BRDA:544,38,1,8
BRDA:549,39,0,2
BRDA:549,39,1,6
BRDA:553,40,0,1
BRDA:553,40,1,5
BRDA:573,41,0,1
BRDA:573,41,1,3
BRDA:573,42,0,4
BRDA:573,42,1,4
BRDA:582,43,0,3
BRDA:582,43,1,0
BRDA:583,44,0,3
BRDA:583,44,1,0
BRDA:583,44,2,0
BRDA:585,45,0,3
BRDA:585,45,1,0
BRDA:586,46,0,3
BRDA:586,46,1,0
BRDA:587,47,0,3
BRDA:587,47,1,0
BRDA:597,48,0,0
BRDA:597,48,1,3
BRDA:621,49,0,3
BRDA:621,49,1,0
BRDA:648,50,0,3
BRDA:648,50,1,0
BRF:103
BRH:32
end_of_record
TN:
SF:src\services\sepay.client.js
FN:19,(anonymous_0)
FN:51,(anonymous_1)
FN:94,(anonymous_2)
FN:95,(anonymous_3)
FN:104,(anonymous_4)
FN:135,(anonymous_5)
FN:148,(anonymous_6)
FN:165,(anonymous_7)
FN:192,(anonymous_8)
FN:201,(anonymous_9)
FN:221,(anonymous_10)
FN:255,(anonymous_11)
FN:265,(anonymous_12)
FN:278,(anonymous_13)
FNF:14
FNH:1
FNDA:1,(anonymous_0)
FNDA:0,(anonymous_1)
FNDA:0,(anonymous_2)
FNDA:0,(anonymous_3)
FNDA:0,(anonymous_4)
FNDA:0,(anonymous_5)
FNDA:0,(anonymous_6)
FNDA:0,(anonymous_7)
FNDA:0,(anonymous_8)
FNDA:0,(anonymous_9)
FNDA:0,(anonymous_10)
FNDA:0,(anonymous_11)
FNDA:0,(anonymous_12)
FNDA:0,(anonymous_13)
DA:1,1
DA:2,1
DA:3,1
DA:6,1
DA:7,1
DA:8,1
DA:9,1
DA:10,1
DA:11,1
DA:12,1
DA:20,1
DA:21,1
DA:22,1
DA:24,1
DA:25,1
DA:29,1
DA:35,1
DA:54,0
DA:55,0
DA:56,0
DA:58,0
DA:61,0
DA:62,0
DA:66,0
DA:70,0
DA:71,0
DA:76,0
DA:77,0
DA:83,0
DA:86,0
DA:95,0
DA:105,0
DA:106,0
DA:107,0
DA:109,0
DA:111,0
DA:112,0
DA:113,0
DA:114,0
DA:116,0
DA:117,0
DA:118,0
DA:121,0
DA:122,0
DA:123,0
DA:126,0
DA:137,0
DA:149,0
DA:151,0
DA:152,0
DA:155,0
DA:156,0
DA:159,0
DA:165,0
DA:166,0
DA:174,0
DA:175,0
DA:178,0
DA:182,0
DA:193,0
DA:194,0
DA:197,0
DA:201,0
DA:202,0
DA:204,0
DA:205,0
DA:208,0
DA:212,0
DA:222,0
DA:224,0
DA:226,0
DA:227,0
DA:229,0
DA:230,0
DA:232,0
DA:234,0
DA:235,0
DA:237,0
DA:241,0
DA:242,0
DA:246,0
DA:257,0
DA:266,0
DA:267,0
DA:269,0
DA:279,0
DA:280,0
DA:283,0
DA:284,0
DA:286,0
DA:287,0
DA:289,0
DA:294,1
DA:295,1
LF:94
LH:19
BRDA:19,0,0,1
BRDA:20,1,0,1
BRDA:20,1,1,1
BRDA:20,1,2,1
BRDA:21,2,0,1
BRDA:21,2,1,1
BRDA:22,3,0,1
BRDA:22,3,1,1
BRDA:24,4,0,1
BRDA:24,4,1,0
BRDA:30,5,0,1
BRDA:30,5,1,1
BRDA:31,6,0,1
BRDA:31,6,1,1
BRDA:37,7,0,1
BRDA:37,7,1,1
BRDA:61,8,0,0
BRDA:61,8,1,0
BRDA:61,9,0,0
BRDA:61,9,1,0
BRDA:61,9,2,0
BRDA:76,10,0,0
BRDA:76,10,1,0
BRDA:109,11,0,0
BRDA:109,11,1,0
BRDA:114,12,0,0
BRDA:114,12,1,0
BRDA:148,13,0,0
BRDA:149,14,0,0
BRDA:149,14,1,0
BRDA:151,15,0,0
BRDA:151,15,1,0
BRDA:155,16,0,0
BRDA:155,16,1,0
BRDA:155,17,0,0
BRDA:155,17,1,0
BRDA:174,18,0,0
BRDA:174,18,1,0
BRDA:179,19,0,0
BRDA:179,19,1,0
BRDA:182,20,0,0
BRDA:182,20,1,0
BRDA:193,21,0,0
BRDA:193,21,1,0
BRDA:193,22,0,0
BRDA:193,22,1,0
BRDA:193,22,2,0
BRDA:204,23,0,0
BRDA:204,23,1,0
BRDA:241,24,0,0
BRDA:241,24,1,0
BRDA:241,25,0,0
BRDA:241,25,1,0
BRDA:266,26,0,0
BRDA:266,26,1,0
BRDA:266,27,0,0
BRDA:266,27,1,0
BRDA:278,28,0,0
BRDA:279,29,0,0
BRDA:279,29,1,0
BRDA:279,30,0,0
BRDA:279,30,1,0
BRF:62
BRH:15
end_of_record
TN:
SF:src\services\transaction-matcher.service.js
FN:10,(anonymous_0)
FN:25,(anonymous_1)
FN:75,(anonymous_2)
FN:102,(anonymous_3)
FN:177,(anonymous_4)
FN:252,(anonymous_5)
FN:428,(anonymous_6)
FNF:7
FNH:1
FNDA:1,(anonymous_0)
FNDA:0,(anonymous_1)
FNDA:0,(anonymous_2)
FNDA:0,(anonymous_3)
FNDA:0,(anonymous_4)
FNDA:0,(anonymous_5)
FNDA:0,(anonymous_6)
DA:1,1
DA:2,1
DA:3,1
DA:12,1
DA:15,1
DA:26,0
DA:27,0
DA:28,0
DA:34,0
DA:35,0
DA:37,0
DA:38,0
DA:41,0
DA:44,0
DA:46,0
DA:52,0
DA:58,0
DA:62,0
DA:76,0
DA:77,0
DA:84,0
DA:89,0
DA:103,0
DA:104,0
DA:107,0
DA:111,0
DA:115,0
DA:116,0
DA:123,0
DA:124,0
DA:128,0
DA:130,0
DA:131,0
DA:132,0
DA:133,0
DA:135,0
DA:138,0
DA:141,0
DA:150,0
DA:156,0
DA:161,0
DA:178,0
DA:179,0
DA:182,0
DA:186,0
DA:190,0
DA:191,0
DA:199,0
DA:200,0
DA:204,0
DA:206,0
DA:207,0
DA:208,0
DA:209,0
DA:211,0
DA:214,0
DA:217,0
DA:226,0
DA:232,0
DA:237,0
DA:253,0
DA:254,0
DA:260,0
DA:274,0
DA:276,0
DA:277,0
DA:278,0
DA:279,0
DA:282,0
DA:285,0
DA:286,0
DA:289,0
DA:291,0
DA:292,0
DA:293,0
DA:297,0
DA:300,0
DA:303,0
DA:304,0
DA:305,0
DA:310,0
DA:314,0
DA:315,0
DA:316,0
DA:317,0
DA:321,0
DA:324,0
DA:325,0
DA:332,0
DA:333,0
DA:337,0
DA:338,0
DA:339,0
DA:344,0
DA:348,0
DA:353,0
DA:355,0
DA:356,0
DA:357,0
DA:364,0
DA:368,0
DA:373,0
DA:375,0
DA:376,0
DA:377,0
DA:384,0
DA:388,0
DA:389,0
DA:391,0
DA:398,0
DA:400,0
DA:406,0
DA:429,0
DA:430,0
DA:434,0
DA:435,0
DA:437,0
DA:438,0
DA:439,0
DA:441,0
DA:442,0
DA:444,0
DA:447,0
DA:451,0
DA:459,0
DA:465,0
DA:470,0
DA:474,0
DA:480,1
LF:129
LH:6
BRDA:12,0,0,1
BRDA:12,0,1,1
BRDA:15,1,0,1
BRDA:15,1,1,1
BRDA:27,2,0,0
BRDA:27,2,1,0
BRDA:27,3,0,0
BRDA:27,3,1,0
BRDA:37,4,0,0
BRDA:37,4,1,0
BRDA:102,5,0,0
BRDA:104,6,0,0
BRDA:104,6,1,0
BRDA:107,7,0,0
BRDA:107,7,1,0
BRDA:111,8,0,0
BRDA:111,8,1,0
BRDA:115,9,0,0
BRDA:115,9,1,0
BRDA:115,10,0,0
BRDA:115,10,1,0
BRDA:128,11,0,0
BRDA:128,11,1,0
BRDA:131,12,0,0
BRDA:131,12,1,0
BRDA:132,13,0,0
BRDA:132,13,1,0
BRDA:177,14,0,0
BRDA:179,15,0,0
BRDA:179,15,1,0
BRDA:182,16,0,0
BRDA:182,16,1,0
BRDA:186,17,0,0
BRDA:186,17,1,0
BRDA:190,18,0,0
BRDA:190,18,1,0
BRDA:190,19,0,0
BRDA:190,19,1,0
BRDA:204,20,0,0
BRDA:204,20,1,0
BRDA:207,21,0,0
BRDA:207,21,1,0
BRDA:208,22,0,0
BRDA:208,22,1,0
BRDA:276,23,0,0
BRDA:276,23,1,0
BRDA:291,24,0,0
BRDA:291,24,1,0
BRDA:303,25,0,0
BRDA:303,25,1,0
BRDA:314,26,0,0
BRDA:314,26,1,0
BRDA:314,27,0,0
BRDA:314,27,1,0
BRDA:333,28,0,0
BRDA:333,28,1,0
BRDA:337,29,0,0
BRDA:337,29,1,0
BRDA:355,30,0,0
BRDA:355,30,1,0
BRDA:375,31,0,0
BRDA:375,31,1,0
BRDA:441,32,0,0
BRDA:441,32,1,0
BRF:64
BRH:4
end_of_record
TN:
SF:src\services\vietqr.service.js
FN:9,(anonymous_0)
FN:24,(anonymous_1)
FN:57,(anonymous_2)
FN:118,(anonymous_3)
FN:146,(anonymous_4)
FN:180,(anonymous_5)
FN:195,(anonymous_6)
FNF:7
FNH:1
FNDA:1,(anonymous_0)
FNDA:0,(anonymous_1)
FNDA:0,(anonymous_2)
FNDA:0,(anonymous_3)
FNDA:0,(anonymous_4)
FNDA:0,(anonymous_5)
FNDA:0,(anonymous_6)
DA:1,1
DA:2,1
DA:10,1
DA:25,0
DA:27,0
DA:30,0
DA:31,0
DA:35,0
DA:36,0
DA:38,0
DA:39,0
DA:41,0
DA:42,0
DA:58,0
DA:61,0
DA:62,0
DA:64,0
DA:65,0
DA:69,0
DA:70,0
DA:72,0
DA:73,0
DA:77,0
DA:78,0
DA:80,0
DA:81,0
DA:83,0
DA:84,0
DA:88,0
DA:89,0
DA:91,0
DA:92,0
DA:96,0
DA:97,0
DA:99,0
DA:100,0
DA:103,0
DA:119,0
DA:122,0
DA:125,0
DA:128,0
DA:135,0
DA:136,0
DA:147,0
DA:149,0
DA:152,0
DA:167,0
DA:181,0
DA:183,0
DA:184,0
DA:185,0
DA:186,0
DA:188,0
DA:189,0
DA:192,0
DA:193,0
DA:194,0
DA:195,0
DA:201,0
DA:203,0
DA:204,0
DA:205,0
DA:209,0
DA:214,1
DA:217,1
LF:65
LH:5
BRDA:61,0,0,0
BRDA:61,0,1,0
BRDA:61,1,0,0
BRDA:61,1,1,0
BRDA:64,2,0,0
BRDA:64,2,1,0
BRDA:69,3,0,0
BRDA:69,3,1,0
BRDA:69,4,0,0
BRDA:69,4,1,0
BRDA:72,5,0,0
BRDA:72,5,1,0
BRDA:77,6,0,0
BRDA:77,6,1,0
BRDA:77,7,0,0
BRDA:77,7,1,0
BRDA:80,8,0,0
BRDA:80,8,1,0
BRDA:83,9,0,0
BRDA:83,9,1,0
BRDA:88,10,0,0
BRDA:88,10,1,0
BRDA:88,11,0,0
BRDA:88,11,1,0
BRDA:91,12,0,0
BRDA:91,12,1,0
BRDA:96,13,0,0
BRDA:96,13,1,0
BRDA:96,14,0,0
BRDA:96,14,1,0
BRDA:99,15,0,0
BRDA:99,15,1,0
BRDA:180,16,0,0
BRDA:180,17,0,0
BRDA:192,18,0,0
BRDA:192,18,1,0
BRDA:203,19,0,0
BRDA:203,19,1,0
BRF:38
BRH:0
end_of_record
TN:
SF:src\services\webhook.handler.js
FN:45,(anonymous_0)
FN:103,(anonymous_1)
FN:132,(anonymous_2)
FN:142,(anonymous_3)
FN:166,(anonymous_4)
FN:176,(anonymous_5)
FN:192,(anonymous_6)
FN:208,(anonymous_7)
FN:247,(anonymous_8)
FN:259,(anonymous_9)
FN:271,(anonymous_10)
FN:301,(anonymous_11)
FN:349,(anonymous_12)
FN:363,(anonymous_13)
FN:400,(anonymous_14)
FN:446,(anonymous_15)
FN:478,(anonymous_16)
FN:501,(anonymous_17)
FN:529,(anonymous_18)
FN:580,(anonymous_19)
FN:631,(anonymous_20)
FNF:21
FNH:0
FNDA:0,(anonymous_0)
FNDA:0,(anonymous_1)
FNDA:0,(anonymous_2)
FNDA:0,(anonymous_3)
FNDA:0,(anonymous_4)
FNDA:0,(anonymous_5)
FNDA:0,(anonymous_6)
FNDA:0,(anonymous_7)
FNDA:0,(anonymous_8)
FNDA:0,(anonymous_9)
FNDA:0,(anonymous_10)
FNDA:0,(anonymous_11)
FNDA:0,(anonymous_12)
FNDA:0,(anonymous_13)
FNDA:0,(anonymous_14)
FNDA:0,(anonymous_15)
FNDA:0,(anonymous_16)
FNDA:0,(anonymous_17)
FNDA:0,(anonymous_18)
FNDA:0,(anonymous_19)
FNDA:0,(anonymous_20)
DA:1,1
DA:2,1
DA:3,1
DA:4,1
DA:5,1
DA:6,1
DA:7,1
DA:12,1
DA:25,1
DA:46,0
DA:47,0
DA:48,0
DA:53,0
DA:57,0
DA:58,0
DA:59,0
DA:63,0
DA:67,0
DA:72,0
DA:78,0
DA:80,0
DA:81,0
DA:87,0
DA:89,0
DA:93,0
DA:104,0
DA:106,0
DA:107,0
DA:111,0
DA:112,0
DA:115,0
DA:118,0
DA:120,0
DA:124,0
DA:133,0
DA:134,0
DA:143,0
DA:144,0
DA:145,0
DA:148,0
DA:149,0
DA:150,0
DA:153,0
DA:157,0
DA:158,0
DA:167,0
DA:168,0
DA:177,0
DA:178,0
DA:179,0
DA:182,0
DA:183,0
DA:184,0
DA:193,0
DA:194,0
DA:197,0
DA:198,0
DA:209,0
DA:211,0
DA:212,0
DA:213,0
DA:214,0
DA:217,0
DA:218,0
DA:219,0
DA:220,0
DA:221,0
DA:223,0
DA:225,0
DA:226,0
DA:232,0
DA:234,0
DA:238,0
DA:239,0
DA:248,0
DA:260,0
DA:272,0
DA:273,0
DA:275,0
DA:276,0
DA:284,0
DA:285,0
DA:293,0
DA:302,0
DA:304,0
DA:311,0
DA:312,0
DA:322,0
DA:323,0
DA:334,0
DA:337,0
DA:341,0
DA:350,0
DA:364,0
DA:365,0
DA:366,0
DA:367,0
DA:377,0
DA:378,0
DA:380,0
DA:381,0
DA:382,0
DA:392,0
DA:393,0
DA:401,0
DA:402,0
DA:403,0
DA:404,0
DA:414,0
DA:415,0
DA:417,0
DA:418,0
DA:422,0
DA:433,0
DA:439,0
DA:447,0
DA:448,0
DA:449,0
DA:450,0
DA:457,0
DA:458,0
DA:465,0
DA:467,0
DA:468,0
DA:470,0
DA:479,0
DA:481,0
DA:487,0
DA:502,0
DA:504,0
DA:510,0
DA:530,0
DA:531,0
DA:533,0
DA:534,0
DA:537,0
DA:538,0
DA:539,0
DA:543,0
DA:544,0
DA:545,0
DA:548,0
DA:549,0
DA:552,0
DA:555,0
DA:556,0
DA:563,0
DA:581,0
DA:583,0
DA:584,0
DA:592,0
DA:601,0
DA:611,0
DA:614,0
DA:620,0
DA:632,0
DA:633,0
DA:638,0
DA:654,0
DA:656,0
DA:665,0
DA:668,0
DA:669,0
DA:672,0
DA:675,0
DA:680,0
DA:686,1
LF:167
LH:10
BRDA:47,0,0,0
BRDA:47,0,1,0
BRDA:47,1,0,0
BRDA:47,1,1,0
BRDA:47,1,2,0
BRDA:58,2,0,0
BRDA:58,2,1,0
BRDA:67,3,0,0
BRDA:67,3,1,0
BRDA:80,4,0,0
BRDA:80,4,1,0
BRDA:106,5,0,0
BRDA:106,5,1,0
BRDA:106,6,0,0
BRDA:106,6,1,0
BRDA:111,7,0,0
BRDA:111,7,1,0
BRDA:122,8,0,0
BRDA:122,8,1,0
BRDA:133,9,0,0
BRDA:133,9,1,0
BRDA:133,10,0,0
BRDA:133,10,1,0
BRDA:143,11,0,0
BRDA:143,11,1,0
BRDA:143,12,0,0
BRDA:143,12,1,0
BRDA:148,13,0,0
BRDA:148,13,1,0
BRDA:148,14,0,0
BRDA:148,14,1,0
BRDA:153,15,0,0
BRDA:153,15,1,0
BRDA:157,16,0,0
BRDA:157,16,1,0
BRDA:157,17,0,0
BRDA:157,17,1,0
BRDA:167,18,0,0
BRDA:167,18,1,0
BRDA:167,19,0,0
BRDA:167,19,1,0
BRDA:177,20,0,0
BRDA:177,20,1,0
BRDA:183,21,0,0
BRDA:183,21,1,0
BRDA:193,22,0,0
BRDA:193,22,1,0
BRDA:193,23,0,0
BRDA:193,23,1,0
BRDA:197,24,0,0
BRDA:197,24,1,0
BRDA:197,25,0,0
BRDA:197,25,1,0
BRDA:212,26,0,0
BRDA:212,26,1,0
BRDA:225,27,0,0
BRDA:225,27,1,0
BRDA:247,28,0,0
BRDA:259,29,0,0
BRDA:275,30,0,0
BRDA:275,30,1,0
BRDA:284,31,0,0
BRDA:284,31,1,0
BRDA:311,32,0,0
BRDA:311,32,1,0
BRDA:322,33,0,0
BRDA:322,33,1,0
BRDA:354,34,0,0
BRDA:354,34,1,0
BRDA:365,35,0,0
BRDA:365,35,1,0
BRDA:378,36,0,0
BRDA:378,36,1,0
BRDA:380,37,0,0
BRDA:380,37,1,0
BRDA:402,38,0,0
BRDA:402,38,1,0
BRDA:414,39,0,0
BRDA:414,39,1,0
BRDA:417,40,0,0
BRDA:417,40,1,0
BRDA:448,41,0,0
BRDA:448,41,1,0
BRDA:467,42,0,0
BRDA:467,42,1,0
BRDA:538,43,0,0
BRDA:538,43,1,0
BRDA:544,44,0,0
BRDA:544,44,1,0
BRDA:643,45,0,0
BRDA:643,45,1,0
BRDA:644,46,0,0
BRDA:644,46,1,0
BRDA:645,47,0,0
BRDA:645,47,1,0
BRDA:668,48,0,0
BRDA:668,48,1,0
BRF:97
BRH:0
end_of_record
TN:
SF:src\utils\apiError.js
FN:3,(anonymous_0)
FN:18,(anonymous_1)
FN:24,(anonymous_2)
FN:30,(anonymous_3)
FN:36,(anonymous_4)
FN:42,(anonymous_5)
FN:48,(anonymous_6)
FN:54,(anonymous_7)
FNF:8
FNH:5
FNDA:10,(anonymous_0)
FNDA:0,(anonymous_1)
FNDA:1,(anonymous_2)
FNDA:1,(anonymous_3)
FNDA:1,(anonymous_4)
FNDA:0,(anonymous_5)
FNDA:7,(anonymous_6)
FNDA:0,(anonymous_7)
DA:4,10
DA:5,10
DA:6,10
DA:7,10
DA:9,10
DA:10,0
DA:12,10
DA:19,0
DA:25,1
DA:31,1
DA:37,1
DA:43,0
DA:49,7
DA:55,0
DA:59,1
LF:15
LH:11
BRDA:3,0,0,10
BRDA:3,1,0,10
BRDA:3,2,0,10
BRDA:9,3,0,0
BRDA:9,3,1,10
BRDA:18,4,0,0
BRDA:24,5,0,0
BRDA:30,6,0,0
BRDA:36,7,0,0
BRDA:42,8,0,0
BRDA:48,9,0,0
BRDA:54,10,0,0
BRF:12
BRH:4
end_of_record
TN:
SF:src\utils\apiResponse.js
FN:2,(anonymous_0)
FN:12,(anonymous_1)
FN:16,(anonymous_2)
FN:29,(anonymous_3)
FN:33,(anonymous_4)
FNF:5
FNH:2
FNDA:3,(anonymous_0)
FNDA:3,(anonymous_1)
FNDA:0,(anonymous_2)
FNDA:0,(anonymous_3)
FNDA:0,(anonymous_4)
DA:3,3
DA:4,3
DA:5,3
DA:6,3
DA:13,3
DA:17,0
DA:30,0
DA:34,0
DA:38,1
LF:9
LH:6
BRDA:2,0,0,0
BRDA:2,1,0,0
BRDA:12,2,0,0
BRDA:12,3,0,3
BRDA:12,4,0,3
BRDA:16,5,0,0
BRDA:16,6,0,0
BRDA:16,7,0,0
BRDA:21,8,0,0
BRDA:21,8,1,0
BRDA:29,9,0,0
BRF:11
BRH:2
end_of_record
TN:
SF:src\utils\catchAsync.js
FN:6,(anonymous_0)
FN:6,(anonymous_1)
FNF:2
FNH:2
FNDA:58,(anonymous_0)
FNDA:23,(anonymous_1)
DA:6,58
DA:7,23
DA:10,1
LF:3
LH:3
BRF:0
BRH:0
end_of_record
TN:
SF:src\utils\cloudinary.util.js
FN:12,(anonymous_0)
FN:12,(anonymous_1)
FN:27,(anonymous_2)
FN:51,(anonymous_3)
FN:68,(anonymous_4)
FN:70,(anonymous_5)
FN:83,(anonymous_6)
FN:85,(anonymous_7)
FNF:8
FNH:0
FNDA:0,(anonymous_0)
FNDA:0,(anonymous_1)
FNDA:0,(anonymous_2)
FNDA:0,(anonymous_3)
FNDA:0,(anonymous_4)
FNDA:0,(anonymous_5)
FNDA:0,(anonymous_6)
FNDA:0,(anonymous_7)
DA:1,1
DA:2,1
DA:3,1
DA:12,1
DA:13,0
DA:23,0
DA:24,0
DA:27,0
DA:28,0
DA:29,0
DA:30,0
DA:32,0
DA:42,0
DA:43,0
DA:51,1
DA:52,0
DA:53,0
DA:54,0
DA:55,0
DA:57,0
DA:58,0
DA:68,1
DA:69,0
DA:70,0
DA:71,0
DA:73,0
DA:74,0
DA:83,1
DA:84,0
DA:85,0
DA:86,0
DA:88,0
DA:89,0
DA:93,1
LF:34
LH:8
BRDA:12,0,0,0
BRDA:12,1,0,0
BRDA:23,2,0,0
BRDA:23,2,1,0
BRDA:28,3,0,0
BRDA:28,3,1,0
BRDA:68,4,0,0
BRF:7
BRH:0
end_of_record
TN:
SF:src\utils\image.util.js
FN:10,(anonymous_0)
FN:44,(anonymous_1)
FN:54,(anonymous_2)
FNF:3
FNH:0
FNDA:0,(anonymous_0)
FNDA:0,(anonymous_1)
FNDA:0,(anonymous_2)
DA:1,1
DA:2,1
DA:10,1
DA:16,0
DA:18,0
DA:19,0
DA:27,0
DA:28,0
DA:29,0
DA:31,0
DA:33,0
DA:34,0
DA:44,1
DA:45,0
DA:54,1
DA:55,0
DA:56,0
DA:59,1
LF:18
LH:6
BRDA:10,0,0,0
BRDA:12,1,0,0
BRDA:13,2,0,0
BRDA:14,3,0,0
BRDA:15,4,0,0
BRDA:44,5,0,0
BRDA:54,6,0,0
BRF:7
BRH:0
end_of_record
TN:
SF:src\utils\jwt.util.js
FN:8,(anonymous_0)
FN:17,(anonymous_1)
FN:26,(anonymous_2)
FN:33,(anonymous_3)
FN:40,(anonymous_4)
FNF:5
FNH:4
FNDA:24,(anonymous_0)
FNDA:24,(anonymous_1)
FNDA:12,(anonymous_2)
FNDA:0,(anonymous_3)
FNDA:24,(anonymous_4)
DA:1,1
DA:8,24
DA:17,24
DA:26,12
DA:33,1
DA:40,24
DA:45,1
LF:7
LH:7
BRDA:9,0,0,24
BRDA:9,0,1,0
BRDA:18,1,0,24
BRDA:18,1,1,0
BRF:4
BRH:2
end_of_record
TN:
SF:src\utils\logger.js
FNF:0
FNH:0
DA:1,2
DA:3,2
DA:21,2
DA:22,2
DA:32,2
LF:5
LH:5
BRDA:4,0,0,0
BRDA:4,0,1,2
BRDA:21,1,0,2
BRDA:21,1,1,0
BRF:4
BRH:2
end_of_record
TN:
SF:src\utils\ownership.util.js
FN:7,(anonymous_0)
FN:22,(anonymous_1)
FN:32,(anonymous_2)
FNF:3
FNH:0
FNDA:0,(anonymous_0)
FNDA:0,(anonymous_1)
FNDA:0,(anonymous_2)
DA:1,1
DA:2,1
DA:7,1
DA:9,0
DA:10,0
DA:13,0
DA:14,0
DA:16,0
DA:22,1
DA:32,1
DA:39,1
LF:11
LH:6
BRDA:7,0,0,0
BRDA:9,1,0,0
BRDA:9,1,1,0
BRDA:13,2,0,0
BRDA:13,2,1,0
BRF:5
BRH:0
end_of_record
TN:
SF:src\utils\pagination.util.js
FN:8,(anonymous_0)
FN:28,(anonymous_1)
FN:46,(anonymous_2)
FN:59,(anonymous_3)
FN:74,(anonymous_4)
FNF:5
FNH:0
FNDA:0,(anonymous_0)
FNDA:0,(anonymous_1)
FNDA:0,(anonymous_2)
FNDA:0,(anonymous_3)
FNDA:0,(anonymous_4)
DA:8,1
DA:9,0
DA:10,0
DA:13,0
DA:14,0
DA:16,0
DA:18,0
DA:28,1
DA:29,0
DA:31,0
DA:46,1
DA:47,0
DA:48,0
DA:49,0
DA:51,0
DA:53,0
DA:59,1
DA:62,0
DA:64,0
DA:65,0
DA:67,0
DA:72,0
DA:73,0
DA:74,0
DA:75,0
DA:78,0
DA:82,0
DA:83,0
DA:86,0
DA:91,0
DA:97,1
LF:31
LH:5
BRDA:8,0,0,0
BRDA:9,1,0,0
BRDA:9,1,1,0
BRDA:9,1,2,0
BRDA:10,2,0,0
BRDA:10,2,1,0
BRDA:10,2,2,0
BRDA:13,3,0,0
BRDA:13,3,1,0
BRDA:46,4,0,0
BRDA:48,5,0,0
BRDA:48,5,1,0
BRDA:59,6,0,0
BRDA:61,7,0,0
BRDA:61,8,0,0
BRDA:61,9,0,0
BRDA:65,10,0,0
BRDA:65,10,1,0
BRDA:72,11,0,0
BRDA:72,11,1,0
BRDA:73,12,0,0
BRDA:73,12,1,0
BRDA:82,13,0,0
BRDA:82,13,1,0
BRF:24
BRH:0
end_of_record
TN:
SF:src\utils\regex.util.js
FN:9,(anonymous_0)
FN:17,(anonymous_1)
FNF:2
FNH:0
FNDA:0,(anonymous_0)
FNDA:0,(anonymous_1)
DA:9,1
DA:10,0
DA:11,0
DA:17,1
DA:18,0
DA:19,0
DA:22,1
LF:7
LH:3
BRDA:10,0,0,0
BRDA:10,0,1,0
BRDA:10,1,0,0
BRDA:10,1,1,0
BRDA:17,2,0,0
BRF:5
BRH:0
end_of_record
TN:
SF:src\utils\resource.util.js
FN:11,(anonymous_0)
FN:20,(anonymous_1)
FN:45,(anonymous_2)
FN:54,(anonymous_3)
FNF:4
FNH:0
FNDA:0,(anonymous_0)
FNDA:0,(anonymous_1)
FNDA:0,(anonymous_2)
FNDA:0,(anonymous_3)
DA:1,1
DA:11,1
DA:12,0
DA:14,0
DA:15,0
DA:18,0
DA:19,0
DA:20,0
DA:21,0
DA:24,0
DA:28,0
DA:30,0
DA:31,0
DA:34,0
DA:45,1
DA:46,0
DA:48,0
DA:49,0
DA:52,0
DA:53,0
DA:54,0
DA:55,0
DA:58,0
DA:62,0
DA:64,0
DA:65,0
DA:68,0
DA:71,1
LF:28
LH:4
BRDA:11,0,0,0
BRDA:11,1,0,0
BRDA:14,2,0,0
BRDA:14,2,1,0
BRDA:18,3,0,0
BRDA:18,3,1,0
BRDA:19,4,0,0
BRDA:19,4,1,0
BRDA:30,5,0,0
BRDA:30,5,1,0
BRDA:45,6,0,0
BRDA:45,7,0,0
BRDA:48,8,0,0
BRDA:48,8,1,0
BRDA:52,9,0,0
BRDA:52,9,1,0
BRDA:53,10,0,0
BRDA:53,10,1,0
BRDA:64,11,0,0
BRDA:64,11,1,0
BRF:20
BRH:0
end_of_record
